TN:
SF:/usr/include/c++/5/bits/stl_algobase.h
FN:219,_ZSt3maxImERKT_S2_S2_
FN:282,_ZSt12__niter_baseIP13tMaterialInfoENSt11_Niter_baseIT_E13iterator_typeES3_
FN:282,_ZSt12__niter_baseIP9t3DObjectENSt11_Niter_baseIT_E13iterator_typeES3_
FN:293,_ZSt12__miter_baseIP13tMaterialInfoENSt11_Miter_baseIT_E13iterator_typeES3_
FN:293,_ZSt12__miter_baseIP9t3DObjectENSt11_Miter_baseIT_E13iterator_typeES3_
FN:373,_ZNSt11__copy_moveILb0ELb1ESt26random_access_iterator_tagE8__copy_mI9t3DObjectEEPT_PKS4_S7_S5_
FN:373,_ZNSt11__copy_moveILb0ELb1ESt26random_access_iterator_tagE8__copy_mI13tMaterialInfoEEPT_PKS4_S7_S5_
FN:391,_ZSt13__copy_move_aILb0EP9t3DObjectS1_ET1_T0_S3_S2_
FN:391,_ZSt13__copy_move_aILb0EP13tMaterialInfoS1_ET1_T0_S3_S2_
FN:436,_ZSt14__copy_move_a2ILb0EP13tMaterialInfoS1_ET1_T0_S3_S2_
FN:436,_ZSt14__copy_move_a2ILb0EP9t3DObjectS1_ET1_T0_S3_S2_
FN:462,_ZSt4copyIP9t3DObjectS1_ET0_T_S3_S2_
FN:462,_ZSt4copyIP13tMaterialInfoS1_ET0_T_S3_S2_
FN:575,_ZNSt20__copy_move_backwardILb0ELb1ESt26random_access_iterator_tagE13__copy_move_bI13tMaterialInfoEEPT_PKS4_S7_S5_
FN:575,_ZNSt20__copy_move_backwardILb0ELb1ESt26random_access_iterator_tagE13__copy_move_bI9t3DObjectEEPT_PKS4_S7_S5_
FN:593,_ZSt22__copy_move_backward_aILb0EP13tMaterialInfoS1_ET1_T0_S3_S2_
FN:593,_ZSt22__copy_move_backward_aILb0EP9t3DObjectS1_ET1_T0_S3_S2_
FN:611,_ZSt23__copy_move_backward_a2ILb0EP13tMaterialInfoS1_ET1_T0_S3_S2_
FN:611,_ZSt23__copy_move_backward_a2ILb0EP9t3DObjectS1_ET1_T0_S3_S2_
FN:638,_ZSt13copy_backwardIP13tMaterialInfoS1_ET0_T_S3_S2_
FN:638,_ZSt13copy_backwardIP9t3DObjectS1_ET0_T_S3_S2_
FNDA:25,_ZSt3maxImERKT_S2_S2_
FNDA:6,_ZSt12__niter_baseIP9t3DObjectENSt11_Niter_baseIT_E13iterator_typeES3_
FNDA:6,_ZSt12__niter_baseIP13tMaterialInfoENSt11_Niter_baseIT_E13iterator_typeES3_
FNDA:4,_ZSt12__miter_baseIP9t3DObjectENSt11_Miter_baseIT_E13iterator_typeES3_
FNDA:4,_ZSt12__miter_baseIP13tMaterialInfoENSt11_Miter_baseIT_E13iterator_typeES3_
FNDA:2,_ZNSt11__copy_moveILb0ELb1ESt26random_access_iterator_tagE8__copy_mI9t3DObjectEEPT_PKS4_S7_S5_
FNDA:2,_ZNSt11__copy_moveILb0ELb1ESt26random_access_iterator_tagE8__copy_mI13tMaterialInfoEEPT_PKS4_S7_S5_
FNDA:2,_ZSt13__copy_move_aILb0EP9t3DObjectS1_ET1_T0_S3_S2_
FNDA:2,_ZSt13__copy_move_aILb0EP13tMaterialInfoS1_ET1_T0_S3_S2_
FNDA:2,_ZSt14__copy_move_a2ILb0EP9t3DObjectS1_ET1_T0_S3_S2_
FNDA:2,_ZSt14__copy_move_a2ILb0EP13tMaterialInfoS1_ET1_T0_S3_S2_
FNDA:2,_ZSt4copyIP9t3DObjectS1_ET0_T_S3_S2_
FNDA:2,_ZSt4copyIP13tMaterialInfoS1_ET0_T_S3_S2_
FNDA:0,_ZNSt20__copy_move_backwardILb0ELb1ESt26random_access_iterator_tagE13__copy_move_bI9t3DObjectEEPT_PKS4_S7_S5_
FNDA:0,_ZNSt20__copy_move_backwardILb0ELb1ESt26random_access_iterator_tagE13__copy_move_bI13tMaterialInfoEEPT_PKS4_S7_S5_
FNDA:0,_ZSt22__copy_move_backward_aILb0EP9t3DObjectS1_ET1_T0_S3_S2_
FNDA:0,_ZSt22__copy_move_backward_aILb0EP13tMaterialInfoS1_ET1_T0_S3_S2_
FNDA:0,_ZSt23__copy_move_backward_a2ILb0EP9t3DObjectS1_ET1_T0_S3_S2_
FNDA:0,_ZSt23__copy_move_backward_a2ILb0EP13tMaterialInfoS1_ET1_T0_S3_S2_
FNDA:0,_ZSt13copy_backwardIP9t3DObjectS1_ET0_T_S3_S2_
FNDA:0,_ZSt13copy_backwardIP13tMaterialInfoS1_ET0_T_S3_S2_
FNF:21
FNH:13
DA:219,25
DA:224,25
DA:225,8
DA:226,17
DA:282,12
DA:283,12
DA:293,8
DA:294,8
DA:373,4
DA:382,4
DA:383,4
DA:384,0
DA:385,4
DA:391,4
DA:399,4
DA:402,4
DA:436,4
DA:438,4
DA:440,4
DA:462,4
DA:471,4
DA:472,4
DA:575,0
DA:584,0
DA:585,0
DA:586,0
DA:587,0
DA:593,0
DA:601,0
DA:606,0
DA:611,0
DA:614,0
DA:615,0
DA:638,0
DA:649,0
DA:650,0
LF:36
LH:21
end_of_record
SF:/usr/include/c++/5/bits/stl_construct.h
FN:112,_ZNSt12_Destroy_auxILb1EE9__destroyIP9t3DObjectEEvT_S4_
FN:112,_ZNSt12_Destroy_auxILb1EE9__destroyIP13tMaterialInfoEEvT_S4_
FN:122,_ZSt8_DestroyIP9t3DObjectEvT_S2_
FN:122,_ZSt8_DestroyIP13tMaterialInfoEvT_S2_
FN:148,_ZSt8_DestroyIP9t3DObjectS0_EvT_S2_RSaIT0_E
FN:148,_ZSt8_DestroyIP13tMaterialInfoS0_EvT_S2_RSaIT0_E
FNDA:2,_ZNSt12_Destroy_auxILb1EE9__destroyIP9t3DObjectEEvT_S4_
FNDA:2,_ZNSt12_Destroy_auxILb1EE9__destroyIP13tMaterialInfoEEvT_S4_
FNDA:2,_ZSt8_DestroyIP9t3DObjectEvT_S2_
FNDA:2,_ZSt8_DestroyIP13tMaterialInfoEvT_S2_
FNDA:2,_ZSt8_DestroyIP9t3DObjectS0_EvT_S2_RSaIT0_E
FNDA:2,_ZSt8_DestroyIP13tMaterialInfoS0_EvT_S2_RSaIT0_E
FNF:6
FNH:6
DA:112,4
DA:122,4
DA:126,4
DA:128,4
DA:148,4
DA:151,4
DA:152,4
LF:7
LH:7
end_of_record
SF:/usr/include/c++/5/bits/stl_iterator.h
FN:740,_ZN9__gnu_cxx17__normal_iteratorIP13tMaterialInfoSt6vectorIS1_SaIS1_EEEC2ERKS2_
FN:740,_ZN9__gnu_cxx17__normal_iteratorIP9t3DObjectSt6vectorIS1_SaIS1_EEEC2ERKS2_
FN:753,_ZNK9__gnu_cxx17__normal_iteratorIP9t3DObjectSt6vectorIS1_SaIS1_EEEdeEv
FN:753,_ZNK9__gnu_cxx17__normal_iteratorIP13tMaterialInfoSt6vectorIS1_SaIS1_EEEdeEv
FN:805,_ZNK9__gnu_cxx17__normal_iteratorIP9t3DObjectSt6vectorIS1_SaIS1_EEE4baseEv
FN:805,_ZNK9__gnu_cxx17__normal_iteratorIP13tMaterialInfoSt6vectorIS1_SaIS1_EEE4baseEv
FN:923,_ZN9__gnu_cxxmiIP13tMaterialInfoSt6vectorIS1_SaIS1_EEEENS_17__normal_iteratorIT_T0_E15difference_typeERKS9_SC_
FN:923,_ZN9__gnu_cxxmiIP9t3DObjectSt6vectorIS1_SaIS1_EEEENS_17__normal_iteratorIT_T0_E15difference_typeERKS9_SC_
FNDA:2,_ZN9__gnu_cxx17__normal_iteratorIP9t3DObjectSt6vectorIS1_SaIS1_EEEC2ERKS2_
FNDA:2,_ZN9__gnu_cxx17__normal_iteratorIP13tMaterialInfoSt6vectorIS1_SaIS1_EEEC2ERKS2_
FNDA:0,_ZNK9__gnu_cxx17__normal_iteratorIP9t3DObjectSt6vectorIS1_SaIS1_EEEdeEv
FNDA:0,_ZNK9__gnu_cxx17__normal_iteratorIP13tMaterialInfoSt6vectorIS1_SaIS1_EEEdeEv
FNDA:4,_ZNK9__gnu_cxx17__normal_iteratorIP9t3DObjectSt6vectorIS1_SaIS1_EEE4baseEv
FNDA:4,_ZNK9__gnu_cxx17__normal_iteratorIP13tMaterialInfoSt6vectorIS1_SaIS1_EEE4baseEv
FNDA:1,_ZN9__gnu_cxxmiIP9t3DObjectSt6vectorIS1_SaIS1_EEEENS_17__normal_iteratorIT_T0_E15difference_typeERKS9_SC_
FNDA:1,_ZN9__gnu_cxxmiIP13tMaterialInfoSt6vectorIS1_SaIS1_EEEENS_17__normal_iteratorIT_T0_E15difference_typeERKS9_SC_
FNF:8
FNH:6
DA:740,4
DA:741,4
DA:753,0
DA:754,0
DA:805,8
DA:806,8
DA:923,2
DA:926,2
LF:8
LH:6
end_of_record
SF:/usr/include/c++/5/bits/stl_iterator_base_types.h
FN:215,_ZNSt10_Iter_baseIP13tMaterialInfoLb0EE7_S_baseES1_
FN:215,_ZNSt10_Iter_baseIP9t3DObjectLb0EE7_S_baseES1_
FNDA:10,_ZNSt10_Iter_baseIP9t3DObjectLb0EE7_S_baseES1_
FNDA:10,_ZNSt10_Iter_baseIP13tMaterialInfoLb0EE7_S_baseES1_
FNF:2
FNH:2
DA:215,20
DA:216,20
LF:2
LH:2
end_of_record
SF:/usr/include/c++/5/bits/stl_uninitialized.h
FN:91,_ZNSt20__uninitialized_copyILb1EE13__uninit_copyIP13tMaterialInfoS3_EET0_T_S5_S4_
FN:91,_ZNSt20__uninitialized_copyILb1EE13__uninit_copyIP9t3DObjectS3_EET0_T_S5_S4_
FN:107,_ZSt18uninitialized_copyIP9t3DObjectS1_ET0_T_S3_S2_
FN:107,_ZSt18uninitialized_copyIP13tMaterialInfoS1_ET0_T_S3_S2_
FN:279,_ZSt22__uninitialized_copy_aIP9t3DObjectS1_S0_ET0_T_S3_S2_RSaIT1_E
FN:279,_ZSt22__uninitialized_copy_aIP13tMaterialInfoS1_S0_ET0_T_S3_S2_RSaIT1_E
FN:297,_ZSt34__uninitialized_move_if_noexcept_aIP9t3DObjectS1_SaIS0_EET0_T_S4_S3_RT1_
FN:297,_ZSt34__uninitialized_move_if_noexcept_aIP13tMaterialInfoS1_SaIS0_EET0_T_S4_S3_RT1_
FNDA:2,_ZNSt20__uninitialized_copyILb1EE13__uninit_copyIP9t3DObjectS3_EET0_T_S5_S4_
FNDA:2,_ZNSt20__uninitialized_copyILb1EE13__uninit_copyIP13tMaterialInfoS3_EET0_T_S5_S4_
FNDA:2,_ZSt18uninitialized_copyIP9t3DObjectS1_ET0_T_S3_S2_
FNDA:2,_ZSt18uninitialized_copyIP13tMaterialInfoS1_ET0_T_S3_S2_
FNDA:2,_ZSt22__uninitialized_copy_aIP9t3DObjectS1_S0_ET0_T_S3_S2_RSaIT1_E
FNDA:2,_ZSt22__uninitialized_copy_aIP13tMaterialInfoS1_S0_ET0_T_S3_S2_RSaIT1_E
FNDA:2,_ZSt34__uninitialized_move_if_noexcept_aIP9t3DObjectS1_SaIS0_EET0_T_S4_S3_RT1_
FNDA:2,_ZSt34__uninitialized_move_if_noexcept_aIP13tMaterialInfoS1_SaIS0_EET0_T_S4_S3_RT1_
FNF:8
FNH:8
DA:91,4
DA:93,4
DA:107,4
DA:115,4
DA:126,4
DA:279,4
DA:281,4
DA:297,4
DA:304,4
LF:9
LH:9
end_of_record
SF:/usr/include/c++/5/bits/stl_vector.h
FN:113,_ZNSt12_Vector_baseI13tMaterialInfoSaIS0_EE19_M_get_Tp_allocatorEv
FN:113,_ZNSt12_Vector_baseI9t3DObjectSaIS0_EE19_M_get_Tp_allocatorEv
FN:117,_ZNKSt12_Vector_baseI13tMaterialInfoSaIS0_EE19_M_get_Tp_allocatorEv
FN:117,_ZNKSt12_Vector_baseI9t3DObjectSaIS0_EE19_M_get_Tp_allocatorEv
FN:167,_ZNSt12_Vector_baseI9t3DObjectSaIS0_EE11_M_allocateEm
FN:167,_ZNSt12_Vector_baseI13tMaterialInfoSaIS0_EE11_M_allocateEm
FN:174,_ZNSt12_Vector_baseI13tMaterialInfoSaIS0_EE13_M_deallocateEPS0_m
FN:174,_ZNSt12_Vector_baseI9t3DObjectSaIS0_EE13_M_deallocateEPS0_m
FN:547,_ZNSt6vectorI9t3DObjectSaIS0_EE5beginEv
FN:547,_ZNSt6vectorI13tMaterialInfoSaIS0_EE5beginEv
FN:565,_ZNSt6vectorI13tMaterialInfoSaIS0_EE3endEv
FN:565,_ZNSt6vectorI9t3DObjectSaIS0_EE3endEv
FN:654,_ZNKSt6vectorI13tMaterialInfoSaIS0_EE4sizeEv
FN:654,_ZNKSt6vectorI9t3DObjectSaIS0_EE4sizeEv
FN:659,_ZNKSt6vectorI9t3DObjectSaIS0_EE8max_sizeEv
FN:659,_ZNKSt6vectorI13tMaterialInfoSaIS0_EE8max_sizeEv
FN:779,_ZNSt6vectorI9t3DObjectSaIS0_EEixEm
FN:779,_ZNSt6vectorI13tMaterialInfoSaIS0_EEixEm
FN:913,_ZNSt6vectorI9t3DObjectSaIS0_EE9push_backERKS0_
FN:913,_ZNSt6vectorI13tMaterialInfoSaIS0_EE9push_backERKS0_
FN:1422,_ZNKSt6vectorI9t3DObjectSaIS0_EE12_M_check_lenEmPKc
FN:1422,_ZNKSt6vectorI13tMaterialInfoSaIS0_EE12_M_check_lenEmPKc
FNDA:4,_ZNSt12_Vector_baseI9t3DObjectSaIS0_EE19_M_get_Tp_allocatorEv
FNDA:4,_ZNSt12_Vector_baseI13tMaterialInfoSaIS0_EE19_M_get_Tp_allocatorEv
FNDA:2,_ZNKSt12_Vector_baseI9t3DObjectSaIS0_EE19_M_get_Tp_allocatorEv
FNDA:2,_ZNKSt12_Vector_baseI13tMaterialInfoSaIS0_EE19_M_get_Tp_allocatorEv
FNDA:1,_ZNSt12_Vector_baseI9t3DObjectSaIS0_EE11_M_allocateEm
FNDA:1,_ZNSt12_Vector_baseI13tMaterialInfoSaIS0_EE11_M_allocateEm
FNDA:2,_ZNSt12_Vector_baseI9t3DObjectSaIS0_EE13_M_deallocateEPS0_m
FNDA:2,_ZNSt12_Vector_baseI13tMaterialInfoSaIS0_EE13_M_deallocateEPS0_m
FNDA:1,_ZNSt6vectorI9t3DObjectSaIS0_EE5beginEv
FNDA:1,_ZNSt6vectorI13tMaterialInfoSaIS0_EE5beginEv
FNDA:1,_ZNSt6vectorI9t3DObjectSaIS0_EE3endEv
FNDA:1,_ZNSt6vectorI13tMaterialInfoSaIS0_EE3endEv
FNDA:5,_ZNKSt6vectorI9t3DObjectSaIS0_EE4sizeEv
FNDA:4,_ZNKSt6vectorI13tMaterialInfoSaIS0_EE4sizeEv
FNDA:2,_ZNKSt6vectorI9t3DObjectSaIS0_EE8max_sizeEv
FNDA:2,_ZNKSt6vectorI13tMaterialInfoSaIS0_EE8max_sizeEv
FNDA:8,_ZNSt6vectorI13tMaterialInfoSaIS0_EEixEm
FNDA:5,_ZNSt6vectorI9t3DObjectSaIS0_EEixEm
FNDA:1,_ZNSt6vectorI9t3DObjectSaIS0_EE9push_backERKS0_
FNDA:1,_ZNSt6vectorI13tMaterialInfoSaIS0_EE9push_backERKS0_
FNDA:1,_ZNKSt6vectorI9t3DObjectSaIS0_EE12_M_check_lenEmPKc
FNDA:1,_ZNKSt6vectorI13tMaterialInfoSaIS0_EE12_M_check_lenEmPKc
FNF:22
FNH:22
DA:113,8
DA:114,8
DA:117,4
DA:118,4
DA:167,2
DA:170,2
DA:174,4
DA:177,4
DA:178,2
DA:179,4
DA:547,2
DA:548,2
DA:565,2
DA:566,2
DA:654,9
DA:655,9
DA:659,4
DA:660,4
DA:779,13
DA:780,13
DA:913,2
DA:915,2
DA:917,0
DA:919,0
DA:925,2
DA:927,2
DA:1422,2
DA:1424,2
DA:1425,0
DA:1427,2
DA:1428,2
LF:31
LH:28
end_of_record
SF:/usr/include/c++/5/bits/vector.tcc
FN:326,_ZNSt6vectorI9t3DObjectSaIS0_EE13_M_insert_auxEN9__gnu_cxx17__normal_iteratorIPS0_S2_EERKS0_
FN:326,_ZNSt6vectorI13tMaterialInfoSaIS0_EE13_M_insert_auxEN9__gnu_cxx17__normal_iteratorIPS0_S2_EERKS0_
FNDA:1,_ZNSt6vectorI9t3DObjectSaIS0_EE13_M_insert_auxEN9__gnu_cxx17__normal_iteratorIPS0_S2_EERKS0_
FNDA:1,_ZNSt6vectorI13tMaterialInfoSaIS0_EE13_M_insert_auxEN9__gnu_cxx17__normal_iteratorIPS0_S2_EERKS0_
FNF:2
FNH:2
DA:326,2
DA:330,2
DA:332,0
DA:333,0
DA:335,0
DA:337,0
DA:339,0
DA:343,0
DA:351,2
DA:352,2
DA:353,2
DA:354,2
DA:361,2
DA:368,2
DA:370,2
DA:372,2
DA:373,2
DA:375,2
DA:377,2
DA:379,2
DA:380,2
DA:382,0
DA:384,0
DA:385,0
DA:388,0
DA:389,0
DA:390,0
DA:392,2
DA:393,2
DA:394,4
DA:396,4
DA:397,2
DA:398,2
DA:399,2
DA:401,2
LF:35
LH:23
end_of_record
SF:/usr/include/c++/5/ext/alloc_traits.h
FN:181,_ZN9__gnu_cxx14__alloc_traitsISaI9t3DObjectEE8allocateERS2_m
FN:181,_ZN9__gnu_cxx14__alloc_traitsISaI13tMaterialInfoEE8allocateERS2_m
FN:184,_ZN9__gnu_cxx14__alloc_traitsISaI9t3DObjectEE10deallocateERS2_PS1_m
FN:184,_ZN9__gnu_cxx14__alloc_traitsISaI13tMaterialInfoEE10deallocateERS2_PS1_m
FN:188,_ZN9__gnu_cxx14__alloc_traitsISaI9t3DObjectEE9constructIS1_EEvRS2_PS1_RKT_
FN:188,_ZN9__gnu_cxx14__alloc_traitsISaI13tMaterialInfoEE9constructIS1_EEvRS2_PS1_RKT_
FN:191,_ZN9__gnu_cxx14__alloc_traitsISaI13tMaterialInfoEE7destroyERS2_PS1_
FN:191,_ZN9__gnu_cxx14__alloc_traitsISaI9t3DObjectEE7destroyERS2_PS1_
FN:194,_ZN9__gnu_cxx14__alloc_traitsISaI13tMaterialInfoEE8max_sizeERKS2_
FN:194,_ZN9__gnu_cxx14__alloc_traitsISaI9t3DObjectEE8max_sizeERKS2_
FNDA:1,_ZN9__gnu_cxx14__alloc_traitsISaI9t3DObjectEE8allocateERS2_m
FNDA:1,_ZN9__gnu_cxx14__alloc_traitsISaI13tMaterialInfoEE8allocateERS2_m
FNDA:1,_ZN9__gnu_cxx14__alloc_traitsISaI9t3DObjectEE10deallocateERS2_PS1_m
FNDA:1,_ZN9__gnu_cxx14__alloc_traitsISaI13tMaterialInfoEE10deallocateERS2_PS1_m
FNDA:1,_ZN9__gnu_cxx14__alloc_traitsISaI9t3DObjectEE9constructIS1_EEvRS2_PS1_RKT_
FNDA:1,_ZN9__gnu_cxx14__alloc_traitsISaI13tMaterialInfoEE9constructIS1_EEvRS2_PS1_RKT_
FNDA:0,_ZN9__gnu_cxx14__alloc_traitsISaI9t3DObjectEE7destroyERS2_PS1_
FNDA:0,_ZN9__gnu_cxx14__alloc_traitsISaI13tMaterialInfoEE7destroyERS2_PS1_
FNDA:2,_ZN9__gnu_cxx14__alloc_traitsISaI9t3DObjectEE8max_sizeERKS2_
FNDA:2,_ZN9__gnu_cxx14__alloc_traitsISaI13tMaterialInfoEE8max_sizeERKS2_
FNF:10
FNH:8
DA:181,2
DA:182,2
DA:184,2
DA:185,2
DA:188,2
DA:189,2
DA:191,0
DA:192,0
DA:194,4
DA:195,4
LF:10
LH:8
end_of_record
SF:/usr/include/c++/5/ext/new_allocator.h
FN:99,_ZN9__gnu_cxx13new_allocatorI13tMaterialInfoE8allocateEmPKv
FN:99,_ZN9__gnu_cxx13new_allocatorI9t3DObjectE8allocateEmPKv
FN:109,_ZN9__gnu_cxx13new_allocatorI9t3DObjectE10deallocateEPS1_m
FN:109,_ZN9__gnu_cxx13new_allocatorI13tMaterialInfoE10deallocateEPS1_m
FN:113,_ZNK9__gnu_cxx13new_allocatorI13tMaterialInfoE8max_sizeEv
FN:113,_ZNK9__gnu_cxx13new_allocatorI9t3DObjectE8max_sizeEv
FN:129,_ZN9__gnu_cxx13new_allocatorI13tMaterialInfoE9constructEPS1_RKS1_
FN:129,_ZN9__gnu_cxx13new_allocatorI9t3DObjectE9constructEPS1_RKS1_
FN:133,_ZN9__gnu_cxx13new_allocatorI9t3DObjectE7destroyEPS1_
FN:133,_ZN9__gnu_cxx13new_allocatorI13tMaterialInfoE7destroyEPS1_
FNDA:1,_ZN9__gnu_cxx13new_allocatorI9t3DObjectE8allocateEmPKv
FNDA:1,_ZN9__gnu_cxx13new_allocatorI13tMaterialInfoE8allocateEmPKv
FNDA:1,_ZN9__gnu_cxx13new_allocatorI9t3DObjectE10deallocateEPS1_m
FNDA:1,_ZN9__gnu_cxx13new_allocatorI13tMaterialInfoE10deallocateEPS1_m
FNDA:3,_ZNK9__gnu_cxx13new_allocatorI9t3DObjectE8max_sizeEv
FNDA:3,_ZNK9__gnu_cxx13new_allocatorI13tMaterialInfoE8max_sizeEv
FNDA:1,_ZN9__gnu_cxx13new_allocatorI9t3DObjectE9constructEPS1_RKS1_
FNDA:1,_ZN9__gnu_cxx13new_allocatorI13tMaterialInfoE9constructEPS1_RKS1_
FNDA:0,_ZN9__gnu_cxx13new_allocatorI9t3DObjectE7destroyEPS1_
FNDA:0,_ZN9__gnu_cxx13new_allocatorI13tMaterialInfoE7destroyEPS1_
FNF:10
FNH:8
DA:99,2
DA:101,2
DA:102,0
DA:104,2
DA:109,2
DA:110,2
DA:113,6
DA:114,6
DA:129,2
DA:130,2
DA:133,0
LF:11
LH:9
end_of_record
SF:/usr/include/c++/5/new
FN:129,_ZnwmPv
FNDA:69503,_ZnwmPv
FNF:1
FNH:1
DA:129,69503
DA:130,69503
LF:2
LH:2
end_of_record
SF:/data/tzwang/graphics/ReduceGL/DevR4/3DS.cpp
FN:7,_Z11empty_chunkP6tChunk
FN:12,_ZN8CLoad3DSC2Ev
FN:19,_ZN8CLoad3DS9Import3DSEP8t3DModelPc
FN:64,_ZN8CLoad3DS7CleanUpEv
FN:75,_ZN8CLoad3DS16ProcessNextChunkEP8t3DModelP6tChunk
FN:180,_ZN8CLoad3DS22ProcessNextObjectChunkEP8t3DModelP9t3DObjectP6tChunk
FN:242,_ZN8CLoad3DS24ProcessNextMaterialChunkEP8t3DModelP6tChunk
FN:297,_ZN8CLoad3DS9ReadChunkEP6tChunk
FN:307,_ZN8CLoad3DS9GetStringEPc
FN:327,_ZN8CLoad3DS14ReadColorChunkEP13tMaterialInfoP6tChunk
FN:340,_ZN8CLoad3DS17ReadVertexIndicesEP9t3DObjectP6tChunk
FN:370,_ZN8CLoad3DS17ReadUVCoordinatesEP9t3DObjectP6tChunk
FN:385,_ZN8CLoad3DS12ReadVerticesEP9t3DObjectP6tChunk
FN:419,_ZN8CLoad3DS18ReadObjectMaterialEP8t3DModelP9t3DObjectP6tChunk
FN:463,_Z6Vector8CVector3S_
FN:475,_Z9AddVector8CVector3S_
FN:487,_Z20DivideVectorByScaler8CVector3f
FN:499,_Z5Cross8CVector3S_
FN:513,_Z9Normalize8CVector3
FN:527,_ZN8CLoad3DS14ComputeNormalsEP8t3DModel
FNDA:8,_Z11empty_chunkP6tChunk
FNDA:1,_ZN8CLoad3DSC2Ev
FNDA:1,_ZN8CLoad3DS9Import3DSEP8t3DModelPc
FNDA:1,_ZN8CLoad3DS7CleanUpEv
FNDA:2,_ZN8CLoad3DS16ProcessNextChunkEP8t3DModelP6tChunk
FNDA:2,_ZN8CLoad3DS22ProcessNextObjectChunkEP8t3DModelP9t3DObjectP6tChunk
FNDA:2,_ZN8CLoad3DS24ProcessNextMaterialChunkEP8t3DModelP6tChunk
FNDA:34,_ZN8CLoad3DS9ReadChunkEP6tChunk
FNDA:2,_ZN8CLoad3DS9GetStringEPc
FNDA:1,_ZN8CLoad3DS14ReadColorChunkEP13tMaterialInfoP6tChunk
FNDA:1,_ZN8CLoad3DS17ReadVertexIndicesEP9t3DObjectP6tChunk
FNDA:1,_ZN8CLoad3DS17ReadUVCoordinatesEP9t3DObjectP6tChunk
FNDA:1,_ZN8CLoad3DS12ReadVerticesEP9t3DObjectP6tChunk
FNDA:1,_ZN8CLoad3DS18ReadObjectMaterialEP8t3DModelP9t3DObjectP6tChunk
FNDA:6372,_Z6Vector8CVector3S_
FNDA:9558,_Z9AddVector8CVector3S_
FNDA:1683,_Z20DivideVectorByScaler8CVector3f
FNDA:3186,_Z5Cross8CVector3S_
FNDA:4869,_Z9Normalize8CVector3
FNDA:1,_ZN8CLoad3DS14ComputeNormalsEP8t3DModel
FNF:20
FNH:20
DA:7,8
DA:9,8
DA:10,8
DA:12,1
DA:14,1
DA:15,1
DA:16,1
DA:19,1
DA:21,1
DA:24,1
DA:27,1
DA:29,0
DA:31,0
DA:38,1
DA:41,1
DA:43,0
DA:45,0
DA:51,1
DA:54,1
DA:57,1
DA:59,1
DA:64,1
DA:67,1
DA:68,1
DA:69,1
DA:70,1
DA:75,2
DA:77,2
DA:78,2
DA:79,2
DA:80,2
DA:82,2
DA:84,2
DA:89,14
DA:92,6
DA:95,6
DA:102,1
DA:107,1
DA:112,1
DA:115,1
DA:118,1
DA:121,1
DA:122,1
DA:127,1
DA:130,1
DA:133,1
DA:134,1
DA:141,1
DA:144,1
DA:147,1
DA:150,1
DA:153,1
DA:154,1
DA:159,1
DA:160,1
DA:165,1
DA:166,1
DA:170,6
DA:174,2
DA:175,2
DA:176,2
DA:180,2
DA:182,2
DA:185,2
DA:188,16
DA:191,7
DA:194,7
DA:199,1
DA:200,1
DA:203,1
DA:204,1
DA:207,1
DA:208,1
DA:216,1
DA:217,1
DA:222,1
DA:223,1
DA:228,2
DA:229,2
DA:233,7
DA:237,2
DA:238,2
DA:239,2
DA:242,2
DA:244,2
DA:247,2
DA:250,38
DA:253,18
DA:256,18
DA:261,1
DA:262,1
DA:265,1
DA:266,1
DA:271,1
DA:272,1
DA:277,1
DA:278,1
DA:283,14
DA:284,14
DA:288,18
DA:292,2
DA:293,2
DA:294,2
DA:297,34
DA:300,34
DA:303,34
DA:304,34
DA:307,2
DA:309,2
DA:312,2
DA:315,36
DA:318,17
DA:322,2
DA:327,1
DA:330,1
DA:333,1
DA:336,1
DA:337,1
DA:340,1
DA:342,1
DA:345,1
DA:348,1
DA:349,1
DA:352,3187
DA:354,15930
DA:357,12744
DA:359,12744
DA:362,9558
DA:366,1
DA:370,1
DA:375,1
DA:378,1
DA:381,1
DA:382,1
DA:385,1
DA:390,1
DA:393,1
DA:394,1
DA:397,1
DA:404,1684
DA:407,1683
DA:410,1683
DA:413,1683
DA:415,1
DA:419,1
DA:421,1
DA:422,1
DA:427,1
DA:430,1
DA:433,1
DA:436,1
DA:439,1
DA:442,1
DA:444,1
DA:449,0
DA:453,1
DA:454,1
DA:463,6372
DA:467,6372
DA:468,6372
DA:469,6372
DA:471,6372
DA:475,9558
DA:479,9558
DA:480,9558
DA:481,9558
DA:483,9558
DA:487,1683
DA:491,1683
DA:492,1683
DA:493,1683
DA:495,1683
DA:499,3186
DA:503,3186
DA:505,3186
DA:507,3186
DA:509,3186
DA:513,4869
DA:517,4869
DA:519,4869
DA:520,4869
DA:521,4869
DA:523,4869
DA:527,1
DA:532,1
DA:533,0
DA:536,2
DA:539,1
DA:542,1
DA:543,1
DA:544,1
DA:547,3187
DA:549,3186
DA:550,3186
DA:551,3186
DA:555,3186
DA:556,3186
DA:558,3186
DA:559,3186
DA:560,3186
DA:562,3186
DA:566,1
DA:567,1
DA:568,1
DA:570,1684
DA:572,5363721
DA:574,10720890
DA:575,10714518
DA:576,5355666
DA:578,9558
DA:579,9558
DA:583,1683
DA:586,1683
DA:588,1683
DA:589,1683
DA:593,1
DA:594,1
LF:217
LH:211
end_of_record
TN:
SF:/usr/include/c++/5/bits/allocator.h
FN:113,_ZNSaI2M4EC2Ev
FN:113,_ZNSaI13tMaterialInfoEC2Ev
FN:113,_ZNSaI8GLVertexEC2Ev
FN:113,_ZNSaI8triangleEC2Ev
FN:113,_ZNSaISt13_Rb_tree_nodeISt4pairIKi9GLTextureEEEC2Ev
FN:113,_ZNSaIhEC2Ev
FN:113,_ZNSaI9t3DObjectEC2Ev
FN:115,_ZNSaIhEC2ERKS_
FN:119,_ZNSaISt4pairIKi9GLTextureEEC2ISt13_Rb_tree_nodeIS2_EEERKSaIT_E
FN:121,_ZNSaI8GLVertexED2Ev
FN:121,_ZNSaI13tMaterialInfoED2Ev
FN:121,_ZNSaISt13_Rb_tree_nodeISt4pairIKi9GLTextureEEED2Ev
FN:121,_ZNSaI9t3DObjectED2Ev
FN:121,_ZNSaIhED2Ev
FN:121,_ZNSaI8triangleED2Ev
FN:121,_ZNSaI2M4ED2Ev
FN:121,_ZNSaISt4pairIKi9GLTextureEED2Ev
FNDA:1,_ZNSaI8triangleEC2Ev
FNDA:1,_ZNSaISt13_Rb_tree_nodeISt4pairIKi9GLTextureEEEC2Ev
FNDA:1,_ZNSaI8GLVertexEC2Ev
FNDA:3,_ZNSaI2M4EC2Ev
FNDA:1,_ZNSaI9t3DObjectEC2Ev
FNDA:1,_ZNSaI13tMaterialInfoEC2Ev
FNDA:55,_ZNSaIhEC2Ev
FNDA:44,_ZNSaIhEC2ERKS_
FNDA:4,_ZNSaISt4pairIKi9GLTextureEEC2ISt13_Rb_tree_nodeIS2_EEERKSaIT_E
FNDA:4,_ZNSaISt4pairIKi9GLTextureEED2Ev
FNDA:1,_ZNSaI8triangleED2Ev
FNDA:1,_ZNSaI8GLVertexED2Ev
FNDA:3,_ZNSaI2M4ED2Ev
FNDA:1,_ZNSaI9t3DObjectED2Ev
FNDA:1,_ZNSaI13tMaterialInfoED2Ev
FNDA:99,_ZNSaIhED2Ev
FNDA:1,_ZNSaISt13_Rb_tree_nodeISt4pairIKi9GLTextureEEED2Ev
FNF:17
FNH:17
DA:113,63
DA:115,44
DA:116,44
DA:119,4
DA:121,111
LF:5
LH:5
end_of_record
SF:/usr/include/c++/5/bits/basic_string.h
FN:4783,_ZStplIcSt11char_traitsIcESaIcEENSt7__cxx1112basic_stringIT_T0_T1_EERKS8_SA_
FNDA:1,_ZStplIcSt11char_traitsIcESaIcEENSt7__cxx1112basic_stringIT_T0_T1_EERKS8_SA_
FNF:1
FNH:1
DA:4783,1
DA:4786,1
DA:4787,1
DA:4788,1
LF:4
LH:4
end_of_record
SF:/usr/include/c++/5/bits/ios_base.h
FN:129,_ZStorSt13_Ios_OpenmodeS_
FNDA:1,_ZStorSt13_Ios_OpenmodeS_
FNF:1
FNH:1
DA:129,1
DA:130,1
LF:2
LH:2
end_of_record
SF:/usr/include/c++/5/bits/move.h
FN:47,_ZSt11__addressofISt4pairIKi9GLTextureEEPT_RS4_
FN:47,_ZSt11__addressofIKSt4pairIKi9GLTextureEEPT_RS5_
FN:47,_ZSt11__addressofI2M4EPT_RS1_
FNDA:48,_ZSt11__addressofI2M4EPT_RS1_
FNDA:12,_ZSt11__addressofIKSt4pairIKi9GLTextureEEPT_RS5_
FNDA:12,_ZSt11__addressofISt4pairIKi9GLTextureEEPT_RS4_
FNF:3
FNH:3
DA:47,72
DA:50,72
LF:2
LH:2
end_of_record
SF:/usr/include/c++/5/bits/postypes.h
FN:133,_ZNSt4fposI11__mbstate_tEC2El
FNDA:1,_ZNSt4fposI11__mbstate_tEC2El
FNF:1
FNH:1
DA:133,1
DA:134,1
LF:2
LH:2
end_of_record
SF:/usr/include/c++/5/bits/stl_algobase.h
FN:219,_ZSt3maxImERKT_S2_S2_
FN:282,_ZSt12__niter_baseIP2M4ENSt11_Niter_baseIT_E13iterator_typeES3_
FN:282,_ZSt12__niter_baseIP8triangleENSt11_Niter_baseIT_E13iterator_typeES3_
FN:282,_ZSt12__niter_baseIP8GLVertexENSt11_Niter_baseIT_E13iterator_typeES3_
FN:282,_ZSt12__niter_baseIN9__gnu_cxx17__normal_iteratorIPKhSt6vectorIhSaIhEEEEENSt11_Niter_baseIT_E13iterator_typeES9_
FN:282,_ZSt12__niter_baseIN9__gnu_cxx17__normal_iteratorIPhSt6vectorIhSaIhEEEEENSt11_Niter_baseIT_E13iterator_typeES8_
FN:282,_ZSt12__niter_baseIPhENSt11_Niter_baseIT_E13iterator_typeES2_
FN:293,_ZSt12__miter_baseIP8GLVertexENSt11_Miter_baseIT_E13iterator_typeES3_
FN:293,_ZSt12__miter_baseIN9__gnu_cxx17__normal_iteratorIPKhSt6vectorIhSaIhEEEEENSt11_Miter_baseIT_E13iterator_typeES9_
FN:293,_ZSt12__miter_baseIPhENSt11_Miter_baseIT_E13iterator_typeES2_
FN:293,_ZSt12__miter_baseIP2M4ENSt11_Miter_baseIT_E13iterator_typeES3_
FN:293,_ZSt12__miter_baseIP8triangleENSt11_Miter_baseIT_E13iterator_typeES3_
FN:373,_ZNSt11__copy_moveILb0ELb1ESt26random_access_iterator_tagE8__copy_mI8GLVertexEEPT_PKS4_S7_S5_
FN:373,_ZNSt11__copy_moveILb0ELb1ESt26random_access_iterator_tagE8__copy_mI8triangleEEPT_PKS4_S7_S5_
FN:373,_ZNSt11__copy_moveILb0ELb1ESt26random_access_iterator_tagE8__copy_mIhEEPT_PKS3_S6_S4_
FN:391,_ZSt13__copy_move_aILb0EP8GLVertexS1_ET1_T0_S3_S2_
FN:391,_ZSt13__copy_move_aILb0EP8triangleS1_ET1_T0_S3_S2_
FN:391,_ZSt13__copy_move_aILb0EPKhPhET1_T0_S4_S3_
FN:391,_ZSt13__copy_move_aILb0EPhS0_ET1_T0_S2_S1_
FN:436,_ZSt14__copy_move_a2ILb0EN9__gnu_cxx17__normal_iteratorIPKhSt6vectorIhSaIhEEEEPhET1_T0_SA_S9_
FN:436,_ZSt14__copy_move_a2ILb0EPhS0_ET1_T0_S2_S1_
FN:436,_ZSt14__copy_move_a2ILb0EN9__gnu_cxx17__normal_iteratorIPKhSt6vectorIhSaIhEEEENS1_IPhS6_EEET1_T0_SB_SA_
FN:436,_ZSt14__copy_move_a2ILb0EP8GLVertexS1_ET1_T0_S3_S2_
FN:436,_ZSt14__copy_move_a2ILb0EP8triangleS1_ET1_T0_S3_S2_
FN:462,_ZSt4copyIP8GLVertexS1_ET0_T_S3_S2_
FN:462,_ZSt4copyIN9__gnu_cxx17__normal_iteratorIPKhSt6vectorIhSaIhEEEEPhET0_T_SA_S9_
FN:462,_ZSt4copyIP8triangleS1_ET0_T_S3_S2_
FN:462,_ZSt4copyIPhS0_ET0_T_S2_S1_
FN:462,_ZSt4copyIN9__gnu_cxx17__normal_iteratorIPKhSt6vectorIhSaIhEEEENS1_IPhS6_EEET0_T_SB_SA_
FN:545,_ZNSt20__copy_move_backwardILb0ELb0ESt26random_access_iterator_tagE13__copy_move_bIP2M4S4_EET0_T_S6_S5_
FN:575,_ZNSt20__copy_move_backwardILb0ELb1ESt26random_access_iterator_tagE13__copy_move_bIhEEPT_PKS3_S6_S4_
FN:575,_ZNSt20__copy_move_backwardILb0ELb1ESt26random_access_iterator_tagE13__copy_move_bI8GLVertexEEPT_PKS4_S7_S5_
FN:575,_ZNSt20__copy_move_backwardILb0ELb1ESt26random_access_iterator_tagE13__copy_move_bI8triangleEEPT_PKS4_S7_S5_
FN:593,_ZSt22__copy_move_backward_aILb0EP2M4S1_ET1_T0_S3_S2_
FN:593,_ZSt22__copy_move_backward_aILb0EP8triangleS1_ET1_T0_S3_S2_
FN:593,_ZSt22__copy_move_backward_aILb0EP8GLVertexS1_ET1_T0_S3_S2_
FN:593,_ZSt22__copy_move_backward_aILb0EPhS0_ET1_T0_S2_S1_
FN:611,_ZSt23__copy_move_backward_a2ILb0EP2M4S1_ET1_T0_S3_S2_
FN:611,_ZSt23__copy_move_backward_a2ILb0EPhS0_ET1_T0_S2_S1_
FN:611,_ZSt23__copy_move_backward_a2ILb0EP8triangleS1_ET1_T0_S3_S2_
FN:611,_ZSt23__copy_move_backward_a2ILb0EP8GLVertexS1_ET1_T0_S3_S2_
FN:638,_ZSt13copy_backwardIP8GLVertexS1_ET0_T_S3_S2_
FN:638,_ZSt13copy_backwardIPhS0_ET0_T_S2_S1_
FN:638,_ZSt13copy_backwardIP8triangleS1_ET0_T_S3_S2_
FN:638,_ZSt13copy_backwardIP2M4S1_ET0_T_S3_S2_
FN:697,_ZSt8__fill_aIP8GLVertexS0_EN9__gnu_cxx11__enable_ifIXntsrSt11__is_scalarIT0_E7__valueEvE6__typeET_S9_RKS5_
FN:697,_ZSt8__fill_aIP2M4S0_EN9__gnu_cxx11__enable_ifIXntsrSt11__is_scalarIT0_E7__valueEvE6__typeET_S9_RKS5_
FN:719,_ZSt8__fill_aIhEN9__gnu_cxx11__enable_ifIXsrSt9__is_byteIT_E7__valueEvE6__typeEPS3_S7_RKS3_
FN:740,_ZSt4fillIP8GLVertexS0_EvT_S2_RKT0_
FN:740,_ZSt4fillIPhhEvT_S1_RKT0_
FN:740,_ZSt4fillIP2M4S0_EvT_S2_RKT0_
FN:754,_ZSt10__fill_n_aIP8GLVertexmS0_EN9__gnu_cxx11__enable_ifIXntsrSt11__is_scalarIT1_E7__valueET_E6__typeES7_T0_RKS5_
FN:777,_ZSt10__fill_n_aImhEN9__gnu_cxx11__enable_ifIXsrSt9__is_byteIT0_E7__valueEPS3_E6__typeES5_T_RKS3_
FN:800,_ZSt6fill_nIP8GLVertexmS0_ET_S2_T0_RKT1_
FN:800,_ZSt6fill_nIPhmhET_S1_T0_RKT1_
FNDA:0,_ZSt3maxImERKT_S2_S2_
FNDA:108,_ZSt12__niter_baseIP8triangleENSt11_Niter_baseIT_E13iterator_typeES3_
FNDA:7,_ZSt12__niter_baseIP8GLVertexENSt11_Niter_baseIT_E13iterator_typeES3_
FNDA:0,_ZSt12__niter_baseIP2M4ENSt11_Niter_baseIT_E13iterator_typeES3_
FNDA:51,_ZSt12__niter_baseIPhENSt11_Niter_baseIT_E13iterator_typeES2_
FNDA:22,_ZSt12__niter_baseIN9__gnu_cxx17__normal_iteratorIPhSt6vectorIhSaIhEEEEENSt11_Niter_baseIT_E13iterator_typeES8_
FNDA:132,_ZSt12__niter_baseIN9__gnu_cxx17__normal_iteratorIPKhSt6vectorIhSaIhEEEEENSt11_Niter_baseIT_E13iterator_typeES9_
FNDA:4,_ZSt12__miter_baseIP8GLVertexENSt11_Miter_baseIT_E13iterator_typeES3_
FNDA:0,_ZSt12__miter_baseIP2M4ENSt11_Miter_baseIT_E13iterator_typeES3_
FNDA:72,_ZSt12__miter_baseIP8triangleENSt11_Miter_baseIT_E13iterator_typeES3_
FNDA:4,_ZSt12__miter_baseIPhENSt11_Miter_baseIT_E13iterator_typeES2_
FNDA:132,_ZSt12__miter_baseIN9__gnu_cxx17__normal_iteratorIPKhSt6vectorIhSaIhEEEEENSt11_Miter_baseIT_E13iterator_typeES9_
FNDA:2,_ZNSt11__copy_moveILb0ELb1ESt26random_access_iterator_tagE8__copy_mI8GLVertexEEPT_PKS4_S7_S5_
FNDA:36,_ZNSt11__copy_moveILb0ELb1ESt26random_access_iterator_tagE8__copy_mI8triangleEEPT_PKS4_S7_S5_
FNDA:68,_ZNSt11__copy_moveILb0ELb1ESt26random_access_iterator_tagE8__copy_mIhEEPT_PKS3_S6_S4_
FNDA:2,_ZSt13__copy_move_aILb0EP8GLVertexS1_ET1_T0_S3_S2_
FNDA:36,_ZSt13__copy_move_aILb0EP8triangleS1_ET1_T0_S3_S2_
FNDA:2,_ZSt13__copy_move_aILb0EPhS0_ET1_T0_S2_S1_
FNDA:66,_ZSt13__copy_move_aILb0EPKhPhET1_T0_S4_S3_
FNDA:2,_ZSt14__copy_move_a2ILb0EP8GLVertexS1_ET1_T0_S3_S2_
FNDA:36,_ZSt14__copy_move_a2ILb0EP8triangleS1_ET1_T0_S3_S2_
FNDA:44,_ZSt14__copy_move_a2ILb0EN9__gnu_cxx17__normal_iteratorIPKhSt6vectorIhSaIhEEEEPhET1_T0_SA_S9_
FNDA:2,_ZSt14__copy_move_a2ILb0EPhS0_ET1_T0_S2_S1_
FNDA:22,_ZSt14__copy_move_a2ILb0EN9__gnu_cxx17__normal_iteratorIPKhSt6vectorIhSaIhEEEENS1_IPhS6_EEET1_T0_SB_SA_
FNDA:2,_ZSt4copyIP8GLVertexS1_ET0_T_S3_S2_
FNDA:36,_ZSt4copyIP8triangleS1_ET0_T_S3_S2_
FNDA:44,_ZSt4copyIN9__gnu_cxx17__normal_iteratorIPKhSt6vectorIhSaIhEEEEPhET0_T_SA_S9_
FNDA:2,_ZSt4copyIPhS0_ET0_T_S2_S1_
FNDA:22,_ZSt4copyIN9__gnu_cxx17__normal_iteratorIPKhSt6vectorIhSaIhEEEENS1_IPhS6_EEET0_T_SB_SA_
FNDA:0,_ZNSt20__copy_move_backwardILb0ELb0ESt26random_access_iterator_tagE13__copy_move_bIP2M4S4_EET0_T_S6_S5_
FNDA:0,_ZNSt20__copy_move_backwardILb0ELb1ESt26random_access_iterator_tagE13__copy_move_bIhEEPT_PKS3_S6_S4_
FNDA:0,_ZNSt20__copy_move_backwardILb0ELb1ESt26random_access_iterator_tagE13__copy_move_bI8GLVertexEEPT_PKS4_S7_S5_
FNDA:0,_ZNSt20__copy_move_backwardILb0ELb1ESt26random_access_iterator_tagE13__copy_move_bI8triangleEEPT_PKS4_S7_S5_
FNDA:0,_ZSt22__copy_move_backward_aILb0EPhS0_ET1_T0_S2_S1_
FNDA:0,_ZSt22__copy_move_backward_aILb0EP8GLVertexS1_ET1_T0_S3_S2_
FNDA:0,_ZSt22__copy_move_backward_aILb0EP2M4S1_ET1_T0_S3_S2_
FNDA:0,_ZSt22__copy_move_backward_aILb0EP8triangleS1_ET1_T0_S3_S2_
FNDA:0,_ZSt23__copy_move_backward_a2ILb0EPhS0_ET1_T0_S2_S1_
FNDA:0,_ZSt23__copy_move_backward_a2ILb0EP8GLVertexS1_ET1_T0_S3_S2_
FNDA:0,_ZSt23__copy_move_backward_a2ILb0EP2M4S1_ET1_T0_S3_S2_
FNDA:0,_ZSt23__copy_move_backward_a2ILb0EP8triangleS1_ET1_T0_S3_S2_
FNDA:0,_ZSt13copy_backwardIPhS0_ET0_T_S2_S1_
FNDA:0,_ZSt13copy_backwardIP8GLVertexS1_ET0_T_S3_S2_
FNDA:0,_ZSt13copy_backwardIP2M4S1_ET0_T_S3_S2_
FNDA:0,_ZSt13copy_backwardIP8triangleS1_ET0_T_S3_S2_
FNDA:0,_ZSt8__fill_aIP8GLVertexS0_EN9__gnu_cxx11__enable_ifIXntsrSt11__is_scalarIT0_E7__valueEvE6__typeET_S9_RKS5_
FNDA:0,_ZSt8__fill_aIP2M4S0_EN9__gnu_cxx11__enable_ifIXntsrSt11__is_scalarIT0_E7__valueEvE6__typeET_S9_RKS5_
FNDA:1,_ZSt8__fill_aIhEN9__gnu_cxx11__enable_ifIXsrSt9__is_byteIT_E7__valueEvE6__typeEPS3_S7_RKS3_
FNDA:0,_ZSt4fillIPhhEvT_S1_RKT0_
FNDA:0,_ZSt4fillIP8GLVertexS0_EvT_S2_RKT0_
FNDA:0,_ZSt4fillIP2M4S0_EvT_S2_RKT0_
FNDA:1,_ZSt10__fill_n_aIP8GLVertexmS0_EN9__gnu_cxx11__enable_ifIXntsrSt11__is_scalarIT1_E7__valueET_E6__typeES7_T0_RKS5_
FNDA:1,_ZSt10__fill_n_aImhEN9__gnu_cxx11__enable_ifIXsrSt9__is_byteIT0_E7__valueEPS3_E6__typeES5_T_RKS3_
FNDA:1,_ZSt6fill_nIPhmhET_S1_T0_RKT1_
FNDA:1,_ZSt6fill_nIP8GLVertexmS0_ET_S2_T0_RKT1_
FNF:55
FNH:31
DA:219,0
DA:224,0
DA:225,0
DA:226,0
DA:282,320
DA:283,320
DA:293,212
DA:294,212
DA:373,106
DA:382,106
DA:383,106
DA:384,17
DA:385,106
DA:391,106
DA:399,106
DA:402,106
DA:436,106
DA:438,106
DA:440,106
DA:462,106
DA:471,106
DA:472,106
DA:545,0
DA:548,0
DA:549,0
DA:550,0
DA:575,0
DA:584,0
DA:585,0
DA:586,0
DA:587,0
DA:593,0
DA:601,0
DA:606,0
DA:611,0
DA:614,0
DA:615,0
DA:638,0
DA:649,0
DA:650,0
DA:697,0
DA:700,0
DA:701,0
DA:702,0
DA:719,1
DA:721,1
DA:722,1
DA:723,1
DA:724,1
DA:740,0
DA:747,0
DA:749,0
DA:754,1
DA:756,17
DA:758,16
DA:759,1
DA:777,1
DA:779,1
DA:780,1
DA:800,2
DA:805,2
LF:61
LH:32
end_of_record
SF:/usr/include/c++/5/bits/stl_construct.h
FN:79,_ZSt10_ConstructI2M4S0_EvPT_RKT0_
FN:112,_ZNSt12_Destroy_auxILb1EE9__destroyIP9t3DObjectEEvT_S4_
FN:112,_ZNSt12_Destroy_auxILb1EE9__destroyIP2M4EEvT_S4_
FN:112,_ZNSt12_Destroy_auxILb1EE9__destroyIP8triangleEEvT_S4_
FN:112,_ZNSt12_Destroy_auxILb1EE9__destroyIN9__gnu_cxx17__normal_iteratorIPhSt6vectorIhSaIhEEEEEEvT_S9_
FN:112,_ZNSt12_Destroy_auxILb1EE9__destroyIP8GLVertexEEvT_S4_
FN:112,_ZNSt12_Destroy_auxILb1EE9__destroyIPhEEvT_S3_
FN:112,_ZNSt12_Destroy_auxILb1EE9__destroyIP13tMaterialInfoEEvT_S4_
FN:122,_ZSt8_DestroyIPhEvT_S1_
FN:122,_ZSt8_DestroyIN9__gnu_cxx17__normal_iteratorIPhSt6vectorIhSaIhEEEEEvT_S7_
FN:122,_ZSt8_DestroyIP9t3DObjectEvT_S2_
FN:122,_ZSt8_DestroyIP13tMaterialInfoEvT_S2_
FN:122,_ZSt8_DestroyIP8triangleEvT_S2_
FN:122,_ZSt8_DestroyIP8GLVertexEvT_S2_
FN:122,_ZSt8_DestroyIP2M4EvT_S2_
FN:148,_ZSt8_DestroyIP9t3DObjectS0_EvT_S2_RSaIT0_E
FN:148,_ZSt8_DestroyIP8GLVertexS0_EvT_S2_RSaIT0_E
FN:148,_ZSt8_DestroyIPhhEvT_S1_RSaIT0_E
FN:148,_ZSt8_DestroyIP13tMaterialInfoS0_EvT_S2_RSaIT0_E
FN:148,_ZSt8_DestroyIN9__gnu_cxx17__normal_iteratorIPhSt6vectorIhSaIhEEEEhEvT_S7_RSaIT0_E
FN:148,_ZSt8_DestroyIP2M4S0_EvT_S2_RSaIT0_E
FN:148,_ZSt8_DestroyIP8triangleS0_EvT_S2_RSaIT0_E
FNDA:48,_ZSt10_ConstructI2M4S0_EvPT_RKT0_
FNDA:19,_ZNSt12_Destroy_auxILb1EE9__destroyIP8triangleEEvT_S4_
FNDA:2,_ZNSt12_Destroy_auxILb1EE9__destroyIP8GLVertexEEvT_S4_
FNDA:6,_ZNSt12_Destroy_auxILb1EE9__destroyIP2M4EEvT_S4_
FNDA:0,_ZNSt12_Destroy_auxILb1EE9__destroyIP9t3DObjectEEvT_S4_
FNDA:0,_ZNSt12_Destroy_auxILb1EE9__destroyIP13tMaterialInfoEEvT_S4_
FNDA:22,_ZNSt12_Destroy_auxILb1EE9__destroyIN9__gnu_cxx17__normal_iteratorIPhSt6vectorIhSaIhEEEEEEvT_S9_
FNDA:100,_ZNSt12_Destroy_auxILb1EE9__destroyIPhEEvT_S3_
FNDA:19,_ZSt8_DestroyIP8triangleEvT_S2_
FNDA:2,_ZSt8_DestroyIP8GLVertexEvT_S2_
FNDA:6,_ZSt8_DestroyIP2M4EvT_S2_
FNDA:0,_ZSt8_DestroyIP9t3DObjectEvT_S2_
FNDA:0,_ZSt8_DestroyIP13tMaterialInfoEvT_S2_
FNDA:22,_ZSt8_DestroyIN9__gnu_cxx17__normal_iteratorIPhSt6vectorIhSaIhEEEEEvT_S7_
FNDA:100,_ZSt8_DestroyIPhEvT_S1_
FNDA:19,_ZSt8_DestroyIP8triangleS0_EvT_S2_RSaIT0_E
FNDA:2,_ZSt8_DestroyIP8GLVertexS0_EvT_S2_RSaIT0_E
FNDA:6,_ZSt8_DestroyIP2M4S0_EvT_S2_RSaIT0_E
FNDA:0,_ZSt8_DestroyIP9t3DObjectS0_EvT_S2_RSaIT0_E
FNDA:0,_ZSt8_DestroyIP13tMaterialInfoS0_EvT_S2_RSaIT0_E
FNDA:22,_ZSt8_DestroyIN9__gnu_cxx17__normal_iteratorIPhSt6vectorIhSaIhEEEEhEvT_S7_RSaIT0_E
FNDA:100,_ZSt8_DestroyIPhhEvT_S1_RSaIT0_E
FNF:22
FNH:16
DA:79,48
DA:83,48
DA:84,48
DA:112,149
DA:122,149
DA:126,149
DA:128,149
DA:148,149
DA:151,149
DA:152,149
LF:10
LH:10
end_of_record
SF:/usr/include/c++/5/bits/stl_function.h
FN:386,_ZNKSt4lessIiEclERKiS2_
FN:891,_ZNKSt10_Select1stISt4pairIKi9GLTextureEEclERKS3_
FNDA:15,_ZNKSt4lessIiEclERKiS2_
FNDA:15,_ZNKSt10_Select1stISt4pairIKi9GLTextureEEclERKS3_
FNF:2
FNH:2
DA:386,15
DA:387,15
DA:891,15
DA:892,15
LF:4
LH:4
end_of_record
SF:/usr/include/c++/5/bits/stl_iterator.h
FN:740,_ZN9__gnu_cxx17__normal_iteratorIP8triangleSt6vectorIS1_SaIS1_EEEC2ERKS2_
FN:740,_ZN9__gnu_cxx17__normal_iteratorIP2M4St6vectorIS1_SaIS1_EEEC2ERKS2_
FN:740,_ZN9__gnu_cxx17__normal_iteratorIPKhSt6vectorIhSaIhEEEC2ERKS2_
FN:740,_ZN9__gnu_cxx17__normal_iteratorIP8GLVertexSt6vectorIS1_SaIS1_EEEC2ERKS2_
FN:740,_ZN9__gnu_cxx17__normal_iteratorIPhSt6vectorIhSaIhEEEC2ERKS1_
FN:753,_ZNK9__gnu_cxx17__normal_iteratorIP8triangleSt6vectorIS1_SaIS1_EEEdeEv
FN:805,_ZNK9__gnu_cxx17__normal_iteratorIP8GLVertexSt6vectorIS1_SaIS1_EEE4baseEv
FN:805,_ZNK9__gnu_cxx17__normal_iteratorIPhSt6vectorIhSaIhEEE4baseEv
FN:805,_ZNK9__gnu_cxx17__normal_iteratorIP8triangleSt6vectorIS1_SaIS1_EEE4baseEv
FN:805,_ZNK9__gnu_cxx17__normal_iteratorIPKhSt6vectorIhSaIhEEE4baseEv
FN:805,_ZNK9__gnu_cxx17__normal_iteratorIP2M4St6vectorIS1_SaIS1_EEE4baseEv
FN:923,_ZN9__gnu_cxxmiIPhSt6vectorIhSaIhEEEENS_17__normal_iteratorIT_T0_E15difference_typeERKS8_SB_
FN:923,_ZN9__gnu_cxxmiIP2M4St6vectorIS1_SaIS1_EEEENS_17__normal_iteratorIT_T0_E15difference_typeERKS9_SC_
FN:923,_ZN9__gnu_cxxmiIP8GLVertexSt6vectorIS1_SaIS1_EEEENS_17__normal_iteratorIT_T0_E15difference_typeERKS9_SC_
FN:923,_ZN9__gnu_cxxmiIP8triangleSt6vectorIS1_SaIS1_EEEENS_17__normal_iteratorIT_T0_E15difference_typeERKS9_SC_
FNDA:36,_ZN9__gnu_cxx17__normal_iteratorIP8triangleSt6vectorIS1_SaIS1_EEEC2ERKS2_
FNDA:68,_ZN9__gnu_cxx17__normal_iteratorIPhSt6vectorIhSaIhEEEC2ERKS1_
FNDA:132,_ZN9__gnu_cxx17__normal_iteratorIPKhSt6vectorIhSaIhEEEC2ERKS2_
FNDA:2,_ZN9__gnu_cxx17__normal_iteratorIP8GLVertexSt6vectorIS1_SaIS1_EEEC2ERKS2_
FNDA:6,_ZN9__gnu_cxx17__normal_iteratorIP2M4St6vectorIS1_SaIS1_EEEC2ERKS2_
FNDA:0,_ZNK9__gnu_cxx17__normal_iteratorIP8triangleSt6vectorIS1_SaIS1_EEEdeEv
FNDA:132,_ZNK9__gnu_cxx17__normal_iteratorIPKhSt6vectorIhSaIhEEE4baseEv
FNDA:26,_ZNK9__gnu_cxx17__normal_iteratorIPhSt6vectorIhSaIhEEE4baseEv
FNDA:4,_ZNK9__gnu_cxx17__normal_iteratorIP8GLVertexSt6vectorIS1_SaIS1_EEE4baseEv
FNDA:12,_ZNK9__gnu_cxx17__normal_iteratorIP2M4St6vectorIS1_SaIS1_EEE4baseEv
FNDA:72,_ZNK9__gnu_cxx17__normal_iteratorIP8triangleSt6vectorIS1_SaIS1_EEE4baseEv
FNDA:1,_ZN9__gnu_cxxmiIPhSt6vectorIhSaIhEEEENS_17__normal_iteratorIT_T0_E15difference_typeERKS8_SB_
FNDA:1,_ZN9__gnu_cxxmiIP8GLVertexSt6vectorIS1_SaIS1_EEEENS_17__normal_iteratorIT_T0_E15difference_typeERKS9_SC_
FNDA:3,_ZN9__gnu_cxxmiIP2M4St6vectorIS1_SaIS1_EEEENS_17__normal_iteratorIT_T0_E15difference_typeERKS9_SC_
FNDA:18,_ZN9__gnu_cxxmiIP8triangleSt6vectorIS1_SaIS1_EEEENS_17__normal_iteratorIT_T0_E15difference_typeERKS9_SC_
FNF:15
FNH:14
DA:740,244
DA:741,244
DA:753,0
DA:754,0
DA:805,246
DA:806,246
DA:923,23
DA:926,23
LF:8
LH:6
end_of_record
SF:/usr/include/c++/5/bits/stl_iterator_base_types.h
FN:215,_ZNSt10_Iter_baseIP8triangleLb0EE7_S_baseES1_
FN:215,_ZNSt10_Iter_baseIP8GLVertexLb0EE7_S_baseES1_
FN:215,_ZNSt10_Iter_baseIP2M4Lb0EE7_S_baseES1_
FN:215,_ZNSt10_Iter_baseIN9__gnu_cxx17__normal_iteratorIPKhSt6vectorIhSaIhEEEELb0EE7_S_baseES7_
FN:215,_ZNSt10_Iter_baseIPhLb0EE7_S_baseES0_
FN:223,_ZNSt10_Iter_baseIN9__gnu_cxx17__normal_iteratorIPKhSt6vectorIhSaIhEEEELb1EE7_S_baseES7_
FN:223,_ZNSt10_Iter_baseIN9__gnu_cxx17__normal_iteratorIPhSt6vectorIhSaIhEEEELb1EE7_S_baseES6_
FNDA:11,_ZNSt10_Iter_baseIP8GLVertexLb0EE7_S_baseES1_
FNDA:0,_ZNSt10_Iter_baseIP2M4Lb0EE7_S_baseES1_
FNDA:180,_ZNSt10_Iter_baseIP8triangleLb0EE7_S_baseES1_
FNDA:55,_ZNSt10_Iter_baseIPhLb0EE7_S_baseES0_
FNDA:132,_ZNSt10_Iter_baseIN9__gnu_cxx17__normal_iteratorIPKhSt6vectorIhSaIhEEEELb0EE7_S_baseES7_
FNDA:22,_ZNSt10_Iter_baseIN9__gnu_cxx17__normal_iteratorIPhSt6vectorIhSaIhEEEELb1EE7_S_baseES6_
FNDA:132,_ZNSt10_Iter_baseIN9__gnu_cxx17__normal_iteratorIPKhSt6vectorIhSaIhEEEELb1EE7_S_baseES7_
FNF:7
FNH:6
DA:215,378
DA:216,378
DA:223,154
DA:224,154
LF:4
LH:4
end_of_record
SF:/usr/include/c++/5/bits/stl_map.h
FN:96,_ZNSt3mapIi9GLTextureSt4lessIiESaISt4pairIKiS0_EEED2Ev
FN:162,_ZNSt3mapIi9GLTextureSt4lessIiESaISt4pairIKiS0_EEEC2Ev
FN:356,_ZNSt3mapIi9GLTextureSt4lessIiESaISt4pairIKiS0_EEE3endEv
FN:474,_ZNSt3mapIi9GLTextureSt4lessIiESaISt4pairIKiS0_EEEixERS4_
FN:664,_ZNSt3mapIi9GLTextureSt4lessIiESaISt4pairIKiS0_EEE6insertESt17_Rb_tree_iteratorIS5_ERKS5_
FN:818,_ZNKSt3mapIi9GLTextureSt4lessIiESaISt4pairIKiS0_EEE8key_compEv
FN:845,_ZNSt3mapIi9GLTextureSt4lessIiESaISt4pairIKiS0_EEE4findERS4_
FN:915,_ZNSt3mapIi9GLTextureSt4lessIiESaISt4pairIKiS0_EEE11lower_boundERS4_
FNDA:1,_ZNSt3mapIi9GLTextureSt4lessIiESaISt4pairIKiS0_EEED2Ev
FNDA:1,_ZNSt3mapIi9GLTextureSt4lessIiESaISt4pairIKiS0_EEEC2Ev
FNDA:8,_ZNSt3mapIi9GLTextureSt4lessIiESaISt4pairIKiS0_EEE3endEv
FNDA:5,_ZNSt3mapIi9GLTextureSt4lessIiESaISt4pairIKiS0_EEEixERS4_
FNDA:2,_ZNSt3mapIi9GLTextureSt4lessIiESaISt4pairIKiS0_EEE6insertESt17_Rb_tree_iteratorIS5_ERKS5_
FNDA:3,_ZNKSt3mapIi9GLTextureSt4lessIiESaISt4pairIKiS0_EEE8key_compEv
FNDA:3,_ZNSt3mapIi9GLTextureSt4lessIiESaISt4pairIKiS0_EEE4findERS4_
FNDA:5,_ZNSt3mapIi9GLTextureSt4lessIiESaISt4pairIKiS0_EEE11lower_boundERS4_
FNF:8
FNH:8
DA:96,1
DA:162,1
DA:166,1
DA:356,8
DA:357,8
DA:474,5
DA:479,5
DA:481,5
DA:487,2
DA:489,5
DA:664,2
DA:666,2
DA:818,3
DA:819,3
DA:845,3
DA:846,3
DA:915,5
DA:916,5
LF:18
LH:18
end_of_record
SF:/usr/include/c++/5/bits/stl_pair.h
FN:96,_ZNSt4pairIKi9GLTextureED2Ev
FN:96,_ZNSt4pairIKi9GLTextureEC2ERKS2_
FN:112,_ZNSt4pairIPSt18_Rb_tree_node_baseS1_EC2ERKS1_S4_
FN:112,_ZNSt4pairIKi9GLTextureEC2ERS0_RKS1_
FNDA:2,_ZNSt4pairIKi9GLTextureEC2ERKS2_
FNDA:4,_ZNSt4pairIKi9GLTextureED2Ev
FNDA:2,_ZNSt4pairIPSt18_Rb_tree_node_baseS1_EC2ERKS1_S4_
FNDA:2,_ZNSt4pairIKi9GLTextureEC2ERS0_RKS1_
FNF:4
FNH:4
DA:96,6
DA:112,4
DA:113,4
LF:3
LH:3
end_of_record
SF:/usr/include/c++/5/bits/stl_tree.h
FN:142,_ZNSt13_Rb_tree_nodeISt4pairIKi9GLTextureEE9_M_valptrEv
FN:146,_ZNKSt13_Rb_tree_nodeISt4pairIKi9GLTextureEE9_M_valptrEv
FN:191,_ZNSt17_Rb_tree_iteratorISt4pairIKi9GLTextureEEC2EPSt18_Rb_tree_node_base
FN:195,_ZNKSt17_Rb_tree_iteratorISt4pairIKi9GLTextureEEdeEv
FN:203,_ZNSt17_Rb_tree_iteratorISt4pairIKi9GLTextureEEppEv
FN:218,_ZNSt17_Rb_tree_iteratorISt4pairIKi9GLTextureEEmmEv
FN:233,_ZNKSt17_Rb_tree_iteratorISt4pairIKi9GLTextureEEeqERKS4_
FN:237,_ZNKSt17_Rb_tree_iteratorISt4pairIKi9GLTextureEEneERKS4_
FN:266,_ZNSt23_Rb_tree_const_iteratorISt4pairIKi9GLTextureEEC2ERKSt17_Rb_tree_iteratorIS3_E
FN:270,_ZNKSt23_Rb_tree_const_iteratorISt4pairIKi9GLTextureEE13_M_const_castEv
FN:449,_ZNSt8_Rb_treeIiSt4pairIKi9GLTextureESt10_Select1stIS3_ESt4lessIiESaIS3_EE11_Alloc_nodeC2ERS9_
FN:455,_ZNKSt8_Rb_treeIiSt4pairIKi9GLTextureESt10_Select1stIS3_ESt4lessIiESaIS3_EE11_Alloc_nodeclIS3_EEPSt13_Rb_tree_nodeIS3_ERKT_
FN:477,_ZNSt8_Rb_treeIiSt4pairIKi9GLTextureESt10_Select1stIS3_ESt4lessIiESaIS3_EE21_M_get_Node_allocatorEv
FN:481,_ZNKSt8_Rb_treeIiSt4pairIKi9GLTextureESt10_Select1stIS3_ESt4lessIiESaIS3_EE21_M_get_Node_allocatorEv
FN:485,_ZNKSt8_Rb_treeIiSt4pairIKi9GLTextureESt10_Select1stIS3_ESt4lessIiESaIS3_EE13get_allocatorEv
FN:490,_ZNSt8_Rb_treeIiSt4pairIKi9GLTextureESt10_Select1stIS3_ESt4lessIiESaIS3_EE11_M_get_nodeEv
FN:494,_ZNSt8_Rb_treeIiSt4pairIKi9GLTextureESt10_Select1stIS3_ESt4lessIiESaIS3_EE11_M_put_nodeEPSt13_Rb_tree_nodeIS3_E
FN:499,_ZNSt8_Rb_treeIiSt4pairIKi9GLTextureESt10_Select1stIS3_ESt4lessIiESaIS3_EE17_M_construct_nodeEPSt13_Rb_tree_nodeIS3_ERKS3_
FN:511,_ZNSt8_Rb_treeIiSt4pairIKi9GLTextureESt10_Select1stIS3_ESt4lessIiESaIS3_EE14_M_create_nodeERKS3_
FN:519,_ZNSt8_Rb_treeIiSt4pairIKi9GLTextureESt10_Select1stIS3_ESt4lessIiESaIS3_EE15_M_destroy_nodeEPSt13_Rb_tree_nodeIS3_E
FN:559,_ZNSt8_Rb_treeIiSt4pairIKi9GLTextureESt10_Select1stIS3_ESt4lessIiESaIS3_EE12_M_drop_nodeEPSt13_Rb_tree_nodeIS3_E
FN:580,_ZNSt8_Rb_treeIiSt4pairIKi9GLTextureESt10_Select1stIS3_ESt4lessIiESaIS3_EE13_Rb_tree_implIS7_Lb0EED2Ev
FN:586,_ZNSt8_Rb_treeIiSt4pairIKi9GLTextureESt10_Select1stIS3_ESt4lessIiESaIS3_EE13_Rb_tree_implIS7_Lb0EEC2Ev
FN:614,_ZNSt8_Rb_treeIiSt4pairIKi9GLTextureESt10_Select1stIS3_ESt4lessIiESaIS3_EE13_Rb_tree_implIS7_Lb0EE13_M_initializeEv
FN:635,_ZNSt8_Rb_treeIiSt4pairIKi9GLTextureESt10_Select1stIS3_ESt4lessIiESaIS3_EE11_M_leftmostEv
FN:643,_ZNSt8_Rb_treeIiSt4pairIKi9GLTextureESt10_Select1stIS3_ESt4lessIiESaIS3_EE12_M_rightmostEv
FN:651,_ZNSt8_Rb_treeIiSt4pairIKi9GLTextureESt10_Select1stIS3_ESt4lessIiESaIS3_EE8_M_beginEv
FN:662,_ZNSt8_Rb_treeIiSt4pairIKi9GLTextureESt10_Select1stIS3_ESt4lessIiESaIS3_EE6_M_endEv
FN:670,_ZNSt8_Rb_treeIiSt4pairIKi9GLTextureESt10_Select1stIS3_ESt4lessIiESaIS3_EE8_S_valueEPKSt13_Rb_tree_nodeIS3_E
FN:674,_ZNSt8_Rb_treeIiSt4pairIKi9GLTextureESt10_Select1stIS3_ESt4lessIiESaIS3_EE6_S_keyEPKSt13_Rb_tree_nodeIS3_E
FN:678,_ZNSt8_Rb_treeIiSt4pairIKi9GLTextureESt10_Select1stIS3_ESt4lessIiESaIS3_EE7_S_leftEPSt18_Rb_tree_node_base
FN:686,_ZNSt8_Rb_treeIiSt4pairIKi9GLTextureESt10_Select1stIS3_ESt4lessIiESaIS3_EE8_S_rightEPSt18_Rb_tree_node_base
FN:694,_ZNSt8_Rb_treeIiSt4pairIKi9GLTextureESt10_Select1stIS3_ESt4lessIiESaIS3_EE8_S_valueEPKSt18_Rb_tree_node_base
FN:698,_ZNSt8_Rb_treeIiSt4pairIKi9GLTextureESt10_Select1stIS3_ESt4lessIiESaIS3_EE6_S_keyEPKSt18_Rb_tree_node_base
FN:807,_ZNSt8_Rb_treeIiSt4pairIKi9GLTextureESt10_Select1stIS3_ESt4lessIiESaIS3_EEC2Ev
FN:857,_ZNSt8_Rb_treeIiSt4pairIKi9GLTextureESt10_Select1stIS3_ESt4lessIiESaIS3_EED2Ev
FN:865,_ZNKSt8_Rb_treeIiSt4pairIKi9GLTextureESt10_Select1stIS3_ESt4lessIiESaIS3_EE8key_compEv
FN:869,_ZNSt8_Rb_treeIiSt4pairIKi9GLTextureESt10_Select1stIS3_ESt4lessIiESaIS3_EE5beginEv
FN:877,_ZNSt8_Rb_treeIiSt4pairIKi9GLTextureESt10_Select1stIS3_ESt4lessIiESaIS3_EE3endEv
FN:905,_ZNKSt8_Rb_treeIiSt4pairIKi9GLTextureESt10_Select1stIS3_ESt4lessIiESaIS3_EE4sizeEv
FN:981,_ZNSt8_Rb_treeIiSt4pairIKi9GLTextureESt10_Select1stIS3_ESt4lessIiESaIS3_EE17_M_insert_unique_ESt23_Rb_tree_const_iteratorIS3_ERKS3_
FN:1090,_ZNSt8_Rb_treeIiSt4pairIKi9GLTextureESt10_Select1stIS3_ESt4lessIiESaIS3_EE11lower_boundERS1_
FN:1496,_ZNSt8_Rb_treeIiSt4pairIKi9GLTextureESt10_Select1stIS3_ESt4lessIiESaIS3_EE10_M_insert_INS9_11_Alloc_nodeEEESt17_Rb_tree_iteratorIS3_EPSt18_Rb_tree_node_baseSF_RKS3_RT_
FN:1606,_ZNSt8_Rb_treeIiSt4pairIKi9GLTextureESt10_Select1stIS3_ESt4lessIiESaIS3_EE8_M_eraseEPSt13_Rb_tree_nodeIS3_E
FN:1623,_ZNSt8_Rb_treeIiSt4pairIKi9GLTextureESt10_Select1stIS3_ESt4lessIiESaIS3_EE14_M_lower_boundEPSt13_Rb_tree_nodeIS3_ESC_RS1_
FN:1800,_ZNSt8_Rb_treeIiSt4pairIKi9GLTextureESt10_Select1stIS3_ESt4lessIiESaIS3_EE24_M_get_insert_unique_posERS1_
FN:1902,_ZNSt8_Rb_treeIiSt4pairIKi9GLTextureESt10_Select1stIS3_ESt4lessIiESaIS3_EE29_M_get_insert_hint_unique_posESt23_Rb_tree_const_iteratorIS3_ERS1_
FN:1963,_ZNSt8_Rb_treeIiSt4pairIKi9GLTextureESt10_Select1stIS3_ESt4lessIiESaIS3_EE17_M_insert_unique_INS9_11_Alloc_nodeEEESt17_Rb_tree_iteratorIS3_ESt23_Rb_tree_const_iteratorIS3_ERKS3_RT_
FN:2292,_ZNSt8_Rb_treeIiSt4pairIKi9GLTextureESt10_Select1stIS3_ESt4lessIiESaIS3_EE4findERS1_
FNDA:12,_ZNSt13_Rb_tree_nodeISt4pairIKi9GLTextureEE9_M_valptrEv
FNDA:12,_ZNKSt13_Rb_tree_nodeISt4pairIKi9GLTextureEE9_M_valptrEv
FNDA:27,_ZNSt17_Rb_tree_iteratorISt4pairIKi9GLTextureEEC2EPSt18_Rb_tree_node_base
FNDA:8,_ZNKSt17_Rb_tree_iteratorISt4pairIKi9GLTextureEEdeEv
FNDA:0,_ZNSt17_Rb_tree_iteratorISt4pairIKi9GLTextureEEppEv
FNDA:0,_ZNSt17_Rb_tree_iteratorISt4pairIKi9GLTextureEEmmEv
FNDA:9,_ZNKSt17_Rb_tree_iteratorISt4pairIKi9GLTextureEEeqERKS4_
FNDA:3,_ZNKSt17_Rb_tree_iteratorISt4pairIKi9GLTextureEEneERKS4_
FNDA:2,_ZNSt23_Rb_tree_const_iteratorISt4pairIKi9GLTextureEEC2ERKSt17_Rb_tree_iteratorIS3_E
FNDA:2,_ZNKSt23_Rb_tree_const_iteratorISt4pairIKi9GLTextureEE13_M_const_castEv
FNDA:2,_ZNSt8_Rb_treeIiSt4pairIKi9GLTextureESt10_Select1stIS3_ESt4lessIiESaIS3_EE11_Alloc_nodeC2ERS9_
FNDA:2,_ZNKSt8_Rb_treeIiSt4pairIKi9GLTextureESt10_Select1stIS3_ESt4lessIiESaIS3_EE11_Alloc_nodeclIS3_EEPSt13_Rb_tree_nodeIS3_ERKT_
FNDA:4,_ZNSt8_Rb_treeIiSt4pairIKi9GLTextureESt10_Select1stIS3_ESt4lessIiESaIS3_EE21_M_get_Node_allocatorEv
FNDA:4,_ZNKSt8_Rb_treeIiSt4pairIKi9GLTextureESt10_Select1stIS3_ESt4lessIiESaIS3_EE21_M_get_Node_allocatorEv
FNDA:4,_ZNKSt8_Rb_treeIiSt4pairIKi9GLTextureESt10_Select1stIS3_ESt4lessIiESaIS3_EE13get_allocatorEv
FNDA:2,_ZNSt8_Rb_treeIiSt4pairIKi9GLTextureESt10_Select1stIS3_ESt4lessIiESaIS3_EE11_M_get_nodeEv
FNDA:2,_ZNSt8_Rb_treeIiSt4pairIKi9GLTextureESt10_Select1stIS3_ESt4lessIiESaIS3_EE11_M_put_nodeEPSt13_Rb_tree_nodeIS3_E
FNDA:2,_ZNSt8_Rb_treeIiSt4pairIKi9GLTextureESt10_Select1stIS3_ESt4lessIiESaIS3_EE17_M_construct_nodeEPSt13_Rb_tree_nodeIS3_ERKS3_
FNDA:2,_ZNSt8_Rb_treeIiSt4pairIKi9GLTextureESt10_Select1stIS3_ESt4lessIiESaIS3_EE14_M_create_nodeERKS3_
FNDA:2,_ZNSt8_Rb_treeIiSt4pairIKi9GLTextureESt10_Select1stIS3_ESt4lessIiESaIS3_EE15_M_destroy_nodeEPSt13_Rb_tree_nodeIS3_E
FNDA:2,_ZNSt8_Rb_treeIiSt4pairIKi9GLTextureESt10_Select1stIS3_ESt4lessIiESaIS3_EE12_M_drop_nodeEPSt13_Rb_tree_nodeIS3_E
FNDA:1,_ZNSt8_Rb_treeIiSt4pairIKi9GLTextureESt10_Select1stIS3_ESt4lessIiESaIS3_EE13_Rb_tree_implIS7_Lb0EED2Ev
FNDA:1,_ZNSt8_Rb_treeIiSt4pairIKi9GLTextureESt10_Select1stIS3_ESt4lessIiESaIS3_EE13_Rb_tree_implIS7_Lb0EEC2Ev
FNDA:1,_ZNSt8_Rb_treeIiSt4pairIKi9GLTextureESt10_Select1stIS3_ESt4lessIiESaIS3_EE13_Rb_tree_implIS7_Lb0EE13_M_initializeEv
FNDA:0,_ZNSt8_Rb_treeIiSt4pairIKi9GLTextureESt10_Select1stIS3_ESt4lessIiESaIS3_EE11_M_leftmostEv
FNDA:2,_ZNSt8_Rb_treeIiSt4pairIKi9GLTextureESt10_Select1stIS3_ESt4lessIiESaIS3_EE12_M_rightmostEv
FNDA:10,_ZNSt8_Rb_treeIiSt4pairIKi9GLTextureESt10_Select1stIS3_ESt4lessIiESaIS3_EE8_M_beginEv
FNDA:13,_ZNSt8_Rb_treeIiSt4pairIKi9GLTextureESt10_Select1stIS3_ESt4lessIiESaIS3_EE6_M_endEv
FNDA:9,_ZNSt8_Rb_treeIiSt4pairIKi9GLTextureESt10_Select1stIS3_ESt4lessIiESaIS3_EE8_S_valueEPKSt13_Rb_tree_nodeIS3_E
FNDA:9,_ZNSt8_Rb_treeIiSt4pairIKi9GLTextureESt10_Select1stIS3_ESt4lessIiESaIS3_EE6_S_keyEPKSt13_Rb_tree_nodeIS3_E
FNDA:6,_ZNSt8_Rb_treeIiSt4pairIKi9GLTextureESt10_Select1stIS3_ESt4lessIiESaIS3_EE7_S_leftEPSt18_Rb_tree_node_base
FNDA:7,_ZNSt8_Rb_treeIiSt4pairIKi9GLTextureESt10_Select1stIS3_ESt4lessIiESaIS3_EE8_S_rightEPSt18_Rb_tree_node_base
FNDA:3,_ZNSt8_Rb_treeIiSt4pairIKi9GLTextureESt10_Select1stIS3_ESt4lessIiESaIS3_EE8_S_valueEPKSt18_Rb_tree_node_base
FNDA:3,_ZNSt8_Rb_treeIiSt4pairIKi9GLTextureESt10_Select1stIS3_ESt4lessIiESaIS3_EE6_S_keyEPKSt18_Rb_tree_node_base
FNDA:1,_ZNSt8_Rb_treeIiSt4pairIKi9GLTextureESt10_Select1stIS3_ESt4lessIiESaIS3_EEC2Ev
FNDA:1,_ZNSt8_Rb_treeIiSt4pairIKi9GLTextureESt10_Select1stIS3_ESt4lessIiESaIS3_EED2Ev
FNDA:3,_ZNKSt8_Rb_treeIiSt4pairIKi9GLTextureESt10_Select1stIS3_ESt4lessIiESaIS3_EE8key_compEv
FNDA:1,_ZNSt8_Rb_treeIiSt4pairIKi9GLTextureESt10_Select1stIS3_ESt4lessIiESaIS3_EE5beginEv
FNDA:13,_ZNSt8_Rb_treeIiSt4pairIKi9GLTextureESt10_Select1stIS3_ESt4lessIiESaIS3_EE3endEv
FNDA:2,_ZNKSt8_Rb_treeIiSt4pairIKi9GLTextureESt10_Select1stIS3_ESt4lessIiESaIS3_EE4sizeEv
FNDA:2,_ZNSt8_Rb_treeIiSt4pairIKi9GLTextureESt10_Select1stIS3_ESt4lessIiESaIS3_EE17_M_insert_unique_ESt23_Rb_tree_const_iteratorIS3_ERKS3_
FNDA:5,_ZNSt8_Rb_treeIiSt4pairIKi9GLTextureESt10_Select1stIS3_ESt4lessIiESaIS3_EE11lower_boundERS1_
FNDA:2,_ZNSt8_Rb_treeIiSt4pairIKi9GLTextureESt10_Select1stIS3_ESt4lessIiESaIS3_EE10_M_insert_INS9_11_Alloc_nodeEEESt17_Rb_tree_iteratorIS3_EPSt18_Rb_tree_node_baseSF_RKS3_RT_
FNDA:3,_ZNSt8_Rb_treeIiSt4pairIKi9GLTextureESt10_Select1stIS3_ESt4lessIiESaIS3_EE8_M_eraseEPSt13_Rb_tree_nodeIS3_E
FNDA:8,_ZNSt8_Rb_treeIiSt4pairIKi9GLTextureESt10_Select1stIS3_ESt4lessIiESaIS3_EE14_M_lower_boundEPSt13_Rb_tree_nodeIS3_ESC_RS1_
FNDA:1,_ZNSt8_Rb_treeIiSt4pairIKi9GLTextureESt10_Select1stIS3_ESt4lessIiESaIS3_EE24_M_get_insert_unique_posERS1_
FNDA:2,_ZNSt8_Rb_treeIiSt4pairIKi9GLTextureESt10_Select1stIS3_ESt4lessIiESaIS3_EE29_M_get_insert_hint_unique_posESt23_Rb_tree_const_iteratorIS3_ERS1_
FNDA:2,_ZNSt8_Rb_treeIiSt4pairIKi9GLTextureESt10_Select1stIS3_ESt4lessIiESaIS3_EE17_M_insert_unique_INS9_11_Alloc_nodeEEESt17_Rb_tree_iteratorIS3_ESt23_Rb_tree_const_iteratorIS3_ERKS3_RT_
FNDA:3,_ZNSt8_Rb_treeIiSt4pairIKi9GLTextureESt10_Select1stIS3_ESt4lessIiESaIS3_EE4findERS1_
FNF:49
FNH:46
DA:142,12
DA:143,12
DA:146,12
DA:147,12
DA:191,27
DA:192,27
DA:195,8
DA:196,8
DA:203,0
DA:205,0
DA:206,0
DA:218,0
DA:220,0
DA:221,0
DA:233,9
DA:234,9
DA:237,3
DA:238,3
DA:266,2
DA:267,2
DA:270,2
DA:271,2
DA:449,2
DA:450,2
DA:455,2
DA:459,2
DA:477,4
DA:478,4
DA:481,4
DA:482,4
DA:485,4
DA:486,4
DA:490,2
DA:491,2
DA:494,2
DA:495,2
DA:499,2
DA:502,2
DA:503,0
DA:505,0
DA:506,0
DA:508,2
DA:511,2
DA:513,2
DA:514,2
DA:515,2
DA:519,2
DA:520,2
DA:559,2
DA:561,2
DA:562,2
DA:563,2
DA:580,1
DA:586,1
DA:588,1
DA:589,1
DA:614,1
DA:616,1
DA:617,1
DA:618,1
DA:619,1
DA:620,1
DA:635,0
DA:636,0
DA:643,2
DA:644,2
DA:651,10
DA:652,10
DA:662,13
DA:663,13
DA:670,9
DA:671,9
DA:674,9
DA:675,9
DA:678,6
DA:679,6
DA:686,7
DA:687,7
DA:694,3
DA:695,3
DA:698,3
DA:699,3
DA:807,1
DA:857,1
DA:858,1
DA:865,3
DA:866,3
DA:869,1
DA:870,1
DA:877,13
DA:878,13
DA:905,2
DA:906,2
DA:981,2
DA:983,2
DA:984,2
DA:1090,5
DA:1091,5
DA:1496,2
DA:1505,2
DA:1506,4
DA:1507,6
DA:1509,2
DA:1511,2
DA:1513,2
DA:1514,2
DA:1606,5
DA:1610,7
DA:1612,2
DA:1613,2
DA:1614,2
DA:1615,2
DA:1617,3
DA:1623,17
DA:1627,26
DA:1628,9
DA:1629,4
DA:1631,5
DA:1632,8
DA:1800,1
DA:1804,1
DA:1805,1
DA:1806,1
DA:1807,1
DA:1809,0
DA:1810,0
DA:1811,0
DA:1813,1
DA:1814,1
DA:1816,1
DA:1817,1
DA:1819,0
DA:1821,0
DA:1822,0
DA:1823,0
DA:1902,2
DA:1906,2
DA:1910,2
DA:1912,3
DA:1913,1
DA:1914,1
DA:1916,1
DA:1918,0
DA:1921,0
DA:1922,0
DA:1923,0
DA:1924,0
DA:1926,0
DA:1927,0
DA:1929,0
DA:1932,0
DA:1934,0
DA:1937,0
DA:1938,0
DA:1939,0
DA:1940,0
DA:1942,0
DA:1943,0
DA:1945,0
DA:1948,0
DA:1952,0
DA:1963,2
DA:1973,2
DA:1975,2
DA:1976,2
DA:1978,2
DA:1979,0
DA:2292,3
DA:2295,3
DA:2296,12
DA:2297,1
DA:2298,13
LF:172
LH:134
end_of_record
SF:/usr/include/c++/5/bits/stl_uninitialized.h
FN:68,_ZNSt20__uninitialized_copyILb0EE13__uninit_copyIP2M4S3_EET0_T_S5_S4_
FN:91,_ZNSt20__uninitialized_copyILb1EE13__uninit_copyIP8GLVertexS3_EET0_T_S5_S4_
FN:91,_ZNSt20__uninitialized_copyILb1EE13__uninit_copyIPhS2_EET0_T_S4_S3_
FN:91,_ZNSt20__uninitialized_copyILb1EE13__uninit_copyIP8triangleS3_EET0_T_S5_S4_
FN:91,_ZNSt20__uninitialized_copyILb1EE13__uninit_copyIN9__gnu_cxx17__normal_iteratorIPKhSt6vectorIhSaIhEEEEPhEET0_T_SC_SB_
FN:107,_ZSt18uninitialized_copyIP2M4S1_ET0_T_S3_S2_
FN:107,_ZSt18uninitialized_copyIP8triangleS1_ET0_T_S3_S2_
FN:107,_ZSt18uninitialized_copyIPhS0_ET0_T_S2_S1_
FN:107,_ZSt18uninitialized_copyIN9__gnu_cxx17__normal_iteratorIPKhSt6vectorIhSaIhEEEEPhET0_T_SA_S9_
FN:107,_ZSt18uninitialized_copyIP8GLVertexS1_ET0_T_S3_S2_
FN:195,_ZNSt22__uninitialized_fill_nILb0EE15__uninit_fill_nIP2M4mS2_EET_S4_T0_RKT1_
FN:218,_ZNSt22__uninitialized_fill_nILb1EE15__uninit_fill_nIPhmhEET_S3_T0_RKT1_
FN:218,_ZNSt22__uninitialized_fill_nILb1EE15__uninit_fill_nIP8GLVertexmS2_EET_S4_T0_RKT1_
FN:236,_ZSt20uninitialized_fill_nIPhmhET_S1_T0_RKT1_
FN:236,_ZSt20uninitialized_fill_nIP8GLVertexmS0_ET_S2_T0_RKT1_
FN:236,_ZSt20uninitialized_fill_nIP2M4mS0_ET_S2_T0_RKT1_
FN:279,_ZSt22__uninitialized_copy_aIPhS0_hET0_T_S2_S1_RSaIT1_E
FN:279,_ZSt22__uninitialized_copy_aIN9__gnu_cxx17__normal_iteratorIPKhSt6vectorIhSaIhEEEEPhhET0_T_SA_S9_RSaIT1_E
FN:279,_ZSt22__uninitialized_copy_aIP8triangleS1_S0_ET0_T_S3_S2_RSaIT1_E
FN:279,_ZSt22__uninitialized_copy_aIP8GLVertexS1_S0_ET0_T_S3_S2_RSaIT1_E
FN:279,_ZSt22__uninitialized_copy_aIP2M4S1_S0_ET0_T_S3_S2_RSaIT1_E
FN:286,_ZSt22__uninitialized_move_aIP8GLVertexS1_SaIS0_EET0_T_S4_S3_RT1_
FN:286,_ZSt22__uninitialized_move_aIPhS0_SaIhEET0_T_S3_S2_RT1_
FN:286,_ZSt22__uninitialized_move_aIP2M4S1_SaIS0_EET0_T_S4_S3_RT1_
FN:297,_ZSt34__uninitialized_move_if_noexcept_aIP8GLVertexS1_SaIS0_EET0_T_S4_S3_RT1_
FN:297,_ZSt34__uninitialized_move_if_noexcept_aIP2M4S1_SaIS0_EET0_T_S4_S3_RT1_
FN:297,_ZSt34__uninitialized_move_if_noexcept_aIPhS0_SaIhEET0_T_S3_S2_RT1_
FN:297,_ZSt34__uninitialized_move_if_noexcept_aIP8triangleS1_SaIS0_EET0_T_S4_S3_RT1_
FN:356,_ZSt24__uninitialized_fill_n_aIPhmhhET_S1_T0_RKT1_RSaIT2_E
FN:356,_ZSt24__uninitialized_fill_n_aIP2M4mS0_S0_ET_S2_T0_RKT1_RSaIT2_E
FN:356,_ZSt24__uninitialized_fill_n_aIP8GLVertexmS0_S0_ET_S2_T0_RKT1_RSaIT2_E
FNDA:6,_ZNSt20__uninitialized_copyILb0EE13__uninit_copyIP2M4S3_EET0_T_S5_S4_
FNDA:2,_ZNSt20__uninitialized_copyILb1EE13__uninit_copyIP8GLVertexS3_EET0_T_S5_S4_
FNDA:36,_ZNSt20__uninitialized_copyILb1EE13__uninit_copyIP8triangleS3_EET0_T_S5_S4_
FNDA:44,_ZNSt20__uninitialized_copyILb1EE13__uninit_copyIN9__gnu_cxx17__normal_iteratorIPKhSt6vectorIhSaIhEEEEPhEET0_T_SC_SB_
FNDA:2,_ZNSt20__uninitialized_copyILb1EE13__uninit_copyIPhS2_EET0_T_S4_S3_
FNDA:2,_ZSt18uninitialized_copyIP8GLVertexS1_ET0_T_S3_S2_
FNDA:6,_ZSt18uninitialized_copyIP2M4S1_ET0_T_S3_S2_
FNDA:36,_ZSt18uninitialized_copyIP8triangleS1_ET0_T_S3_S2_
FNDA:44,_ZSt18uninitialized_copyIN9__gnu_cxx17__normal_iteratorIPKhSt6vectorIhSaIhEEEEPhET0_T_SA_S9_
FNDA:2,_ZSt18uninitialized_copyIPhS0_ET0_T_S2_S1_
FNDA:3,_ZNSt22__uninitialized_fill_nILb0EE15__uninit_fill_nIP2M4mS2_EET_S4_T0_RKT1_
FNDA:1,_ZNSt22__uninitialized_fill_nILb1EE15__uninit_fill_nIPhmhEET_S3_T0_RKT1_
FNDA:1,_ZNSt22__uninitialized_fill_nILb1EE15__uninit_fill_nIP8GLVertexmS2_EET_S4_T0_RKT1_
FNDA:1,_ZSt20uninitialized_fill_nIPhmhET_S1_T0_RKT1_
FNDA:1,_ZSt20uninitialized_fill_nIP8GLVertexmS0_ET_S2_T0_RKT1_
FNDA:3,_ZSt20uninitialized_fill_nIP2M4mS0_ET_S2_T0_RKT1_
FNDA:2,_ZSt22__uninitialized_copy_aIP8GLVertexS1_S0_ET0_T_S3_S2_RSaIT1_E
FNDA:6,_ZSt22__uninitialized_copy_aIP2M4S1_S0_ET0_T_S3_S2_RSaIT1_E
FNDA:36,_ZSt22__uninitialized_copy_aIP8triangleS1_S0_ET0_T_S3_S2_RSaIT1_E
FNDA:44,_ZSt22__uninitialized_copy_aIN9__gnu_cxx17__normal_iteratorIPKhSt6vectorIhSaIhEEEEPhhET0_T_SA_S9_RSaIT1_E
FNDA:2,_ZSt22__uninitialized_copy_aIPhS0_hET0_T_S2_S1_RSaIT1_E
FNDA:0,_ZSt22__uninitialized_move_aIPhS0_SaIhEET0_T_S3_S2_RT1_
FNDA:0,_ZSt22__uninitialized_move_aIP8GLVertexS1_SaIS0_EET0_T_S4_S3_RT1_
FNDA:0,_ZSt22__uninitialized_move_aIP2M4S1_SaIS0_EET0_T_S4_S3_RT1_
FNDA:2,_ZSt34__uninitialized_move_if_noexcept_aIPhS0_SaIhEET0_T_S3_S2_RT1_
FNDA:2,_ZSt34__uninitialized_move_if_noexcept_aIP8GLVertexS1_SaIS0_EET0_T_S4_S3_RT1_
FNDA:6,_ZSt34__uninitialized_move_if_noexcept_aIP2M4S1_SaIS0_EET0_T_S4_S3_RT1_
FNDA:36,_ZSt34__uninitialized_move_if_noexcept_aIP8triangleS1_SaIS0_EET0_T_S4_S3_RT1_
FNDA:1,_ZSt24__uninitialized_fill_n_aIPhmhhET_S1_T0_RKT1_RSaIT2_E
FNDA:1,_ZSt24__uninitialized_fill_n_aIP8GLVertexmS0_S0_ET_S2_T0_RKT1_RSaIT2_E
FNDA:3,_ZSt24__uninitialized_fill_n_aIP2M4mS0_S0_ET_S2_T0_RKT1_RSaIT2_E
FNF:31
FNH:28
DA:68,6
DA:71,6
DA:74,6
DA:75,0
DA:76,6
DA:91,84
DA:93,84
DA:107,90
DA:115,90
DA:126,90
DA:195,3
DA:198,3
DA:201,99
DA:202,48
DA:203,3
DA:218,2
DA:220,2
DA:236,5
DA:241,5
DA:247,5
DA:279,90
DA:281,90
DA:286,0
DA:291,0
DA:297,46
DA:304,46
DA:356,5
DA:358,5
LF:28
LH:25
end_of_record
SF:/usr/include/c++/5/bits/stl_vector.h
FN:79,_ZNSt12_Vector_baseI9t3DObjectSaIS0_EE12_Vector_implD2Ev
FN:79,_ZNSt12_Vector_baseI8triangleSaIS0_EE12_Vector_implD2Ev
FN:79,_ZNSt12_Vector_baseI2M4SaIS0_EE12_Vector_implD2Ev
FN:79,_ZNSt12_Vector_baseI8GLVertexSaIS0_EE12_Vector_implD2Ev
FN:79,_ZNSt12_Vector_baseI13tMaterialInfoSaIS0_EE12_Vector_implD2Ev
FN:79,_ZNSt12_Vector_baseIhSaIhEE12_Vector_implD2Ev
FN:86,_ZNSt12_Vector_baseI8triangleSaIS0_EE12_Vector_implC2Ev
FN:86,_ZNSt12_Vector_baseIhSaIhEE12_Vector_implC2Ev
FN:86,_ZNSt12_Vector_baseI2M4SaIS0_EE12_Vector_implC2Ev
FN:86,_ZNSt12_Vector_baseI8GLVertexSaIS0_EE12_Vector_implC2Ev
FN:86,_ZNSt12_Vector_baseI13tMaterialInfoSaIS0_EE12_Vector_implC2Ev
FN:86,_ZNSt12_Vector_baseI9t3DObjectSaIS0_EE12_Vector_implC2Ev
FN:90,_ZNSt12_Vector_baseIhSaIhEE12_Vector_implC2ERKS0_
FN:113,_ZNSt12_Vector_baseIhSaIhEE19_M_get_Tp_allocatorEv
FN:113,_ZNSt12_Vector_baseI13tMaterialInfoSaIS0_EE19_M_get_Tp_allocatorEv
FN:113,_ZNSt12_Vector_baseI8triangleSaIS0_EE19_M_get_Tp_allocatorEv
FN:113,_ZNSt12_Vector_baseI9t3DObjectSaIS0_EE19_M_get_Tp_allocatorEv
FN:113,_ZNSt12_Vector_baseI2M4SaIS0_EE19_M_get_Tp_allocatorEv
FN:113,_ZNSt12_Vector_baseI8GLVertexSaIS0_EE19_M_get_Tp_allocatorEv
FN:117,_ZNKSt12_Vector_baseIhSaIhEE19_M_get_Tp_allocatorEv
FN:117,_ZNKSt12_Vector_baseI8GLVertexSaIS0_EE19_M_get_Tp_allocatorEv
FN:117,_ZNKSt12_Vector_baseI2M4SaIS0_EE19_M_get_Tp_allocatorEv
FN:117,_ZNKSt12_Vector_baseI8triangleSaIS0_EE19_M_get_Tp_allocatorEv
FN:124,_ZNSt12_Vector_baseI9t3DObjectSaIS0_EEC2Ev
FN:124,_ZNSt12_Vector_baseI2M4SaIS0_EEC2Ev
FN:124,_ZNSt12_Vector_baseI8triangleSaIS0_EEC2Ev
FN:124,_ZNSt12_Vector_baseI8GLVertexSaIS0_EEC2Ev
FN:124,_ZNSt12_Vector_baseI13tMaterialInfoSaIS0_EEC2Ev
FN:124,_ZNSt12_Vector_baseIhSaIhEEC2Ev
FN:134,_ZNSt12_Vector_baseIhSaIhEEC2EmRKS0_
FN:159,_ZNSt12_Vector_baseI2M4SaIS0_EED2Ev
FN:159,_ZNSt12_Vector_baseI8triangleSaIS0_EED2Ev
FN:159,_ZNSt12_Vector_baseIhSaIhEED2Ev
FN:159,_ZNSt12_Vector_baseI9t3DObjectSaIS0_EED2Ev
FN:159,_ZNSt12_Vector_baseI13tMaterialInfoSaIS0_EED2Ev
FN:159,_ZNSt12_Vector_baseI8GLVertexSaIS0_EED2Ev
FN:167,_ZNSt12_Vector_baseI8GLVertexSaIS0_EE11_M_allocateEm
FN:167,_ZNSt12_Vector_baseIhSaIhEE11_M_allocateEm
FN:167,_ZNSt12_Vector_baseI8triangleSaIS0_EE11_M_allocateEm
FN:167,_ZNSt12_Vector_baseI2M4SaIS0_EE11_M_allocateEm
FN:174,_ZNSt12_Vector_baseI2M4SaIS0_EE13_M_deallocateEPS0_m
FN:174,_ZNSt12_Vector_baseI13tMaterialInfoSaIS0_EE13_M_deallocateEPS0_m
FN:174,_ZNSt12_Vector_baseI9t3DObjectSaIS0_EE13_M_deallocateEPS0_m
FN:174,_ZNSt12_Vector_baseIhSaIhEE13_M_deallocateEPhm
FN:174,_ZNSt12_Vector_baseI8GLVertexSaIS0_EE13_M_deallocateEPS0_m
FN:174,_ZNSt12_Vector_baseI8triangleSaIS0_EE13_M_deallocateEPS0_m
FN:183,_ZNSt12_Vector_baseIhSaIhEE17_M_create_storageEm
FN:253,_ZNSt6vectorI13tMaterialInfoSaIS0_EEC2Ev
FN:253,_ZNSt6vectorIhSaIhEEC2Ev
FN:253,_ZNSt6vectorI8triangleSaIS0_EEC2Ev
FN:253,_ZNSt6vectorI2M4SaIS0_EEC2Ev
FN:253,_ZNSt6vectorI9t3DObjectSaIS0_EEC2Ev
FN:253,_ZNSt6vectorI8GLVertexSaIS0_EEC2Ev
FN:318,_ZNSt6vectorIhSaIhEEC2ERKS1_
FN:423,_ZNSt6vectorI13tMaterialInfoSaIS0_EED2Ev
FN:423,_ZNSt6vectorI9t3DObjectSaIS0_EED2Ev
FN:423,_ZNSt6vectorIhSaIhEED2Ev
FN:423,_ZNSt6vectorI8triangleSaIS0_EED2Ev
FN:423,_ZNSt6vectorI8GLVertexSaIS0_EED2Ev
FN:423,_ZNSt6vectorI2M4SaIS0_EED2Ev
FN:547,_ZNSt6vectorIhSaIhEE5beginEv
FN:547,_ZNSt6vectorI8triangleSaIS0_EE5beginEv
FN:547,_ZNSt6vectorI2M4SaIS0_EE5beginEv
FN:547,_ZNSt6vectorI8GLVertexSaIS0_EE5beginEv
FN:556,_ZNKSt6vectorIhSaIhEE5beginEv
FN:565,_ZNSt6vectorI8GLVertexSaIS0_EE3endEv
FN:565,_ZNSt6vectorIhSaIhEE3endEv
FN:565,_ZNSt6vectorI2M4SaIS0_EE3endEv
FN:565,_ZNSt6vectorI8triangleSaIS0_EE3endEv
FN:574,_ZNKSt6vectorIhSaIhEE3endEv
FN:654,_ZNKSt6vectorI2M4SaIS0_EE4sizeEv
FN:654,_ZNKSt6vectorI9t3DObjectSaIS0_EE4sizeEv
FN:654,_ZNKSt6vectorI13tMaterialInfoSaIS0_EE4sizeEv
FN:654,_ZNKSt6vectorIhSaIhEE4sizeEv
FN:654,_ZNKSt6vectorI8GLVertexSaIS0_EE4sizeEv
FN:654,_ZNKSt6vectorI8triangleSaIS0_EE4sizeEv
FN:659,_ZNKSt6vectorI2M4SaIS0_EE8max_sizeEv
FN:659,_ZNKSt6vectorI8GLVertexSaIS0_EE8max_sizeEv
FN:659,_ZNKSt6vectorI8triangleSaIS0_EE8max_sizeEv
FN:659,_ZNKSt6vectorIhSaIhEE8max_sizeEv
FN:713,_ZNSt6vectorI8GLVertexSaIS0_EE6resizeEmS0_
FN:713,_ZNSt6vectorI2M4SaIS0_EE6resizeEmS0_
FN:713,_ZNSt6vectorIhSaIhEE6resizeEmh
FN:734,_ZNKSt6vectorIhSaIhEE8capacityEv
FN:779,_ZNSt6vectorI2M4SaIS0_EEixEm
FN:779,_ZNSt6vectorIhSaIhEEixEm
FN:779,_ZNSt6vectorI9t3DObjectSaIS0_EEixEm
FN:779,_ZNSt6vectorI8GLVertexSaIS0_EEixEm
FN:779,_ZNSt6vectorI8triangleSaIS0_EEixEm
FN:779,_ZNSt6vectorI13tMaterialInfoSaIS0_EEixEm
FN:913,_ZNSt6vectorI8triangleSaIS0_EE9push_backERKS0_
FN:1072,_ZNSt6vectorI8GLVertexSaIS0_EE6insertEN9__gnu_cxx17__normal_iteratorIPS0_S2_EEmRKS0_
FN:1072,_ZNSt6vectorIhSaIhEE6insertEN9__gnu_cxx17__normal_iteratorIPhS1_EEmRKh
FN:1072,_ZNSt6vectorI2M4SaIS0_EE6insertEN9__gnu_cxx17__normal_iteratorIPS0_S2_EEmRKS0_
FN:1221,_ZNSt6vectorIhSaIhEE20_M_allocate_and_copyIN9__gnu_cxx17__normal_iteratorIPKhS1_EEEEPhmT_S9_
FN:1422,_ZNKSt6vectorI8GLVertexSaIS0_EE12_M_check_lenEmPKc
FN:1422,_ZNKSt6vectorI2M4SaIS0_EE12_M_check_lenEmPKc
FN:1422,_ZNKSt6vectorIhSaIhEE12_M_check_lenEmPKc
FN:1422,_ZNKSt6vectorI8triangleSaIS0_EE12_M_check_lenEmPKc
FN:1436,_ZNSt6vectorIhSaIhEE15_M_erase_at_endEPh
FN:1436,_ZNSt6vectorI2M4SaIS0_EE15_M_erase_at_endEPS0_
FN:1436,_ZNSt6vectorI8GLVertexSaIS0_EE15_M_erase_at_endEPS0_
FNDA:1,_ZNSt12_Vector_baseI8triangleSaIS0_EE12_Vector_implD2Ev
FNDA:1,_ZNSt12_Vector_baseI8GLVertexSaIS0_EE12_Vector_implD2Ev
FNDA:3,_ZNSt12_Vector_baseI2M4SaIS0_EE12_Vector_implD2Ev
FNDA:1,_ZNSt12_Vector_baseI9t3DObjectSaIS0_EE12_Vector_implD2Ev
FNDA:1,_ZNSt12_Vector_baseI13tMaterialInfoSaIS0_EE12_Vector_implD2Ev
FNDA:99,_ZNSt12_Vector_baseIhSaIhEE12_Vector_implD2Ev
FNDA:1,_ZNSt12_Vector_baseI8triangleSaIS0_EE12_Vector_implC2Ev
FNDA:1,_ZNSt12_Vector_baseI8GLVertexSaIS0_EE12_Vector_implC2Ev
FNDA:3,_ZNSt12_Vector_baseI2M4SaIS0_EE12_Vector_implC2Ev
FNDA:1,_ZNSt12_Vector_baseI9t3DObjectSaIS0_EE12_Vector_implC2Ev
FNDA:1,_ZNSt12_Vector_baseI13tMaterialInfoSaIS0_EE12_Vector_implC2Ev
FNDA:55,_ZNSt12_Vector_baseIhSaIhEE12_Vector_implC2Ev
FNDA:44,_ZNSt12_Vector_baseIhSaIhEE12_Vector_implC2ERKS0_
FNDA:55,_ZNSt12_Vector_baseI8triangleSaIS0_EE19_M_get_Tp_allocatorEv
FNDA:5,_ZNSt12_Vector_baseI8GLVertexSaIS0_EE19_M_get_Tp_allocatorEv
FNDA:15,_ZNSt12_Vector_baseI2M4SaIS0_EE19_M_get_Tp_allocatorEv
FNDA:0,_ZNSt12_Vector_baseI9t3DObjectSaIS0_EE19_M_get_Tp_allocatorEv
FNDA:0,_ZNSt12_Vector_baseI13tMaterialInfoSaIS0_EE19_M_get_Tp_allocatorEv
FNDA:169,_ZNSt12_Vector_baseIhSaIhEE19_M_get_Tp_allocatorEv
FNDA:2,_ZNKSt12_Vector_baseI8GLVertexSaIS0_EE19_M_get_Tp_allocatorEv
FNDA:6,_ZNKSt12_Vector_baseI2M4SaIS0_EE19_M_get_Tp_allocatorEv
FNDA:36,_ZNKSt12_Vector_baseI8triangleSaIS0_EE19_M_get_Tp_allocatorEv
FNDA:46,_ZNKSt12_Vector_baseIhSaIhEE19_M_get_Tp_allocatorEv
FNDA:1,_ZNSt12_Vector_baseI8triangleSaIS0_EEC2Ev
FNDA:1,_ZNSt12_Vector_baseI8GLVertexSaIS0_EEC2Ev
FNDA:3,_ZNSt12_Vector_baseI2M4SaIS0_EEC2Ev
FNDA:1,_ZNSt12_Vector_baseI9t3DObjectSaIS0_EEC2Ev
FNDA:1,_ZNSt12_Vector_baseI13tMaterialInfoSaIS0_EEC2Ev
FNDA:55,_ZNSt12_Vector_baseIhSaIhEEC2Ev
FNDA:44,_ZNSt12_Vector_baseIhSaIhEEC2EmRKS0_
FNDA:1,_ZNSt12_Vector_baseI8triangleSaIS0_EED2Ev
FNDA:1,_ZNSt12_Vector_baseI8GLVertexSaIS0_EED2Ev
FNDA:3,_ZNSt12_Vector_baseI2M4SaIS0_EED2Ev
FNDA:1,_ZNSt12_Vector_baseI9t3DObjectSaIS0_EED2Ev
FNDA:1,_ZNSt12_Vector_baseI13tMaterialInfoSaIS0_EED2Ev
FNDA:99,_ZNSt12_Vector_baseIhSaIhEED2Ev
FNDA:1,_ZNSt12_Vector_baseI8GLVertexSaIS0_EE11_M_allocateEm
FNDA:3,_ZNSt12_Vector_baseI2M4SaIS0_EE11_M_allocateEm
FNDA:18,_ZNSt12_Vector_baseI8triangleSaIS0_EE11_M_allocateEm
FNDA:45,_ZNSt12_Vector_baseIhSaIhEE11_M_allocateEm
FNDA:2,_ZNSt12_Vector_baseI8GLVertexSaIS0_EE13_M_deallocateEPS0_m
FNDA:6,_ZNSt12_Vector_baseI2M4SaIS0_EE13_M_deallocateEPS0_m
FNDA:0,_ZNSt12_Vector_baseI9t3DObjectSaIS0_EE13_M_deallocateEPS0_m
FNDA:0,_ZNSt12_Vector_baseI13tMaterialInfoSaIS0_EE13_M_deallocateEPS0_m
FNDA:19,_ZNSt12_Vector_baseI8triangleSaIS0_EE13_M_deallocateEPS0_m
FNDA:100,_ZNSt12_Vector_baseIhSaIhEE13_M_deallocateEPhm
FNDA:44,_ZNSt12_Vector_baseIhSaIhEE17_M_create_storageEm
FNDA:1,_ZNSt6vectorI8triangleSaIS0_EEC2Ev
FNDA:1,_ZNSt6vectorI8GLVertexSaIS0_EEC2Ev
FNDA:3,_ZNSt6vectorI2M4SaIS0_EEC2Ev
FNDA:1,_ZNSt6vectorI9t3DObjectSaIS0_EEC2Ev
FNDA:1,_ZNSt6vectorI13tMaterialInfoSaIS0_EEC2Ev
FNDA:55,_ZNSt6vectorIhSaIhEEC2Ev
FNDA:44,_ZNSt6vectorIhSaIhEEC2ERKS1_
FNDA:1,_ZNSt6vectorI8triangleSaIS0_EED2Ev
FNDA:1,_ZNSt6vectorI8GLVertexSaIS0_EED2Ev
FNDA:3,_ZNSt6vectorI2M4SaIS0_EED2Ev
FNDA:1,_ZNSt6vectorI9t3DObjectSaIS0_EED2Ev
FNDA:1,_ZNSt6vectorI13tMaterialInfoSaIS0_EED2Ev
FNDA:99,_ZNSt6vectorIhSaIhEED2Ev
FNDA:1,_ZNSt6vectorI8GLVertexSaIS0_EE5beginEv
FNDA:3,_ZNSt6vectorI2M4SaIS0_EE5beginEv
FNDA:18,_ZNSt6vectorI8triangleSaIS0_EE5beginEv
FNDA:23,_ZNSt6vectorIhSaIhEE5beginEv
FNDA:66,_ZNKSt6vectorIhSaIhEE5beginEv
FNDA:18,_ZNSt6vectorI8triangleSaIS0_EE3endEv
FNDA:23,_ZNSt6vectorIhSaIhEE3endEv
FNDA:1,_ZNSt6vectorI8GLVertexSaIS0_EE3endEv
FNDA:3,_ZNSt6vectorI2M4SaIS0_EE3endEv
FNDA:66,_ZNKSt6vectorIhSaIhEE3endEv
FNDA:94,_ZNKSt6vectorIhSaIhEE4sizeEv
FNDA:6,_ZNKSt6vectorI8GLVertexSaIS0_EE4sizeEv
FNDA:18,_ZNKSt6vectorI2M4SaIS0_EE4sizeEv
FNDA:0,_ZNKSt6vectorI13tMaterialInfoSaIS0_EE4sizeEv
FNDA:0,_ZNKSt6vectorI9t3DObjectSaIS0_EE4sizeEv
FNDA:69524,_ZNKSt6vectorI8triangleSaIS0_EE4sizeEv
FNDA:2,_ZNKSt6vectorIhSaIhEE8max_sizeEv
FNDA:2,_ZNKSt6vectorI8GLVertexSaIS0_EE8max_sizeEv
FNDA:6,_ZNKSt6vectorI2M4SaIS0_EE8max_sizeEv
FNDA:36,_ZNKSt6vectorI8triangleSaIS0_EE8max_sizeEv
FNDA:1,_ZNSt6vectorIhSaIhEE6resizeEmh
FNDA:1,_ZNSt6vectorI8GLVertexSaIS0_EE6resizeEmS0_
FNDA:3,_ZNSt6vectorI2M4SaIS0_EE6resizeEmS0_
FNDA:22,_ZNKSt6vectorIhSaIhEE8capacityEv
FNDA:1250118,_ZNSt6vectorI8triangleSaIS0_EEixEm
FNDA:0,_ZNSt6vectorI13tMaterialInfoSaIS0_EEixEm
FNDA:0,_ZNSt6vectorI9t3DObjectSaIS0_EEixEm
FNDA:436158,_ZNSt6vectorI8GLVertexSaIS0_EEixEm
FNDA:3180,_ZNSt6vectorIhSaIhEEixEm
FNDA:436114,_ZNSt6vectorI2M4SaIS0_EEixEm
FNDA:69451,_ZNSt6vectorI8triangleSaIS0_EE9push_backERKS0_
FNDA:1,_ZNSt6vectorIhSaIhEE6insertEN9__gnu_cxx17__normal_iteratorIPhS1_EEmRKh
FNDA:1,_ZNSt6vectorI8GLVertexSaIS0_EE6insertEN9__gnu_cxx17__normal_iteratorIPS0_S2_EEmRKS0_
FNDA:3,_ZNSt6vectorI2M4SaIS0_EE6insertEN9__gnu_cxx17__normal_iteratorIPS0_S2_EEmRKS0_
FNDA:0,_ZNSt6vectorIhSaIhEE20_M_allocate_and_copyIN9__gnu_cxx17__normal_iteratorIPKhS1_EEEEPhmT_S9_
FNDA:1,_ZNKSt6vectorIhSaIhEE12_M_check_lenEmPKc
FNDA:1,_ZNKSt6vectorI8GLVertexSaIS0_EE12_M_check_lenEmPKc
FNDA:3,_ZNKSt6vectorI2M4SaIS0_EE12_M_check_lenEmPKc
FNDA:18,_ZNKSt6vectorI8triangleSaIS0_EE12_M_check_lenEmPKc
FNDA:0,_ZNSt6vectorIhSaIhEE15_M_erase_at_endEPh
FNDA:0,_ZNSt6vectorI8GLVertexSaIS0_EE15_M_erase_at_endEPS0_
FNDA:0,_ZNSt6vectorI2M4SaIS0_EE15_M_erase_at_endEPS0_
FNF:102
FNH:90
DA:79,106
DA:86,62
DA:87,62
DA:88,62
DA:90,44
DA:91,44
DA:92,44
DA:113,244
DA:114,244
DA:117,90
DA:118,90
DA:124,62
DA:125,62
DA:134,44
DA:135,44
DA:136,44
DA:159,106
DA:160,212
DA:161,318
DA:167,67
DA:170,67
DA:174,127
DA:177,127
DA:178,23
DA:179,127
DA:183,44
DA:185,44
DA:186,44
DA:187,44
DA:188,44
DA:253,62
DA:257,62
DA:318,44
DA:320,44
DA:321,44
DA:322,44
DA:324,44
DA:325,44
DA:423,106
DA:424,106
DA:425,212
DA:547,45
DA:548,45
DA:556,66
DA:557,66
DA:565,45
DA:566,45
DA:574,66
DA:575,66
DA:654,69642
DA:655,69642
DA:659,46
DA:660,46
DA:713,5
DA:715,5
DA:716,5
DA:717,0
DA:718,0
DA:719,5
DA:734,22
DA:736,22
DA:779,2125570
DA:780,2125570
DA:913,69451
DA:915,69451
DA:917,69433
DA:919,69433
DA:925,18
DA:927,69451
DA:1072,5
DA:1073,5
DA:1221,0
DA:1224,0
DA:1227,0
DA:1228,0
DA:1229,0
DA:1231,0
DA:1233,0
DA:1234,0
DA:1422,23
DA:1424,23
DA:1425,0
DA:1427,23
DA:1428,23
DA:1436,0
DA:1438,0
DA:1439,0
DA:1440,0
LF:88
LH:73
end_of_record
SF:/usr/include/c++/5/bits/vector.tcc
FN:167,_ZNSt6vectorIhSaIhEEaSERKS1_
FN:326,_ZNSt6vectorI8triangleSaIS0_EE13_M_insert_auxEN9__gnu_cxx17__normal_iteratorIPS0_S2_EERKS0_
FN:449,_ZNSt6vectorI8GLVertexSaIS0_EE14_M_fill_insertEN9__gnu_cxx17__normal_iteratorIPS0_S2_EEmRKS0_
FN:449,_ZNSt6vectorI2M4SaIS0_EE14_M_fill_insertEN9__gnu_cxx17__normal_iteratorIPS0_S2_EEmRKS0_
FN:449,_ZNSt6vectorIhSaIhEE14_M_fill_insertEN9__gnu_cxx17__normal_iteratorIPhS1_EEmRKh
FNDA:22,_ZNSt6vectorIhSaIhEEaSERKS1_
FNDA:18,_ZNSt6vectorI8triangleSaIS0_EE13_M_insert_auxEN9__gnu_cxx17__normal_iteratorIPS0_S2_EERKS0_
FNDA:1,_ZNSt6vectorIhSaIhEE14_M_fill_insertEN9__gnu_cxx17__normal_iteratorIPhS1_EEmRKh
FNDA:1,_ZNSt6vectorI8GLVertexSaIS0_EE14_M_fill_insertEN9__gnu_cxx17__normal_iteratorIPS0_S2_EEmRKS0_
FNDA:3,_ZNSt6vectorI2M4SaIS0_EE14_M_fill_insertEN9__gnu_cxx17__normal_iteratorIPS0_S2_EEmRKS0_
FNF:5
FNH:5
DA:167,22
DA:170,22
DA:191,22
DA:192,22
DA:194,0
DA:195,0
DA:196,0
DA:197,0
DA:198,0
DA:200,0
DA:201,0
DA:202,0
DA:204,22
DA:206,22
DA:207,22
DA:211,0
DA:213,0
DA:216,0
DA:218,22
DA:220,22
DA:326,18
DA:330,18
DA:332,0
DA:333,0
DA:335,0
DA:337,0
DA:339,0
DA:343,0
DA:351,18
DA:352,18
DA:353,18
DA:354,18
DA:361,18
DA:368,18
DA:370,18
DA:372,18
DA:373,18
DA:375,18
DA:377,18
DA:379,18
DA:380,18
DA:382,0
DA:384,0
DA:385,0
DA:388,0
DA:389,0
DA:390,0
DA:392,18
DA:393,18
DA:394,36
DA:396,36
DA:397,18
DA:398,18
DA:399,18
DA:401,18
DA:449,5
DA:452,5
DA:454,10
DA:455,10
DA:457,0
DA:458,0
DA:459,0
DA:460,0
DA:462,0
DA:465,0
DA:466,0
DA:467,0
DA:469,0
DA:474,0
DA:475,0
DA:478,0
DA:479,0
DA:481,0
DA:482,0
DA:483,0
DA:489,5
DA:490,5
DA:491,5
DA:492,5
DA:496,5
DA:498,5
DA:499,5
DA:501,5
DA:503,5
DA:504,5
DA:506,5
DA:508,5
DA:510,5
DA:511,5
DA:513,0
DA:515,0
DA:516,0
DA:517,0
DA:518,0
DA:520,0
DA:521,0
DA:522,0
DA:523,0
DA:525,5
DA:526,5
DA:527,10
DA:529,10
DA:530,5
DA:531,5
DA:532,5
DA:535,5
LF:106
LH:58
end_of_record
SF:/usr/include/c++/5/ext/alloc_traits.h
FN:181,_ZN9__gnu_cxx14__alloc_traitsISaI8triangleEE8allocateERS2_m
FN:181,_ZN9__gnu_cxx14__alloc_traitsISaISt13_Rb_tree_nodeISt4pairIKi9GLTextureEEEE8allocateERS7_m
FN:181,_ZN9__gnu_cxx14__alloc_traitsISaIhEE8allocateERS1_m
FN:181,_ZN9__gnu_cxx14__alloc_traitsISaI8GLVertexEE8allocateERS2_m
FN:181,_ZN9__gnu_cxx14__alloc_traitsISaI2M4EE8allocateERS2_m
FN:184,_ZN9__gnu_cxx14__alloc_traitsISaI8triangleEE10deallocateERS2_PS1_m
FN:184,_ZN9__gnu_cxx14__alloc_traitsISaI8GLVertexEE10deallocateERS2_PS1_m
FN:184,_ZN9__gnu_cxx14__alloc_traitsISaI13tMaterialInfoEE10deallocateERS2_PS1_m
FN:184,_ZN9__gnu_cxx14__alloc_traitsISaI9t3DObjectEE10deallocateERS2_PS1_m
FN:184,_ZN9__gnu_cxx14__alloc_traitsISaIhEE10deallocateERS1_Phm
FN:184,_ZN9__gnu_cxx14__alloc_traitsISaISt13_Rb_tree_nodeISt4pairIKi9GLTextureEEEE10deallocateERS7_PS6_m
FN:184,_ZN9__gnu_cxx14__alloc_traitsISaI2M4EE10deallocateERS2_PS1_m
FN:188,_ZN9__gnu_cxx14__alloc_traitsISaI8triangleEE9constructIS1_EEvRS2_PS1_RKT_
FN:191,_ZN9__gnu_cxx14__alloc_traitsISaI8triangleEE7destroyERS2_PS1_
FN:194,_ZN9__gnu_cxx14__alloc_traitsISaIhEE8max_sizeERKS1_
FN:194,_ZN9__gnu_cxx14__alloc_traitsISaI2M4EE8max_sizeERKS2_
FN:194,_ZN9__gnu_cxx14__alloc_traitsISaI8GLVertexEE8max_sizeERKS2_
FN:194,_ZN9__gnu_cxx14__alloc_traitsISaI8triangleEE8max_sizeERKS2_
FN:197,_ZN9__gnu_cxx14__alloc_traitsISaIhEE17_S_select_on_copyERKS1_
FNDA:2,_ZN9__gnu_cxx14__alloc_traitsISaISt13_Rb_tree_nodeISt4pairIKi9GLTextureEEEE8allocateERS7_m
FNDA:1,_ZN9__gnu_cxx14__alloc_traitsISaI8GLVertexEE8allocateERS2_m
FNDA:3,_ZN9__gnu_cxx14__alloc_traitsISaI2M4EE8allocateERS2_m
FNDA:18,_ZN9__gnu_cxx14__alloc_traitsISaI8triangleEE8allocateERS2_m
FNDA:1,_ZN9__gnu_cxx14__alloc_traitsISaIhEE8allocateERS1_m
FNDA:2,_ZN9__gnu_cxx14__alloc_traitsISaISt13_Rb_tree_nodeISt4pairIKi9GLTextureEEEE10deallocateERS7_PS6_m
FNDA:1,_ZN9__gnu_cxx14__alloc_traitsISaI8GLVertexEE10deallocateERS2_PS1_m
FNDA:3,_ZN9__gnu_cxx14__alloc_traitsISaI2M4EE10deallocateERS2_PS1_m
FNDA:0,_ZN9__gnu_cxx14__alloc_traitsISaI9t3DObjectEE10deallocateERS2_PS1_m
FNDA:0,_ZN9__gnu_cxx14__alloc_traitsISaI13tMaterialInfoEE10deallocateERS2_PS1_m
FNDA:18,_ZN9__gnu_cxx14__alloc_traitsISaI8triangleEE10deallocateERS2_PS1_m
FNDA:1,_ZN9__gnu_cxx14__alloc_traitsISaIhEE10deallocateERS1_Phm
FNDA:69451,_ZN9__gnu_cxx14__alloc_traitsISaI8triangleEE9constructIS1_EEvRS2_PS1_RKT_
FNDA:0,_ZN9__gnu_cxx14__alloc_traitsISaI8triangleEE7destroyERS2_PS1_
FNDA:2,_ZN9__gnu_cxx14__alloc_traitsISaIhEE8max_sizeERKS1_
FNDA:2,_ZN9__gnu_cxx14__alloc_traitsISaI8GLVertexEE8max_sizeERKS2_
FNDA:6,_ZN9__gnu_cxx14__alloc_traitsISaI2M4EE8max_sizeERKS2_
FNDA:36,_ZN9__gnu_cxx14__alloc_traitsISaI8triangleEE8max_sizeERKS2_
FNDA:44,_ZN9__gnu_cxx14__alloc_traitsISaIhEE17_S_select_on_copyERKS1_
FNF:19
FNH:16
DA:181,25
DA:182,25
DA:184,25
DA:185,25
DA:188,69451
DA:189,69451
DA:191,0
DA:192,0
DA:194,46
DA:195,46
DA:197,44
LF:11
LH:9
end_of_record
SF:/usr/include/c++/5/ext/new_allocator.h
FN:79,_ZN9__gnu_cxx13new_allocatorI13tMaterialInfoEC2Ev
FN:79,_ZN9__gnu_cxx13new_allocatorI9t3DObjectEC2Ev
FN:79,_ZN9__gnu_cxx13new_allocatorISt13_Rb_tree_nodeISt4pairIKi9GLTextureEEEC2Ev
FN:79,_ZN9__gnu_cxx13new_allocatorI8GLVertexEC2Ev
FN:79,_ZN9__gnu_cxx13new_allocatorIhEC2Ev
FN:79,_ZN9__gnu_cxx13new_allocatorI2M4EC2Ev
FN:79,_ZN9__gnu_cxx13new_allocatorISt4pairIKi9GLTextureEEC2Ev
FN:79,_ZN9__gnu_cxx13new_allocatorI8triangleEC2Ev
FN:81,_ZN9__gnu_cxx13new_allocatorIhEC2ERKS1_
FN:86,_ZN9__gnu_cxx13new_allocatorISt4pairIKi9GLTextureEED2Ev
FN:86,_ZN9__gnu_cxx13new_allocatorI9t3DObjectED2Ev
FN:86,_ZN9__gnu_cxx13new_allocatorIhED2Ev
FN:86,_ZN9__gnu_cxx13new_allocatorI13tMaterialInfoED2Ev
FN:86,_ZN9__gnu_cxx13new_allocatorI2M4ED2Ev
FN:86,_ZN9__gnu_cxx13new_allocatorI8GLVertexED2Ev
FN:86,_ZN9__gnu_cxx13new_allocatorI8triangleED2Ev
FN:86,_ZN9__gnu_cxx13new_allocatorISt13_Rb_tree_nodeISt4pairIKi9GLTextureEEED2Ev
FN:99,_ZN9__gnu_cxx13new_allocatorISt13_Rb_tree_nodeISt4pairIKi9GLTextureEEE8allocateEmPKv
FN:99,_ZN9__gnu_cxx13new_allocatorIhE8allocateEmPKv
FN:99,_ZN9__gnu_cxx13new_allocatorI2M4E8allocateEmPKv
FN:99,_ZN9__gnu_cxx13new_allocatorI8GLVertexE8allocateEmPKv
FN:99,_ZN9__gnu_cxx13new_allocatorI8triangleE8allocateEmPKv
FN:109,_ZN9__gnu_cxx13new_allocatorI8triangleE10deallocateEPS1_m
FN:109,_ZN9__gnu_cxx13new_allocatorIhE10deallocateEPhm
FN:109,_ZN9__gnu_cxx13new_allocatorI9t3DObjectE10deallocateEPS1_m
FN:109,_ZN9__gnu_cxx13new_allocatorISt13_Rb_tree_nodeISt4pairIKi9GLTextureEEE10deallocateEPS6_m
FN:109,_ZN9__gnu_cxx13new_allocatorI2M4E10deallocateEPS1_m
FN:109,_ZN9__gnu_cxx13new_allocatorI13tMaterialInfoE10deallocateEPS1_m
FN:109,_ZN9__gnu_cxx13new_allocatorI8GLVertexE10deallocateEPS1_m
FN:113,_ZNK9__gnu_cxx13new_allocatorI2M4E8max_sizeEv
FN:113,_ZNK9__gnu_cxx13new_allocatorI8triangleE8max_sizeEv
FN:113,_ZNK9__gnu_cxx13new_allocatorIhE8max_sizeEv
FN:113,_ZNK9__gnu_cxx13new_allocatorISt13_Rb_tree_nodeISt4pairIKi9GLTextureEEE8max_sizeEv
FN:113,_ZNK9__gnu_cxx13new_allocatorI8GLVertexE8max_sizeEv
FN:129,_ZN9__gnu_cxx13new_allocatorISt4pairIKi9GLTextureEE9constructEPS4_RKS4_
FN:129,_ZN9__gnu_cxx13new_allocatorI8triangleE9constructEPS1_RKS1_
FN:133,_ZN9__gnu_cxx13new_allocatorISt4pairIKi9GLTextureEE7destroyEPS4_
FN:133,_ZN9__gnu_cxx13new_allocatorI8triangleE7destroyEPS1_
FNDA:4,_ZN9__gnu_cxx13new_allocatorISt4pairIKi9GLTextureEEC2Ev
FNDA:1,_ZN9__gnu_cxx13new_allocatorI8triangleEC2Ev
FNDA:1,_ZN9__gnu_cxx13new_allocatorISt13_Rb_tree_nodeISt4pairIKi9GLTextureEEEC2Ev
FNDA:1,_ZN9__gnu_cxx13new_allocatorI8GLVertexEC2Ev
FNDA:3,_ZN9__gnu_cxx13new_allocatorI2M4EC2Ev
FNDA:1,_ZN9__gnu_cxx13new_allocatorI9t3DObjectEC2Ev
FNDA:1,_ZN9__gnu_cxx13new_allocatorI13tMaterialInfoEC2Ev
FNDA:55,_ZN9__gnu_cxx13new_allocatorIhEC2Ev
FNDA:44,_ZN9__gnu_cxx13new_allocatorIhEC2ERKS1_
FNDA:4,_ZN9__gnu_cxx13new_allocatorISt4pairIKi9GLTextureEED2Ev
FNDA:1,_ZN9__gnu_cxx13new_allocatorI8triangleED2Ev
FNDA:1,_ZN9__gnu_cxx13new_allocatorI8GLVertexED2Ev
FNDA:3,_ZN9__gnu_cxx13new_allocatorI2M4ED2Ev
FNDA:1,_ZN9__gnu_cxx13new_allocatorI9t3DObjectED2Ev
FNDA:1,_ZN9__gnu_cxx13new_allocatorI13tMaterialInfoED2Ev
FNDA:99,_ZN9__gnu_cxx13new_allocatorIhED2Ev
FNDA:1,_ZN9__gnu_cxx13new_allocatorISt13_Rb_tree_nodeISt4pairIKi9GLTextureEEED2Ev
FNDA:2,_ZN9__gnu_cxx13new_allocatorISt13_Rb_tree_nodeISt4pairIKi9GLTextureEEE8allocateEmPKv
FNDA:1,_ZN9__gnu_cxx13new_allocatorI8GLVertexE8allocateEmPKv
FNDA:3,_ZN9__gnu_cxx13new_allocatorI2M4E8allocateEmPKv
FNDA:18,_ZN9__gnu_cxx13new_allocatorI8triangleE8allocateEmPKv
FNDA:1,_ZN9__gnu_cxx13new_allocatorIhE8allocateEmPKv
FNDA:2,_ZN9__gnu_cxx13new_allocatorISt13_Rb_tree_nodeISt4pairIKi9GLTextureEEE10deallocateEPS6_m
FNDA:1,_ZN9__gnu_cxx13new_allocatorI8GLVertexE10deallocateEPS1_m
FNDA:3,_ZN9__gnu_cxx13new_allocatorI2M4E10deallocateEPS1_m
FNDA:0,_ZN9__gnu_cxx13new_allocatorI9t3DObjectE10deallocateEPS1_m
FNDA:0,_ZN9__gnu_cxx13new_allocatorI13tMaterialInfoE10deallocateEPS1_m
FNDA:18,_ZN9__gnu_cxx13new_allocatorI8triangleE10deallocateEPS1_m
FNDA:1,_ZN9__gnu_cxx13new_allocatorIhE10deallocateEPhm
FNDA:2,_ZNK9__gnu_cxx13new_allocatorISt13_Rb_tree_nodeISt4pairIKi9GLTextureEEE8max_sizeEv
FNDA:3,_ZNK9__gnu_cxx13new_allocatorI8GLVertexE8max_sizeEv
FNDA:9,_ZNK9__gnu_cxx13new_allocatorI2M4E8max_sizeEv
FNDA:54,_ZNK9__gnu_cxx13new_allocatorI8triangleE8max_sizeEv
FNDA:3,_ZNK9__gnu_cxx13new_allocatorIhE8max_sizeEv
FNDA:2,_ZN9__gnu_cxx13new_allocatorISt4pairIKi9GLTextureEE9constructEPS4_RKS4_
FNDA:69451,_ZN9__gnu_cxx13new_allocatorI8triangleE9constructEPS1_RKS1_
FNDA:2,_ZN9__gnu_cxx13new_allocatorISt4pairIKi9GLTextureEE7destroyEPS4_
FNDA:0,_ZN9__gnu_cxx13new_allocatorI8triangleE7destroyEPS1_
FNF:38
FNH:35
DA:79,67
DA:81,44
DA:86,111
DA:99,25
DA:101,25
DA:102,0
DA:104,25
DA:109,25
DA:110,25
DA:113,71
DA:114,71
DA:129,69453
DA:130,69453
DA:133,2
LF:14
LH:13
end_of_record
SF:/usr/include/c++/5/iostream
DA:74,1
LF:1
LH:1
end_of_record
SF:/usr/include/c++/5/new
FN:129,_ZnwmPv
FN:135,_ZdlPvS_
FNDA:0,_ZnwmPv
FNDA:0,_ZdlPvS_
FNF:2
FNH:0
DA:129,0
DA:130,0
DA:135,0
LF:3
LH:0
end_of_record
SF:/data/tzwang/graphics/ReduceGL/DevR4/3DS.h
FN:66,_ZN8t3DModelC2Ev
FN:66,_ZN8t3DModelD2Ev
FNDA:1,_ZN8t3DModelD2Ev
FNDA:1,_ZN8t3DModelC2Ev
FNF:2
FNH:2
DA:66,2
LF:1
LH:1
end_of_record
SF:/data/tzwang/graphics/ReduceGL/DevR4/c24bitmap.h
FN:475,_ZN9C24BitMapC2Ev
FN:485,_ZN9C24BitMapD2Ev
FN:490,_ZN9C24BitMap7FormatFEii
FN:507,_ZN9C24BitMap4SaveEPc
FN:516,_ZN9C24BitMap4LoadEPc
FN:543,_Z13get_pix_colorR9C24BitMapii
FNDA:2,_ZN9C24BitMapC2Ev
FNDA:2,_ZN9C24BitMapD2Ev
FNDA:1,_ZN9C24BitMap7FormatFEii
FNDA:1,_ZN9C24BitMap4SaveEPc
FNDA:1,_ZN9C24BitMap4LoadEPc
FNDA:2560000,_Z13get_pix_colorR9C24BitMapii
FNF:6
FNH:6
DA:475,2
DA:477,2
DA:478,2
DA:479,2
DA:480,2
DA:481,2
DA:482,2
DA:483,2
DA:485,4
DA:487,2
DA:488,2
DA:490,1
DA:496,1
DA:498,1
DA:499,1
DA:500,1
DA:501,1
DA:502,1
DA:503,1
DA:504,1
DA:505,1
DA:507,1
DA:509,1
DA:510,1
DA:511,1
DA:512,1
DA:513,1
DA:514,1
DA:516,1
DA:518,1
DA:521,1
DA:523,1
DA:524,1
DA:528,1
DA:529,1
DA:531,1
DA:533,0
DA:534,0
DA:536,1
DA:537,1
DA:538,1
DA:539,1
DA:540,1
DA:543,2560000
DA:544,2560000
DA:546,2560000
DA:547,2560000
DA:554,2560000
LF:48
LH:46
end_of_record
SF:/data/tzwang/graphics/ReduceGL/DevR4/gl.h
FN:215,_ZN9GLSpecBuf8calc_bufEf
FN:297,_ZN7GLImageaSERKS_
FN:297,_ZN7GLImageD2Ev
FN:297,_ZN7GLImageC2Ev
FN:297,_ZN7GLImageC2ERKS_
FN:306,_ZN9GLTextureaSERKS_
FN:306,_ZN9GLTextureD2Ev
FN:306,_ZN9GLTextureC2ERKS_
FN:308,_ZN9GLTextureC2Ev
FN:319,_Z7gl_freePv
FN:324,_Z9gl_malloci
FN:349,_ZN11MatrixStackD2Ev
FN:349,_ZN11MatrixStackC2Ev
FN:374,_ZN11MatrixStack18get_current_matrixEv
FN:379,_ZN11MatrixStack14set_stack_sizeEi
FN:386,_ZN9GLContextD2Ev
FN:386,_ZN9GLContextC2Ev
FN:485,_ZN9GLContext14glLoadIdentityEv
FN:492,_ZN9GLContext14glInitTexturesEPS_
FN:498,_ZN9GLContext12glMatrixModeEi
FN:503,_ZN9GLContext6glInitEii
FN:633,_ZN9GLContext12find_textureEPS_i
FN:650,_ZN9GLContext10glViewportEiiii
FN:692,_ZN9GLContext16glXSaveRenderImgEPc
FN:719,_ZN9GLContext18specbuf_get_bufferEif
FN:759,_ZN12GraphDrawLibC2Ev
FN:759,_ZN12GraphDrawLibD2Ev
FN:826,_Z21gl_draw_triangle_fillP9GLContextP8GLVertexS2_S2_
FN:840,_ZN12GraphDrawLib11InitDrawLibEii
FN:864,_Z18__gluMakeIdentityfPf
FN:879,_Z9normalizePf
FN:891,_Z5crossPfS_S_
FN:898,_ZN12GraphDrawLib9gluLookAtEddddddddd
FN:942,_ZN12GraphDrawLib7glCloseEv
FN:946,_ZN12GraphDrawLib16gl_matrix_updateEP9GLContext
FN:951,_ZN12GraphDrawLib16gl_eval_viewportEP9GLContext
FN:968,_ZN12GraphDrawLib10glVertex4fEffff
FN:1047,_ZN12GraphDrawLib10glVertex3fEfff
FN:1052,_ZN12GraphDrawLib11glVertex3fvEPf
FN:1059,_ZN12GraphDrawLib10glNormal3fEfff
FN:1072,_ZN12GraphDrawLib9glColor4fEffff
FN:1102,_ZN12GraphDrawLib9glColor3fEfff
FN:1110,_ZN12GraphDrawLib12glTexCoord4fEffff
FN:1119,_ZN12GraphDrawLib12glTexCoord2fEff
FN:1126,_ZN12GraphDrawLib16GL_EnableDisableEP9GLContextP7GLParam
FN:1162,_ZN12GraphDrawLib8glEnableEi
FN:1173,_ZN12GraphDrawLib9glDisableEi
FN:1185,_ZN12GraphDrawLib7glBeginEi
FN:1231,_ZN12GraphDrawLib5glEndEv
FN:1248,_ZN12GraphDrawLib12glMatrixModeEi
FN:1254,_ZN12GraphDrawLib14glLoadIdentityEv
FN:1261,_ZN12GraphDrawLib13glMultMatrixfEPKf
FN:1289,_ZN12GraphDrawLib9glRotatefEffff
FN:1361,_ZN12GraphDrawLib12glTranslatefEfff
FN:1379,_ZN12GraphDrawLib8glScalefEfff
FN:1395,_ZN12GraphDrawLib10glViewportEiiii
FN:1437,_ZN12GraphDrawLib9glFrustumEdddddd
[...]
DA:925,1
DA:926,1
DA:928,1
DA:929,1
DA:930,1
DA:932,1
DA:933,1
DA:934,1
DA:936,1
DA:937,1
DA:938,1
DA:942,1
DA:943,1
DA:946,12
DA:948,12
DA:949,12
DA:951,1
DA:954,1
DA:955,1
DA:957,1
DA:959,1
DA:960,1
DA:961,1
DA:963,1
DA:964,1
DA:965,1
DA:966,1
DA:968,218046
DA:970,218046
DA:975,218046
DA:977,218046
DA:978,218046
DA:979,218046
DA:980,218046
DA:984,218046
DA:985,218046
DA:987,218046
DA:988,218046
DA:989,218046
DA:990,218046
DA:992,218046
DA:996,218046
DA:997,218046
DA:999,0
DA:1004,218046
DA:1005,9558
DA:1006,0
DA:1008,9558
DA:1012,218046
DA:1013,217968
DA:1017,218046
DA:1019,218046
DA:1023,217914
DA:1024,72638
DA:1025,72638
DA:1027,217914
DA:1030,0
DA:1031,0
DA:1032,0
DA:1033,0
DA:1034,0
DA:1035,0
DA:1036,0
DA:1038,0
DA:1042,218046
DA:1044,218046
DA:1047,217914
DA:1049,217914
DA:1050,217914
DA:1052,132
DA:1054,132
DA:1055,132
DA:1059,217911
DA:1061,217911
DA:1062,217911
DA:1063,217911
DA:1064,217911
DA:1065,217911
DA:1066,217911
DA:1072,1
DA:1074,1
DA:1076,1
DA:1077,1
DA:1078,1
DA:1079,1
DA:1080,1
DA:1081,1
DA:1082,1
DA:1083,1
DA:1084,1
DA:1085,1
DA:1087,1
DA:1090,1
DA:1091,1
DA:1092,1
DA:1093,1
DA:1094,1
DA:1095,1
DA:1096,1
DA:1098,1
DA:1102,1
DA:1104,1
DA:1105,1
DA:1110,9558
DA:1112,9558
DA:1113,9558
DA:1114,9558
DA:1115,9558
DA:1116,9558
DA:1117,9558
DA:1119,9558
DA:1121,9558
DA:1122,9558
DA:1126,13
DA:1128,13
DA:1129,13
DA:1131,13
DA:1133,0
DA:1134,0
DA:1136,2
DA:1137,2
DA:1139,2
DA:1140,2
DA:1142,3
DA:1143,3
DA:1145,0
DA:1146,0
DA:1148,1
DA:1149,1
DA:1152,5
DA:1153,5
DA:1155,5
DA:1157,13
DA:1162,12
DA:1166,12
DA:1168,12
DA:1169,12
DA:1171,12
DA:1173,1
DA:1177,1
DA:1179,1
DA:1180,1
DA:1181,1
DA:1185,36
DA:1187,36
DA:1190,36
DA:1192,36
DA:1194,36
DA:1195,36
DA:1196,36
DA:1197,36
DA:1198,36
DA:1200,36
DA:1202,2
DA:1204,2
DA:1205,2
DA:1207,0
DA:1209,0
DA:1211,0
DA:1213,0
DA:1214,0
DA:1215,0
DA:1219,2
DA:1221,2
DA:1224,36
DA:1225,1
DA:1226,1
DA:1229,36
DA:1231,36
DA:1233,36
DA:1234,36
DA:1236,36
DA:1237,33
DA:1238,165
DA:1239,66
DA:1240,66
DA:1243,36
DA:1244,36
DA:1248,5
DA:1250,5
DA:1251,5
DA:1252,5
DA:1254,5
DA:1256,5
DA:1257,5
DA:1258,5
DA:1259,5
DA:1261,1
DA:1263,1
DA:1264,1
DA:1265,1
DA:1266,1
DA:1269,1
DA:1271,1
DA:1272,1
DA:1289,1
DA:1291,1
DA:1293,1
DA:1298,1
DA:1299,1
DA:1300,1
DA:1301,1
DA:1304,1
DA:1306,1
DA:1308,0
DA:1309,0
DA:1311,0
DA:1312,0
DA:1313,0
DA:1315,1
DA:1316,1
DA:1317,1
DA:1319,0
DA:1320,0
DA:1321,0
DA:1327,0
DA:1328,0
DA:1329,0
DA:1330,0
DA:1331,0
DA:1332,0
DA:1335,0
DA:1336,0
DA:1339,0
DA:1340,0
DA:1341,0
DA:1344,0
DA:1345,0
DA:1346,0
DA:1347,0
DA:1348,0
DA:1349,0
DA:1350,0
DA:1351,0
DA:1352,0
DA:1356,1
DA:1358,1
DA:1361,1
DA:1363,1
DA:1366,1
DA:1368,1
DA:1369,1
DA:1370,1
DA:1371,1
DA:1373,1
DA:1376,1
DA:1377,1
DA:1379,1
DA:1381,1
DA:1383,1
DA:1385,1
DA:1386,1
DA:1387,1
DA:1388,1
DA:1389,1
DA:1391,1
DA:1392,1
DA:1395,2
DA:1397,2
DA:1401,2
DA:1402,2
DA:1403,2
DA:1407,4
DA:1408,4
DA:1409,4
DA:1410,2
DA:1412,0
DA:1413,0
DA:1415,0
DA:1416,0
DA:1417,0
DA:1420,0
DA:1421,0
DA:1422,0
DA:1423,0
DA:1427,0
DA:1428,0
DA:1429,0
DA:1430,0
DA:1432,0
DA:1434,2
DA:1437,3
DA:1440,3
DA:1442,3
DA:1446,3
DA:1447,3
DA:1448,3
DA:1449,3
DA:1450,3
DA:1451,3
DA:1453,3
DA:1454,3
DA:1455,3
DA:1456,3
DA:1457,3
DA:1459,3
DA:1461,3
DA:1462,3
DA:1464,3
DA:1469,3
DA:1470,3
DA:1472,3
DA:1473,3
DA:1475,3
DA:1476,3
DA:1480,12
DA:1482,12
DA:1484,12
DA:1485,12
DA:1486,12
DA:1487,12
DA:1490,12
DA:1492,12
DA:1496,12
DA:1497,12
DA:1498,12
DA:1499,12
DA:1501,12
DA:1502,0
DA:1504,12
DA:1506,12
DA:1508,0
DA:1509,0
DA:1511,4
DA:1512,4
DA:1514,4
DA:1515,4
DA:1517,4
DA:1518,4
DA:1520,0
DA:1521,0
DA:1522,0
DA:1524,0
DA:1525,0
DA:1526,0
DA:1528,0
DA:1530,12
DA:1532,4
DA:1534,4
DA:1539,4
DA:1540,4
DA:1541,4
DA:1542,4
DA:1546,4
DA:1547,4
DA:1548,4
DA:1549,4
DA:1555,4
DA:1556,4
DA:1557,4
DA:1558,4
DA:1560,4
DA:1561,4
DA:1563,4
DA:1565,0
DA:1566,0
DA:1567,0
DA:1569,0
DA:1570,0
DA:1571,0
DA:1573,0
DA:1574,0
DA:1575,0
DA:1577,0
DA:1578,0
DA:1579,0
DA:1581,4
DA:1582,4
DA:1583,4
DA:1585,0
DA:1586,0
DA:1587,0
DA:1588,0
DA:1589,0
DA:1591,0
DA:1593,4
DA:1597,6
DA:1598,6
DA:1602,6
DA:1604,6
DA:1608,6
DA:1610,6
DA:1612,6
DA:1614,6
DA:1616,0
DA:1617,0
DA:1619,0
DA:1620,0
DA:1622,0
DA:1623,0
DA:1627,3
DA:1629,3
DA:1631,3
DA:1632,0
DA:1633,0
DA:1634,0
DA:1636,0
DA:1639,3
DA:1641,12
DA:1642,9
DA:1643,9
DA:1645,3
DA:1646,3
DA:1648,0
DA:1649,0
DA:1652,0
DA:1653,0
DA:1654,0
DA:1655,0
DA:1657,0
DA:1659,0
DA:1660,0
DA:1662,0
DA:1663,0
DA:1665,0
DA:1666,0
DA:1668,0
DA:1670,6
DA:1675,1
DA:1679,1
DA:1686,1
DA:1687,1
DA:1688,1
DA:1689,0
DA:1692,1
DA:1693,1
DA:1694,1
DA:1696,1
DA:1697,1
DA:1698,1
DA:1699,1
DA:1701,0
DA:1704,1
DA:1705,1
DA:1706,1
DA:1708,1
DA:1710,1
DA:1712,1
DA:1713,1
DA:1719,2
DA:1721,2
DA:1725,2
DA:1727,2
DA:1728,2
DA:1729,2
DA:1747,218360
DA:1751,218360
DA:1752,436720
DA:1753,436720
DA:1754,436720
DA:1755,436720
DA:1756,218360
DA:1757,218360
DA:1760,218138
DA:1765,218138
DA:1766,218138
DA:1767,218138
DA:1768,218138
DA:1769,218138
DA:1770,218138
DA:1771,218138
DA:1773,218138
DA:1774,218138
DA:1775,218138
DA:1776,218138
DA:1777,218138
DA:1778,218138
DA:1779,218138
DA:1782,0
DA:1783,0
DA:1784,0
DA:1789,218138
DA:1790,9558
DA:1791,9558
DA:1792,9558
DA:1793,9558
DA:1795,218138
DA:1799,218046
DA:1804,218046
DA:1807,218046
DA:1808,436092
DA:1809,436092
DA:1810,436092
DA:1811,436092
DA:1812,436092
DA:1813,436092
DA:1814,436092
DA:1815,436092
DA:1819,218046
DA:1820,436092
DA:1821,436092
DA:1822,436092
DA:1823,436092
DA:1824,436092
DA:1825,436092
DA:1826,436092
DA:1827,436092
DA:1829,218046
DA:1830,218046
DA:1832,218046
DA:1833,218046
DA:1834,218046
DA:1836,218046
DA:1837,0
DA:1842,0
DA:1844,0
DA:1845,0
DA:1846,0
DA:1847,0
DA:1848,0
DA:1849,0
DA:1850,0
DA:1851,0
DA:1853,0
DA:1854,0
DA:1858,218046
DA:1859,218046
DA:1870,72
DA:1872,72
DA:1873,72
DA:1874,72
DA:1875,72
DA:1876,72
DA:1877,72
DA:1878,0
DA:1880,72
DA:1881,72
DA:1882,72
DA:1883,72
DA:1884,72
DA:1885,72
DA:1888,138
DA:1889,138
DA:1890,138
DA:1891,138
DA:1892,138
DA:1893,138
DA:1894,138
DA:1895,0
DA:1897,138
DA:1898,138
DA:1899,138
DA:1900,138
DA:1901,138
DA:1902,138
DA:1905,40
DA:1906,40
DA:1907,40
DA:1908,40
DA:1909,40
DA:1910,40
DA:1911,40
DA:1912,0
DA:1914,40
DA:1915,40
DA:1916,40
DA:1917,40
DA:1918,40
DA:1919,40
DA:1922,64
DA:1923,64
DA:1924,64
DA:1925,64
DA:1926,64
DA:1927,64
DA:1928,64
DA:1929,64
DA:1930,64
DA:1931,64
DA:1932,64
DA:1933,64
DA:1934,64
DA:1937,0
DA:1938,0
DA:1939,0
DA:1940,0
DA:1941,0
DA:1942,0
DA:1943,0
DA:1944,0
DA:1945,0
DA:1946,0
DA:1947,0
DA:1948,0
DA:1949,0
DA:1951,0
DA:1952,0
DA:1953,0
DA:1954,0
DA:1955,0
DA:1956,0
DA:1957,0
DA:1958,0
DA:1959,0
DA:1960,0
DA:1961,0
DA:1962,0
DA:1963,0
DA:1975,314
DA:1978,314
DA:1979,314
DA:1980,314
DA:1981,314
DA:1983,0
DA:1984,0
DA:1985,0
DA:1988,314
DA:1989,0
DA:1990,0
DA:1993,314
DA:1994,314
DA:1995,170
DA:1996,314
DA:2001,270
DA:2008,270
DA:2009,270
DA:2010,270
DA:2012,270
DA:2013,270
DA:2014,112
DA:2016,158
DA:2018,159
DA:2021,263
DA:2022,53
DA:2026,157
DA:2033,0
DA:2036,157
DA:2037,157
DA:2039,157
DA:2042,59
DA:2043,19
DA:2044,18
DA:2046,59
DA:2047,59
DA:2049,59
DA:2050,59
DA:2052,59
DA:2053,59
DA:2054,59
DA:2055,59
DA:2057,59
DA:2058,59
DA:2059,59
DA:2060,59
DA:2064,98
DA:2065,58
DA:2066,30
DA:2068,98
DA:2069,98
DA:2071,98
DA:2072,98
DA:2074,98
DA:2075,98
DA:2076,98
DA:2084,72816
DA:2090,72816
DA:2091,72816
DA:2092,72816
DA:2094,72816
DA:2097,72816
DA:2099,72750
DA:2100,72750
DA:2102,75737
DA:2104,69763
DA:2105,69763
DA:2108,69763
DA:2110,0
DA:2111,0
DA:2112,0
DA:2113,0
DA:2114,0
DA:2115,0
DA:2117,0
DA:2121,69763
DA:2122,34469
DA:2124,35294
DA:2128,66
DA:2129,66
DA:2130,54
DA:2138,18
DA:2140,18
DA:2141,18
DA:2144,18
DA:2145,18
DA:2146,18
DA:2147,18
DA:2148,18
DA:2153,18
DA:2154,1
DA:2155,1
DA:2156,1
DA:2158,18
DA:2159,1
DA:2161,18
DA:2163,0
DA:2164,0
DA:2165,0
DA:2167,20
DA:2168,16
DA:2169,4
DA:2171,20
DA:2172,16
DA:2173,4
DA:2175,20
DA:2176,16
DA:2177,4
DA:2179,4
DA:2180,4
DA:2181,4
DA:2183,10
DA:2184,8
DA:2185,10
DA:2186,8
DA:2187,2
DA:2189,0
DA:2191,18
DA:2194,872184
DA:2196,872184
DA:2197,872184
DA:2198,861693
DA:2201,5
DA:2203,5
DA:2204,5
DA:2205,4
DA:2206,4
DA:2207,4
DA:2208,4
DA:2209,1
DA:2210,0
DA:2211,0
DA:2212,0
DA:2213,0
DA:2215,5
DA:2218,218046
DA:2225,218046
DA:2227,218046
DA:2229,218046
DA:2230,218046
DA:2231,218046
DA:2233,218046
DA:2234,218046
DA:2235,218046
DA:2236,218046
DA:2238,1061556
DA:2242,843510
DA:2243,843510
DA:2244,843510
DA:2246,843510
DA:2248,218046
DA:2249,218046
DA:2250,218046
DA:2251,218046
DA:2254,625464
DA:2255,625464
DA:2256,625464
DA:2257,625464
DA:2258,625464
DA:2259,625464
DA:2260,625464
DA:2261,625464
DA:2262,625464
DA:2264,1250928
DA:2265,1250928
DA:2267,843510
DA:2268,843510
DA:2269,843510
DA:2271,397947
DA:2272,397947
DA:2273,397947
DA:2276,397947
DA:2277,0
DA:2278,0
DA:2279,0
DA:2280,0
DA:2281,0
DA:2283,0
DA:2286,0
DA:2287,0
DA:2294,397947
DA:2296,0
DA:2297,0
DA:2298,0
DA:2299,0
DA:2300,0
DA:2301,0
DA:2302,0
DA:2304,397947
DA:2305,397947
DA:2306,397947
DA:2308,397947
DA:2309,397947
DA:2310,397947
DA:2313,360244
DA:2314,360244
DA:2315,360244
DA:2321,360244
DA:2322,360244
DA:2323,360244
DA:2324,360244
DA:2325,360244
DA:2326,360244
DA:2327,360244
DA:2331,843510
DA:2332,843510
DA:2333,843510
DA:2336,218046
DA:2337,218046
DA:2338,218046
DA:2339,218046
DA:2340,218046
DA:2342,1
DA:2351,1
DA:2352,1
DA:2354,1
DA:2355,1
DA:2357,1
DA:2358,257
DA:2359,256
DA:2360,65792
DA:2361,65536
DA:2362,65536
DA:2363,65536
DA:2365,65536
DA:2366,65536
DA:2367,65536
DA:2369,65536
DA:2370,65536
DA:2372,256
DA:2374,1
DA:2378,1
DA:2380,1
DA:2382,1
DA:2383,2
DA:2384,1
DA:2386,1
LF:1080
LH:872
end_of_record
SF:/data/tzwang/graphics/ReduceGL/DevR4/main.cpp
FN:30,_Z13CreateTexturePjPci
FN:50,_Z11RenderScenev
FN:124,_Z7reshapeii
FN:147,_Z4initv
FN:184,_Z11drawPolygonPA3_f
FN:197,_Z12SurfSetColorfff
FN:220,_Z15StlShape_RenderRSt6vectorI8triangleSaIS0_EE
FN:252,_Z14Test_TRIANGLESv
FN:262,_Z9SetCamerav
FN:277,main
FN:370,_Z41__static_initialization_and_destruction_0ii
FN:370,_GLOBAL__sub_I__Z13glXMakeDrawOkii
FNDA:1,_Z13CreateTexturePjPci
FNDA:1,_Z11RenderScenev
FNDA:2,_Z7reshapeii
FNDA:1,_Z4initv
FNDA:33,_Z11drawPolygonPA3_f
FNDA:4,_Z12SurfSetColorfff
FNDA:1,_Z15StlShape_RenderRSt6vectorI8triangleSaIS0_EE
FNDA:1,_Z14Test_TRIANGLESv
FNDA:1,_Z9SetCamerav
FNDA:1,main
FNDA:1,_GLOBAL__sub_I__Z13glXMakeDrawOkii
FNDA:1,_Z41__static_initialization_and_destruction_0ii
FNF:12
FNH:12
DA:17,1
DA:18,1
DA:25,1
DA:28,1
DA:30,1
DA:33,1
DA:34,0
DA:36,1
DA:39,1
DA:41,1
DA:44,1
DA:46,2
DA:50,1
DA:62,2
DA:65,1
DA:68,1
DA:71,1
DA:74,1
DA:75,1
DA:76,1
DA:77,1
DA:81,0
DA:82,0
DA:85,1
DA:87,3187
DA:90,12744
DA:93,9558
DA:96,9558
DA:99,9558
DA:102,9558
DA:103,9558
DA:107,0
DA:109,0
DA:110,0
DA:113,9558
DA:117,1
DA:121,1
DA:124,2
DA:126,2
DA:128,0
DA:131,2
DA:133,2
DA:134,2
DA:135,2
DA:137,2
DA:138,2
DA:139,2
DA:147,1
DA:150,1
DA:153,2
DA:156,1
DA:159,1
DA:163,1
DA:166,1
DA:167,1
DA:168,1
DA:170,1
DA:184,33
DA:187,33
DA:188,33
DA:190,165
DA:191,132
DA:192,33
DA:194,33
DA:197,4
DA:206,4
DA:208,4
DA:210,4
DA:211,4
DA:212,4
DA:213,4
DA:214,4
DA:216,4
DA:218,4
DA:220,1
DA:227,1
DA:228,69452
DA:231,277804
DA:234,208353
DA:236,416706
DA:237,208353
DA:238,416706
DA:247,1
DA:250,1
DA:252,1
DA:255,1
DA:256,1
DA:257,1
DA:258,1
DA:259,1
DA:261,1
DA:262,1
DA:264,1
DA:265,1
DA:267,1
DA:269,1
DA:270,1
DA:271,1
DA:272,1
DA:274,1
DA:277,1
DA:279,1
DA:280,1
DA:282,1
DA:283,1
DA:285,1
DA:291,1
DA:292,1
DA:294,1
DA:296,1
DA:297,1
DA:299,1
DA:300,1
DA:302,1
DA:304,1
DA:306,1
DA:308,1
DA:309,1
DA:312,1
DA:315,1
DA:316,1
DA:318,1
DA:319,1
DA:321,1
DA:326,2
DA:328,2
DA:329,1
DA:331,1
DA:332,1
DA:333,1
DA:334,1
DA:335,11
DA:337,10
DA:339,10
DA:341,1
DA:342,1
DA:343,11
DA:345,10
DA:347,10
DA:349,1
DA:350,1
DA:352,11
DA:354,10
DA:356,10
DA:359,1
DA:360,1
DA:362,1
DA:364,1
DA:367,1
DA:368,1
DA:369,1
DA:370,3
LF:152
LH:145
end_of_record
SF:/data/tzwang/graphics/ReduceGL/DevR4/readstl.h
FN:28,_Z7Add3DPt5vec3dS_
FN:37,_ZplRK5vec3dS1_
FN:55,_Z20read_binary_STL_fileNSt7__cxx1112basic_stringIcSt11char_traitsIcESaIcEEERSt6vectorI8triangleSaIS6_EERdSA_SA_SA_SA_SA_
FNDA:0,_Z7Add3DPt5vec3dS_
FNDA:0,_ZplRK5vec3dS1_
FNDA:1,_Z20read_binary_STL_fileNSt7__cxx1112basic_stringIcSt11char_traitsIcESaIcEEERSt6vectorI8triangleSaIS6_EERdSA_SA_SA_SA_SA_
FNF:3
FNH:1
DA:28,0
DA:31,0
DA:32,0
DA:33,0
DA:34,0
DA:37,0
DA:39,0
DA:55,1
DA:59,2
DA:62,2
DA:67,1
DA:71,1
DA:73,0
DA:74,0
DA:78,1
DA:82,1
DA:92,1
DA:93,1
DA:94,1
DA:99,69452
DA:102,69451
DA:103,69451
DA:104,69451
DA:107,69451
DA:108,69451
DA:109,69451
DA:112,69451
DA:113,69451
DA:114,69451
DA:117,69451
DA:118,69451
DA:119,69451
DA:122,69451
DA:125,69451
DA:126,69451
DA:127,69451
DA:128,69451
DA:129,69451
DA:130,69451
DA:133,69451
DA:134,69451
DA:135,69451
DA:136,69451
DA:137,69451
DA:138,69451
DA:141,69451
DA:142,69451
DA:143,69451
DA:144,69451
DA:145,69451
DA:146,69451
DA:149,69451
DA:153,1
DA:155,1
LF:54
LH:45
end_of_record
SF:/data/tzwang/graphics/ReduceGL/DevR4/x11imp.h
FN:12,_Z13glXMakeDrawOkii
FN:22,_Z7ui_loopiPPcPKc
FNDA:1,_Z13glXMakeDrawOkii
FNDA:1,_Z7ui_loopiPPcPKc
FNF:2
FNH:2
DA:12,1
DA:15,1
DA:22,1
DA:26,1
DA:28,1
DA:30,1
DA:31,1
DA:33,1
LF:8
LH:8
end_of_record
SF:/data/tzwang/graphics/ReduceGL/DevR4/zbuffer.h
FN:81,_ZN7ZBuffer7ZB_openEiiiiPhPiPv
FN:140,_ZN7ZBuffer13ZB_setTextureEPh
FN:158,_Z10PUT_PIXELKiRdS_PhPdRjS2_S2_RiS3_S3_S3_
FN:176,_ZN7ZBuffer21ZB_fillTriangleSmoothEP12ZBufferPointS1_S1_
FN:429,_Z13PUT_PIXEL_TEXiPhRdS0_S_PdRjS2_RiS3_S3_
FN:449,_ZN7ZBuffer33ZB_fillTriangleMappingPerspectiveEP12ZBufferPointS1_S1_
FNDA:1,_ZN7ZBuffer7ZB_openEiiiiPhPiPv
FNDA:3179,_ZN7ZBuffer13ZB_setTextureEPh
FNDA:1067391,_Z10PUT_PIXELKiRdS_PhPdRjS2_S2_RiS3_S3_S3_
FNDA:66584,_ZN7ZBuffer21ZB_fillTriangleSmoothEP12ZBufferPointS1_S1_
FNDA:149778,_Z13PUT_PIXEL_TEXiPhRdS0_S_PdRjS2_RiS3_S3_
FNDA:3179,_ZN7ZBuffer33ZB_fillTriangleMappingPerspectiveEP12ZBufferPointS1_S1_
FNF:6
FNH:6
DA:81,1
DA:87,1
DA:92,1
DA:93,0
DA:95,1
DA:96,1
DA:97,1
DA:98,1
DA:101,1
DA:104,1
DA:106,1
DA:107,1
DA:108,0
DA:110,1
DA:111,1
DA:112,1
DA:113,0
DA:114,0
DA:116,1
DA:118,0
DA:119,0
DA:122,1
DA:124,1
DA:126,0
DA:127,0
DA:140,3179
DA:142,3179
DA:143,3179
DA:158,1067391
DA:163,1067391
DA:164,1067391
DA:165,756290
DA:166,756290
DA:167,756290
DA:168,756290
DA:170,1067391
DA:171,1067391
DA:172,1067391
DA:173,1067391
DA:174,1067391
DA:176,66584
DA:180,66584
DA:205,66584
DA:206,31469
DA:207,31469
DA:208,31469
DA:210,66584
DA:211,19494
DA:212,19494
DA:213,19494
DA:214,19494
DA:215,47090
DA:216,18496
DA:217,18496
DA:218,18496
DA:223,66584
DA:224,66584
DA:226,66584
DA:227,66584
DA:229,66584
DA:230,66584
DA:231,0
DA:232,66584
DA:234,66584
DA:235,66584
DA:236,66584
DA:237,66584
DA:240,66584
DA:241,66584
DA:242,66584
DA:243,66584
DA:245,66584
DA:246,66584
DA:247,66584
DA:248,66584
DA:250,66584
DA:251,66584
DA:252,66584
DA:253,66584
DA:255,66584
DA:256,66584
DA:257,66584
DA:258,66584
DA:263,66584
DA:264,66584
DA:268,199752
DA:269,133168
DA:270,66584
DA:271,33089
DA:272,33089
DA:273,33089
DA:274,33089
DA:275,33089
DA:276,33089
DA:278,33495
DA:279,33495
DA:280,33495
DA:281,33495
DA:282,33495
DA:283,33495
DA:285,66584
DA:288,66584
DA:289,33089
DA:290,33089
DA:291,33089
DA:292,33089
DA:294,33495
DA:295,33495
DA:296,33495
DA:297,33495
DA:299,66584
DA:304,133168
DA:305,100079
DA:306,100079
DA:307,100079
DA:308,84687
DA:310,15392
DA:311,100079
DA:312,100079
DA:313,100079
DA:314,100079
DA:315,100079
DA:317,100079
DA:318,100079
DA:319,100079
DA:321,100079
DA:322,100079
DA:323,100079
DA:325,100079
DA:326,100079
DA:327,100079
DA:329,100079
DA:330,100079
DA:331,100079
DA:338,133168
DA:339,99673
DA:340,99673
DA:341,99673
DA:342,84823
DA:344,14850
DA:345,99673
DA:350,949056
DA:351,407944
DA:361,407944
DA:362,407944
DA:364,407944
DA:365,407944
DA:367,407944
DA:368,407944
DA:369,407944
DA:372,2542726
DA:373,1067391
DA:375,1067391
DA:377,1067391
DA:378,1067391
DA:382,407944
DA:383,407944
DA:384,176248
DA:385,176248
DA:387,176248
DA:389,176248
DA:390,176248
DA:391,176248
DA:395,231696
DA:397,231696
DA:399,231696
DA:400,231696
DA:401,231696
DA:407,407944
DA:410,407944
DA:411,407944
DA:429,149778
DA:435,149778
DA:436,149778
DA:437,145398
DA:438,145398
DA:439,145398
DA:440,145398
DA:441,145398
DA:443,149778
DA:444,149778
DA:445,149778
DA:446,149778
DA:449,3179
DA:452,3179
DA:495,3179
DA:496,1349
DA:497,1349
DA:498,1349
DA:500,3179
DA:501,1533
DA:502,1533
DA:503,1533
DA:504,1533
DA:505,1646
DA:506,86
DA:507,86
DA:508,86
DA:513,3179
DA:514,3179
DA:516,3179
DA:517,3179
DA:519,3179
DA:520,3179
DA:521,0
DA:522,3179
DA:524,3179
DA:525,3179
DA:526,3179
DA:527,3179
DA:530,3179
DA:531,3179
DA:532,3179
DA:533,3179
DA:541,3179
DA:542,3179
DA:543,3179
DA:544,3179
DA:545,3179
DA:546,3179
DA:547,3179
DA:548,3179
DA:549,3179
DA:551,3179
DA:552,3179
DA:553,3179
DA:554,3179
DA:556,3179
DA:557,3179
DA:558,3179
DA:559,3179
DA:564,3179
DA:565,3179
DA:570,3179
DA:571,3179
DA:572,3179
DA:573,3179
DA:574,3179
DA:579,9537
DA:580,6358
DA:581,3179
DA:582,1377
DA:583,1377
DA:584,1377
DA:585,1377
DA:586,1377
DA:587,1377
DA:589,1802
DA:590,1802
DA:591,1802
DA:592,1802
DA:593,1802
DA:594,1802
DA:596,3179
DA:599,3179
DA:600,1377
DA:601,1377
DA:602,1377
DA:603,1377
DA:605,1802
DA:606,1802
DA:607,1802
DA:608,1802
DA:610,3179
DA:615,6358
DA:616,4981
DA:617,4981
DA:618,4981
DA:619,4499
DA:621,482
DA:622,4981
DA:623,4981
DA:624,4981
DA:625,4981
DA:626,4981
DA:629,4981
DA:630,4981
DA:631,4981
DA:635,4981
DA:636,4981
DA:637,4981
DA:639,4981
DA:640,4981
DA:641,4981
DA:647,6358
DA:648,4556
DA:649,4556
DA:650,4556
DA:651,4518
DA:653,38
DA:654,4556
DA:659,73468
DA:660,33555
DA:669,33555
DA:670,33555
DA:671,33555
DA:672,33555
DA:673,33555
DA:674,33555
DA:675,33555
DA:676,33555
DA:677,48037
DA:680,7241
DA:681,7241
DA:682,7241
DA:683,7241
DA:684,7241
DA:685,7241
DA:686,7241
DA:687,7241
DA:689,7241
DA:690,7241
DA:691,7241
DA:692,7241
DA:693,7241
DA:694,7241
DA:695,7241
DA:696,7241
DA:697,7241
DA:698,7241
DA:699,7241
DA:700,7241
DA:701,7241
DA:705,33555
DA:706,33555
DA:707,33555
DA:708,33555
DA:709,33555
DA:710,33555
DA:712,217255
DA:713,91850
DA:714,91850
DA:715,91850
DA:716,91850
DA:721,33555
DA:722,33555
DA:723,16799
DA:724,16799
DA:726,16799
DA:730,16799
DA:731,16799
DA:734,16756
DA:736,16756
DA:740,16756
DA:741,16756
DA:746,33555
DA:749,33555
DA:750,33555
LF:348
LH:338
end_of_record
SF:/data/tzwang/graphics/ReduceGL/DevR4/zmath.h
FN:33,_ZN2M4C2Ev
FN:56,_Z10gl_V3_NormP2V3
FN:67,_Z9gl_V3_Newfff
FN:76,_Z9gl_V4_Newffff
FN:91,_ZN2M48gl_M4_IdEPS_
FN:99,_ZN2M410gl_M4_IsIdEPS_
FN:111,_ZN2M49gl_M4_MulEPS_S0_S0_
FN:124,_ZN2M413gl_M4_MulLeftEPS_S0_
FN:157,_ZN2M411gl_M4_MulV4EP2V4PS_S1_
FN:166,_ZN2M415gl_M4_TransposeEPS_S0_
FN:207,_Z10Matrix_InvPfS_i
FN:267,_ZN2M49gl_M4_InvEPS_S0_
FN:275,_ZN2M412gl_M4_RotateEPS_fi
FNDA:58,_ZN2M4C2Ev
FNDA:3,_Z10gl_V3_NormP2V3
FNDA:48,_Z9gl_V3_Newfff
FNDA:73,_Z9gl_V4_Newffff
FNDA:9,_ZN2M48gl_M4_IdEPS_
FNDA:2,_ZN2M410gl_M4_IsIdEPS_
FNDA:0,_ZN2M49gl_M4_MulEPS_S0_S0_
FNDA:7,_ZN2M413gl_M4_MulLeftEPS_S0_
FNDA:3,_ZN2M411gl_M4_MulV4EP2V4PS_S1_
FNDA:3,_ZN2M415gl_M4_TransposeEPS_S0_
FNDA:2,_Z10Matrix_InvPfS_i
FNDA:2,_ZN2M49gl_M4_InvEPS_S0_
FNDA:1,_ZN2M412gl_M4_RotateEPS_fi
FNF:13
FNH:12
DA:33,58
DA:56,3
DA:59,3
DA:60,3
DA:61,3
DA:62,3
DA:63,3
DA:64,3
DA:67,48
DA:70,48
DA:71,48
DA:72,48
DA:73,48
DA:76,73
DA:79,73
DA:80,73
DA:81,73
DA:82,73
DA:83,73
DA:91,9
DA:94,45
DA:95,180
DA:96,144
DA:97,9
DA:99,2
DA:102,10
DA:103,40
DA:104,32
DA:105,8
DA:106,24
DA:108,2
DA:111,0
DA:115,0
DA:116,0
DA:117,0
DA:118,0
DA:119,0
DA:121,0
DA:124,7
DA:128,7
DA:132,7
DA:134,35
DA:135,140
DA:136,112
DA:137,112
DA:138,112
DA:140,7
DA:157,3
DA:159,3
DA:160,3
DA:161,3
DA:162,3
DA:163,3
DA:166,3
DA:168,3
DA:169,3
DA:170,3
DA:171,3
DA:173,3
DA:174,3
DA:175,3
DA:176,3
DA:178,3
DA:179,3
DA:180,3
DA:181,3
DA:183,3
DA:184,3
DA:185,3
DA:186,3
DA:187,3
DA:207,2
DA:213,2
DA:214,2
DA:216,10
DA:219,8
DA:220,8
DA:221,20
DA:222,12
DA:223,0
DA:224,0
DA:228,8
DA:232,8
DA:233,0
DA:234,0
DA:235,0
DA:236,0
DA:238,0
DA:239,0
DA:240,0
DA:245,8
DA:246,40
DA:247,32
DA:248,32
DA:252,40
DA:253,24
DA:254,120
DA:255,96
DA:256,96
DA:261,2
DA:267,2
DA:269,2
DA:270,2
DA:272,2
DA:273,2
DA:275,1
DA:279,1
DA:280,1
DA:281,1
DA:282,1
DA:283,1
DA:284,1
DA:285,1
DA:286,1
LF:114
LH:98
end_of_record
