TN:
SF:/usr/include/c++/5/bits/stl_algobase.h
FN:219,_ZSt3maxImERKT_S2_S2_
FN:282,_ZSt12__niter_baseIP9t3DObjectENSt11_Niter_baseIT_E13iterator_typeES3_
FN:282,_ZSt12__niter_baseIP13tMaterialInfoENSt11_Niter_baseIT_E13iterator_typeES3_
FN:293,_ZSt12__miter_baseIP13tMaterialInfoENSt11_Miter_baseIT_E13iterator_typeES3_
FN:293,_ZSt12__miter_baseIP9t3DObjectENSt11_Miter_baseIT_E13iterator_typeES3_
FN:373,_ZNSt11__copy_moveILb0ELb1ESt26random_access_iterator_tagE8__copy_mI13tMaterialInfoEEPT_PKS4_S7_S5_
FN:373,_ZNSt11__copy_moveILb0ELb1ESt26random_access_iterator_tagE8__copy_mI9t3DObjectEEPT_PKS4_S7_S5_
FN:391,_ZSt13__copy_move_aILb0EP13tMaterialInfoS1_ET1_T0_S3_S2_
FN:391,_ZSt13__copy_move_aILb0EP9t3DObjectS1_ET1_T0_S3_S2_
FN:436,_ZSt14__copy_move_a2ILb0EP9t3DObjectS1_ET1_T0_S3_S2_
FN:436,_ZSt14__copy_move_a2ILb0EP13tMaterialInfoS1_ET1_T0_S3_S2_
FN:462,_ZSt4copyIP9t3DObjectS1_ET0_T_S3_S2_
FN:462,_ZSt4copyIP13tMaterialInfoS1_ET0_T_S3_S2_
FN:575,_ZNSt20__copy_move_backwardILb0ELb1ESt26random_access_iterator_tagE13__copy_move_bI9t3DObjectEEPT_PKS4_S7_S5_
FN:575,_ZNSt20__copy_move_backwardILb0ELb1ESt26random_access_iterator_tagE13__copy_move_bI13tMaterialInfoEEPT_PKS4_S7_S5_
FN:593,_ZSt22__copy_move_backward_aILb0EP13tMaterialInfoS1_ET1_T0_S3_S2_
FN:593,_ZSt22__copy_move_backward_aILb0EP9t3DObjectS1_ET1_T0_S3_S2_
FN:611,_ZSt23__copy_move_backward_a2ILb0EP13tMaterialInfoS1_ET1_T0_S3_S2_
FN:611,_ZSt23__copy_move_backward_a2ILb0EP9t3DObjectS1_ET1_T0_S3_S2_
FN:638,_ZSt13copy_backwardIP13tMaterialInfoS1_ET0_T_S3_S2_
FN:638,_ZSt13copy_backwardIP9t3DObjectS1_ET0_T_S3_S2_
FNDA:24,_ZSt3maxImERKT_S2_S2_
FNDA:6,_ZSt12__niter_baseIP9t3DObjectENSt11_Niter_baseIT_E13iterator_typeES3_
FNDA:6,_ZSt12__niter_baseIP13tMaterialInfoENSt11_Niter_baseIT_E13iterator_typeES3_
FNDA:4,_ZSt12__miter_baseIP9t3DObjectENSt11_Miter_baseIT_E13iterator_typeES3_
FNDA:4,_ZSt12__miter_baseIP13tMaterialInfoENSt11_Miter_baseIT_E13iterator_typeES3_
FNDA:2,_ZNSt11__copy_moveILb0ELb1ESt26random_access_iterator_tagE8__copy_mI9t3DObjectEEPT_PKS4_S7_S5_
FNDA:2,_ZNSt11__copy_moveILb0ELb1ESt26random_access_iterator_tagE8__copy_mI13tMaterialInfoEEPT_PKS4_S7_S5_
FNDA:2,_ZSt13__copy_move_aILb0EP9t3DObjectS1_ET1_T0_S3_S2_
FNDA:2,_ZSt13__copy_move_aILb0EP13tMaterialInfoS1_ET1_T0_S3_S2_
FNDA:2,_ZSt14__copy_move_a2ILb0EP9t3DObjectS1_ET1_T0_S3_S2_
FNDA:2,_ZSt14__copy_move_a2ILb0EP13tMaterialInfoS1_ET1_T0_S3_S2_
FNDA:2,_ZSt4copyIP9t3DObjectS1_ET0_T_S3_S2_
FNDA:2,_ZSt4copyIP13tMaterialInfoS1_ET0_T_S3_S2_
FNDA:0,_ZNSt20__copy_move_backwardILb0ELb1ESt26random_access_iterator_tagE13__copy_move_bI9t3DObjectEEPT_PKS4_S7_S5_
FNDA:0,_ZNSt20__copy_move_backwardILb0ELb1ESt26random_access_iterator_tagE13__copy_move_bI13tMaterialInfoEEPT_PKS4_S7_S5_
FNDA:0,_ZSt22__copy_move_backward_aILb0EP9t3DObjectS1_ET1_T0_S3_S2_
FNDA:0,_ZSt22__copy_move_backward_aILb0EP13tMaterialInfoS1_ET1_T0_S3_S2_
FNDA:0,_ZSt23__copy_move_backward_a2ILb0EP9t3DObjectS1_ET1_T0_S3_S2_
FNDA:0,_ZSt23__copy_move_backward_a2ILb0EP13tMaterialInfoS1_ET1_T0_S3_S2_
FNDA:0,_ZSt13copy_backwardIP9t3DObjectS1_ET0_T_S3_S2_
FNDA:0,_ZSt13copy_backwardIP13tMaterialInfoS1_ET0_T_S3_S2_
FNF:21
FNH:13
DA:219,24
DA:224,24
DA:225,7
DA:226,17
DA:282,12
DA:283,12
DA:293,8
DA:294,8
DA:373,4
DA:382,4
DA:383,4
DA:384,0
DA:385,4
DA:391,4
DA:399,4
DA:402,4
DA:436,4
DA:438,4
DA:440,4
DA:462,4
DA:471,4
DA:472,4
DA:575,0
DA:584,0
DA:585,0
DA:586,0
DA:587,0
DA:593,0
DA:601,0
DA:606,0
DA:611,0
DA:614,0
DA:615,0
DA:638,0
DA:649,0
DA:650,0
LF:36
LH:21
end_of_record
SF:/usr/include/c++/5/bits/stl_construct.h
FN:112,_ZNSt12_Destroy_auxILb1EE9__destroyIP9t3DObjectEEvT_S4_
FN:112,_ZNSt12_Destroy_auxILb1EE9__destroyIP13tMaterialInfoEEvT_S4_
FN:122,_ZSt8_DestroyIP13tMaterialInfoEvT_S2_
FN:122,_ZSt8_DestroyIP9t3DObjectEvT_S2_
FN:148,_ZSt8_DestroyIP13tMaterialInfoS0_EvT_S2_RSaIT0_E
FN:148,_ZSt8_DestroyIP9t3DObjectS0_EvT_S2_RSaIT0_E
FNDA:2,_ZNSt12_Destroy_auxILb1EE9__destroyIP9t3DObjectEEvT_S4_
FNDA:2,_ZNSt12_Destroy_auxILb1EE9__destroyIP13tMaterialInfoEEvT_S4_
FNDA:2,_ZSt8_DestroyIP9t3DObjectEvT_S2_
FNDA:2,_ZSt8_DestroyIP13tMaterialInfoEvT_S2_
FNDA:2,_ZSt8_DestroyIP9t3DObjectS0_EvT_S2_RSaIT0_E
FNDA:2,_ZSt8_DestroyIP13tMaterialInfoS0_EvT_S2_RSaIT0_E
FNF:6
FNH:6
DA:112,4
DA:122,4
DA:126,4
DA:128,4
DA:148,4
DA:151,4
DA:152,4
LF:7
LH:7
end_of_record
SF:/usr/include/c++/5/bits/stl_iterator.h
FN:740,_ZN9__gnu_cxx17__normal_iteratorIP13tMaterialInfoSt6vectorIS1_SaIS1_EEEC2ERKS2_
FN:740,_ZN9__gnu_cxx17__normal_iteratorIP9t3DObjectSt6vectorIS1_SaIS1_EEEC2ERKS2_
FN:753,_ZNK9__gnu_cxx17__normal_iteratorIP13tMaterialInfoSt6vectorIS1_SaIS1_EEEdeEv
FN:753,_ZNK9__gnu_cxx17__normal_iteratorIP9t3DObjectSt6vectorIS1_SaIS1_EEEdeEv
FN:805,_ZNK9__gnu_cxx17__normal_iteratorIP13tMaterialInfoSt6vectorIS1_SaIS1_EEE4baseEv
FN:805,_ZNK9__gnu_cxx17__normal_iteratorIP9t3DObjectSt6vectorIS1_SaIS1_EEE4baseEv
FN:923,_ZN9__gnu_cxxmiIP9t3DObjectSt6vectorIS1_SaIS1_EEEENS_17__normal_iteratorIT_T0_E15difference_typeERKS9_SC_
FN:923,_ZN9__gnu_cxxmiIP13tMaterialInfoSt6vectorIS1_SaIS1_EEEENS_17__normal_iteratorIT_T0_E15difference_typeERKS9_SC_
FNDA:2,_ZN9__gnu_cxx17__normal_iteratorIP9t3DObjectSt6vectorIS1_SaIS1_EEEC2ERKS2_
FNDA:2,_ZN9__gnu_cxx17__normal_iteratorIP13tMaterialInfoSt6vectorIS1_SaIS1_EEEC2ERKS2_
FNDA:0,_ZNK9__gnu_cxx17__normal_iteratorIP9t3DObjectSt6vectorIS1_SaIS1_EEEdeEv
FNDA:0,_ZNK9__gnu_cxx17__normal_iteratorIP13tMaterialInfoSt6vectorIS1_SaIS1_EEEdeEv
FNDA:4,_ZNK9__gnu_cxx17__normal_iteratorIP9t3DObjectSt6vectorIS1_SaIS1_EEE4baseEv
FNDA:4,_ZNK9__gnu_cxx17__normal_iteratorIP13tMaterialInfoSt6vectorIS1_SaIS1_EEE4baseEv
FNDA:1,_ZN9__gnu_cxxmiIP9t3DObjectSt6vectorIS1_SaIS1_EEEENS_17__normal_iteratorIT_T0_E15difference_typeERKS9_SC_
FNDA:1,_ZN9__gnu_cxxmiIP13tMaterialInfoSt6vectorIS1_SaIS1_EEEENS_17__normal_iteratorIT_T0_E15difference_typeERKS9_SC_
FNF:8
FNH:6
DA:740,4
DA:741,4
DA:753,0
DA:754,0
DA:805,8
DA:806,8
DA:923,2
DA:926,2
LF:8
LH:6
end_of_record
SF:/usr/include/c++/5/bits/stl_iterator_base_types.h
FN:215,_ZNSt10_Iter_baseIP13tMaterialInfoLb0EE7_S_baseES1_
FN:215,_ZNSt10_Iter_baseIP9t3DObjectLb0EE7_S_baseES1_
FNDA:10,_ZNSt10_Iter_baseIP9t3DObjectLb0EE7_S_baseES1_
FNDA:10,_ZNSt10_Iter_baseIP13tMaterialInfoLb0EE7_S_baseES1_
FNF:2
FNH:2
DA:215,20
DA:216,20
LF:2
LH:2
end_of_record
SF:/usr/include/c++/5/bits/stl_uninitialized.h
FN:91,_ZNSt20__uninitialized_copyILb1EE13__uninit_copyIP13tMaterialInfoS3_EET0_T_S5_S4_
FN:91,_ZNSt20__uninitialized_copyILb1EE13__uninit_copyIP9t3DObjectS3_EET0_T_S5_S4_
FN:107,_ZSt18uninitialized_copyIP13tMaterialInfoS1_ET0_T_S3_S2_
FN:107,_ZSt18uninitialized_copyIP9t3DObjectS1_ET0_T_S3_S2_
FN:279,_ZSt22__uninitialized_copy_aIP9t3DObjectS1_S0_ET0_T_S3_S2_RSaIT1_E
FN:279,_ZSt22__uninitialized_copy_aIP13tMaterialInfoS1_S0_ET0_T_S3_S2_RSaIT1_E
FN:297,_ZSt34__uninitialized_move_if_noexcept_aIP9t3DObjectS1_SaIS0_EET0_T_S4_S3_RT1_
FN:297,_ZSt34__uninitialized_move_if_noexcept_aIP13tMaterialInfoS1_SaIS0_EET0_T_S4_S3_RT1_
FNDA:2,_ZNSt20__uninitialized_copyILb1EE13__uninit_copyIP9t3DObjectS3_EET0_T_S5_S4_
FNDA:2,_ZNSt20__uninitialized_copyILb1EE13__uninit_copyIP13tMaterialInfoS3_EET0_T_S5_S4_
FNDA:2,_ZSt18uninitialized_copyIP9t3DObjectS1_ET0_T_S3_S2_
FNDA:2,_ZSt18uninitialized_copyIP13tMaterialInfoS1_ET0_T_S3_S2_
FNDA:2,_ZSt22__uninitialized_copy_aIP9t3DObjectS1_S0_ET0_T_S3_S2_RSaIT1_E
FNDA:2,_ZSt22__uninitialized_copy_aIP13tMaterialInfoS1_S0_ET0_T_S3_S2_RSaIT1_E
FNDA:2,_ZSt34__uninitialized_move_if_noexcept_aIP9t3DObjectS1_SaIS0_EET0_T_S4_S3_RT1_
FNDA:2,_ZSt34__uninitialized_move_if_noexcept_aIP13tMaterialInfoS1_SaIS0_EET0_T_S4_S3_RT1_
FNF:8
FNH:8
DA:91,4
DA:93,4
DA:107,4
DA:115,4
DA:126,4
DA:279,4
DA:281,4
DA:297,4
DA:304,4
LF:9
LH:9
end_of_record
SF:/usr/include/c++/5/bits/stl_vector.h
FN:113,_ZNSt12_Vector_baseI9t3DObjectSaIS0_EE19_M_get_Tp_allocatorEv
FN:113,_ZNSt12_Vector_baseI13tMaterialInfoSaIS0_EE19_M_get_Tp_allocatorEv
FN:117,_ZNKSt12_Vector_baseI13tMaterialInfoSaIS0_EE19_M_get_Tp_allocatorEv
FN:117,_ZNKSt12_Vector_baseI9t3DObjectSaIS0_EE19_M_get_Tp_allocatorEv
FN:167,_ZNSt12_Vector_baseI9t3DObjectSaIS0_EE11_M_allocateEm
FN:167,_ZNSt12_Vector_baseI13tMaterialInfoSaIS0_EE11_M_allocateEm
FN:174,_ZNSt12_Vector_baseI13tMaterialInfoSaIS0_EE13_M_deallocateEPS0_m
FN:174,_ZNSt12_Vector_baseI9t3DObjectSaIS0_EE13_M_deallocateEPS0_m
FN:547,_ZNSt6vectorI13tMaterialInfoSaIS0_EE5beginEv
FN:547,_ZNSt6vectorI9t3DObjectSaIS0_EE5beginEv
FN:565,_ZNSt6vectorI13tMaterialInfoSaIS0_EE3endEv
FN:565,_ZNSt6vectorI9t3DObjectSaIS0_EE3endEv
FN:654,_ZNKSt6vectorI13tMaterialInfoSaIS0_EE4sizeEv
FN:654,_ZNKSt6vectorI9t3DObjectSaIS0_EE4sizeEv
FN:659,_ZNKSt6vectorI13tMaterialInfoSaIS0_EE8max_sizeEv
FN:659,_ZNKSt6vectorI9t3DObjectSaIS0_EE8max_sizeEv
FN:779,_ZNSt6vectorI13tMaterialInfoSaIS0_EEixEm
FN:779,_ZNSt6vectorI9t3DObjectSaIS0_EEixEm
FN:913,_ZNSt6vectorI13tMaterialInfoSaIS0_EE9push_backERKS0_
FN:913,_ZNSt6vectorI9t3DObjectSaIS0_EE9push_backERKS0_
FN:1422,_ZNKSt6vectorI13tMaterialInfoSaIS0_EE12_M_check_lenEmPKc
FN:1422,_ZNKSt6vectorI9t3DObjectSaIS0_EE12_M_check_lenEmPKc
FNDA:4,_ZNSt12_Vector_baseI9t3DObjectSaIS0_EE19_M_get_Tp_allocatorEv
FNDA:4,_ZNSt12_Vector_baseI13tMaterialInfoSaIS0_EE19_M_get_Tp_allocatorEv
FNDA:2,_ZNKSt12_Vector_baseI9t3DObjectSaIS0_EE19_M_get_Tp_allocatorEv
FNDA:2,_ZNKSt12_Vector_baseI13tMaterialInfoSaIS0_EE19_M_get_Tp_allocatorEv
FNDA:1,_ZNSt12_Vector_baseI9t3DObjectSaIS0_EE11_M_allocateEm
FNDA:1,_ZNSt12_Vector_baseI13tMaterialInfoSaIS0_EE11_M_allocateEm
FNDA:2,_ZNSt12_Vector_baseI9t3DObjectSaIS0_EE13_M_deallocateEPS0_m
FNDA:2,_ZNSt12_Vector_baseI13tMaterialInfoSaIS0_EE13_M_deallocateEPS0_m
FNDA:1,_ZNSt6vectorI9t3DObjectSaIS0_EE5beginEv
FNDA:1,_ZNSt6vectorI13tMaterialInfoSaIS0_EE5beginEv
FNDA:1,_ZNSt6vectorI9t3DObjectSaIS0_EE3endEv
FNDA:1,_ZNSt6vectorI13tMaterialInfoSaIS0_EE3endEv
FNDA:5,_ZNKSt6vectorI9t3DObjectSaIS0_EE4sizeEv
FNDA:4,_ZNKSt6vectorI13tMaterialInfoSaIS0_EE4sizeEv
FNDA:2,_ZNKSt6vectorI9t3DObjectSaIS0_EE8max_sizeEv
FNDA:2,_ZNKSt6vectorI13tMaterialInfoSaIS0_EE8max_sizeEv
FNDA:8,_ZNSt6vectorI13tMaterialInfoSaIS0_EEixEm
FNDA:5,_ZNSt6vectorI9t3DObjectSaIS0_EEixEm
FNDA:1,_ZNSt6vectorI9t3DObjectSaIS0_EE9push_backERKS0_
FNDA:1,_ZNSt6vectorI13tMaterialInfoSaIS0_EE9push_backERKS0_
FNDA:1,_ZNKSt6vectorI9t3DObjectSaIS0_EE12_M_check_lenEmPKc
FNDA:1,_ZNKSt6vectorI13tMaterialInfoSaIS0_EE12_M_check_lenEmPKc
FNF:22
FNH:22
DA:113,8
DA:114,8
DA:117,4
DA:118,4
DA:167,2
DA:170,2
DA:174,4
DA:177,4
DA:178,2
DA:179,4
DA:547,2
DA:548,2
DA:565,2
DA:566,2
DA:654,9
DA:655,9
DA:659,4
DA:660,4
DA:779,13
DA:780,13
DA:913,2
DA:915,2
DA:917,0
DA:919,0
DA:925,2
DA:927,2
DA:1422,2
DA:1424,2
DA:1425,0
DA:1427,2
DA:1428,2
LF:31
LH:28
end_of_record
SF:/usr/include/c++/5/bits/vector.tcc
FN:326,_ZNSt6vectorI9t3DObjectSaIS0_EE13_M_insert_auxEN9__gnu_cxx17__normal_iteratorIPS0_S2_EERKS0_
FN:326,_ZNSt6vectorI13tMaterialInfoSaIS0_EE13_M_insert_auxEN9__gnu_cxx17__normal_iteratorIPS0_S2_EERKS0_
FNDA:1,_ZNSt6vectorI9t3DObjectSaIS0_EE13_M_insert_auxEN9__gnu_cxx17__normal_iteratorIPS0_S2_EERKS0_
FNDA:1,_ZNSt6vectorI13tMaterialInfoSaIS0_EE13_M_insert_auxEN9__gnu_cxx17__normal_iteratorIPS0_S2_EERKS0_
FNF:2
FNH:2
DA:326,2
DA:330,2
DA:332,0
DA:333,0
DA:335,0
DA:337,0
DA:339,0
DA:343,0
DA:351,2
DA:352,2
DA:353,2
DA:354,2
DA:361,2
DA:368,2
DA:370,2
DA:372,2
DA:373,2
DA:375,2
DA:377,2
DA:379,2
DA:380,2
DA:382,0
DA:384,0
DA:385,0
DA:388,0
DA:389,0
DA:390,0
DA:392,2
DA:393,2
DA:394,4
DA:396,4
DA:397,2
DA:398,2
DA:399,2
DA:401,2
LF:35
LH:23
end_of_record
SF:/usr/include/c++/5/ext/alloc_traits.h
FN:181,_ZN9__gnu_cxx14__alloc_traitsISaI9t3DObjectEE8allocateERS2_m
FN:181,_ZN9__gnu_cxx14__alloc_traitsISaI13tMaterialInfoEE8allocateERS2_m
FN:184,_ZN9__gnu_cxx14__alloc_traitsISaI9t3DObjectEE10deallocateERS2_PS1_m
FN:184,_ZN9__gnu_cxx14__alloc_traitsISaI13tMaterialInfoEE10deallocateERS2_PS1_m
FN:188,_ZN9__gnu_cxx14__alloc_traitsISaI13tMaterialInfoEE9constructIS1_EEvRS2_PS1_RKT_
FN:188,_ZN9__gnu_cxx14__alloc_traitsISaI9t3DObjectEE9constructIS1_EEvRS2_PS1_RKT_
FN:191,_ZN9__gnu_cxx14__alloc_traitsISaI13tMaterialInfoEE7destroyERS2_PS1_
FN:191,_ZN9__gnu_cxx14__alloc_traitsISaI9t3DObjectEE7destroyERS2_PS1_
FN:194,_ZN9__gnu_cxx14__alloc_traitsISaI13tMaterialInfoEE8max_sizeERKS2_
FN:194,_ZN9__gnu_cxx14__alloc_traitsISaI9t3DObjectEE8max_sizeERKS2_
FNDA:1,_ZN9__gnu_cxx14__alloc_traitsISaI9t3DObjectEE8allocateERS2_m
FNDA:1,_ZN9__gnu_cxx14__alloc_traitsISaI13tMaterialInfoEE8allocateERS2_m
FNDA:1,_ZN9__gnu_cxx14__alloc_traitsISaI9t3DObjectEE10deallocateERS2_PS1_m
FNDA:1,_ZN9__gnu_cxx14__alloc_traitsISaI13tMaterialInfoEE10deallocateERS2_PS1_m
FNDA:1,_ZN9__gnu_cxx14__alloc_traitsISaI9t3DObjectEE9constructIS1_EEvRS2_PS1_RKT_
FNDA:1,_ZN9__gnu_cxx14__alloc_traitsISaI13tMaterialInfoEE9constructIS1_EEvRS2_PS1_RKT_
FNDA:0,_ZN9__gnu_cxx14__alloc_traitsISaI9t3DObjectEE7destroyERS2_PS1_
FNDA:0,_ZN9__gnu_cxx14__alloc_traitsISaI13tMaterialInfoEE7destroyERS2_PS1_
FNDA:2,_ZN9__gnu_cxx14__alloc_traitsISaI9t3DObjectEE8max_sizeERKS2_
FNDA:2,_ZN9__gnu_cxx14__alloc_traitsISaI13tMaterialInfoEE8max_sizeERKS2_
FNF:10
FNH:8
DA:181,2
DA:182,2
DA:184,2
DA:185,2
DA:188,2
DA:189,2
DA:191,0
DA:192,0
DA:194,4
DA:195,4
LF:10
LH:8
end_of_record
SF:/usr/include/c++/5/ext/new_allocator.h
FN:99,_ZN9__gnu_cxx13new_allocatorI9t3DObjectE8allocateEmPKv
FN:99,_ZN9__gnu_cxx13new_allocatorI13tMaterialInfoE8allocateEmPKv
FN:109,_ZN9__gnu_cxx13new_allocatorI13tMaterialInfoE10deallocateEPS1_m
FN:109,_ZN9__gnu_cxx13new_allocatorI9t3DObjectE10deallocateEPS1_m
FN:113,_ZNK9__gnu_cxx13new_allocatorI9t3DObjectE8max_sizeEv
FN:113,_ZNK9__gnu_cxx13new_allocatorI13tMaterialInfoE8max_sizeEv
FN:129,_ZN9__gnu_cxx13new_allocatorI13tMaterialInfoE9constructEPS1_RKS1_
FN:129,_ZN9__gnu_cxx13new_allocatorI9t3DObjectE9constructEPS1_RKS1_
FN:133,_ZN9__gnu_cxx13new_allocatorI9t3DObjectE7destroyEPS1_
FN:133,_ZN9__gnu_cxx13new_allocatorI13tMaterialInfoE7destroyEPS1_
FNDA:1,_ZN9__gnu_cxx13new_allocatorI9t3DObjectE8allocateEmPKv
FNDA:1,_ZN9__gnu_cxx13new_allocatorI13tMaterialInfoE8allocateEmPKv
FNDA:1,_ZN9__gnu_cxx13new_allocatorI9t3DObjectE10deallocateEPS1_m
FNDA:1,_ZN9__gnu_cxx13new_allocatorI13tMaterialInfoE10deallocateEPS1_m
FNDA:3,_ZNK9__gnu_cxx13new_allocatorI9t3DObjectE8max_sizeEv
FNDA:3,_ZNK9__gnu_cxx13new_allocatorI13tMaterialInfoE8max_sizeEv
FNDA:1,_ZN9__gnu_cxx13new_allocatorI9t3DObjectE9constructEPS1_RKS1_
FNDA:1,_ZN9__gnu_cxx13new_allocatorI13tMaterialInfoE9constructEPS1_RKS1_
FNDA:0,_ZN9__gnu_cxx13new_allocatorI9t3DObjectE7destroyEPS1_
FNDA:0,_ZN9__gnu_cxx13new_allocatorI13tMaterialInfoE7destroyEPS1_
FNF:10
FNH:8
DA:99,2
DA:101,2
DA:102,0
DA:104,2
DA:109,2
DA:110,2
DA:113,6
DA:114,6
DA:129,2
DA:130,2
DA:133,0
LF:11
LH:9
end_of_record
SF:/usr/include/c++/5/new
FN:129,_ZnwmPv
FNDA:69503,_ZnwmPv
FNF:1
FNH:1
DA:129,69503
DA:130,69503
LF:2
LH:2
end_of_record
SF:/data/tzwang/graphics/ReduceGL/DevR3/3DS.cpp
FN:7,_Z11empty_chunkP6tChunk
FN:12,_ZN8CLoad3DSC2Ev
FN:19,_ZN8CLoad3DS9Import3DSEP8t3DModelPc
FN:64,_ZN8CLoad3DS7CleanUpEv
FN:75,_ZN8CLoad3DS16ProcessNextChunkEP8t3DModelP6tChunk
FN:180,_ZN8CLoad3DS22ProcessNextObjectChunkEP8t3DModelP9t3DObjectP6tChunk
FN:242,_ZN8CLoad3DS24ProcessNextMaterialChunkEP8t3DModelP6tChunk
FN:297,_ZN8CLoad3DS9ReadChunkEP6tChunk
FN:307,_ZN8CLoad3DS9GetStringEPc
FN:327,_ZN8CLoad3DS14ReadColorChunkEP13tMaterialInfoP6tChunk
FN:340,_ZN8CLoad3DS17ReadVertexIndicesEP9t3DObjectP6tChunk
FN:370,_ZN8CLoad3DS17ReadUVCoordinatesEP9t3DObjectP6tChunk
FN:385,_ZN8CLoad3DS12ReadVerticesEP9t3DObjectP6tChunk
FN:419,_ZN8CLoad3DS18ReadObjectMaterialEP8t3DModelP9t3DObjectP6tChunk
FN:463,_Z6Vector8CVector3S_
FN:475,_Z9AddVector8CVector3S_
FN:487,_Z20DivideVectorByScaler8CVector3f
FN:499,_Z5Cross8CVector3S_
FN:513,_Z9Normalize8CVector3
FN:527,_ZN8CLoad3DS14ComputeNormalsEP8t3DModel
FNDA:8,_Z11empty_chunkP6tChunk
FNDA:1,_ZN8CLoad3DSC2Ev
FNDA:1,_ZN8CLoad3DS9Import3DSEP8t3DModelPc
FNDA:1,_ZN8CLoad3DS7CleanUpEv
FNDA:2,_ZN8CLoad3DS16ProcessNextChunkEP8t3DModelP6tChunk
FNDA:2,_ZN8CLoad3DS22ProcessNextObjectChunkEP8t3DModelP9t3DObjectP6tChunk
FNDA:2,_ZN8CLoad3DS24ProcessNextMaterialChunkEP8t3DModelP6tChunk
FNDA:34,_ZN8CLoad3DS9ReadChunkEP6tChunk
FNDA:2,_ZN8CLoad3DS9GetStringEPc
FNDA:1,_ZN8CLoad3DS14ReadColorChunkEP13tMaterialInfoP6tChunk
FNDA:1,_ZN8CLoad3DS17ReadVertexIndicesEP9t3DObjectP6tChunk
FNDA:1,_ZN8CLoad3DS17ReadUVCoordinatesEP9t3DObjectP6tChunk
FNDA:1,_ZN8CLoad3DS12ReadVerticesEP9t3DObjectP6tChunk
FNDA:1,_ZN8CLoad3DS18ReadObjectMaterialEP8t3DModelP9t3DObjectP6tChunk
FNDA:6372,_Z6Vector8CVector3S_
FNDA:9558,_Z9AddVector8CVector3S_
FNDA:1683,_Z20DivideVectorByScaler8CVector3f
FNDA:3186,_Z5Cross8CVector3S_
FNDA:4869,_Z9Normalize8CVector3
FNDA:1,_ZN8CLoad3DS14ComputeNormalsEP8t3DModel
FNF:20
FNH:20
DA:7,8
DA:9,8
DA:10,8
DA:12,1
DA:14,1
DA:15,1
DA:16,1
DA:19,1
DA:21,1
DA:24,1
DA:27,1
DA:29,0
DA:31,0
DA:38,1
DA:41,1
DA:43,0
DA:45,0
DA:51,1
DA:54,1
DA:57,1
DA:59,1
DA:64,1
DA:67,1
DA:68,1
DA:69,1
DA:70,1
DA:75,2
DA:77,2
DA:78,2
DA:79,2
DA:80,2
DA:82,2
DA:84,2
DA:89,14
DA:92,6
DA:95,6
DA:102,1
DA:107,1
DA:112,1
DA:115,1
DA:118,1
DA:121,1
DA:122,1
DA:127,1
DA:130,1
DA:133,1
DA:134,1
DA:141,1
DA:144,1
DA:147,1
DA:150,1
DA:153,1
DA:154,1
DA:159,1
DA:160,1
DA:165,1
DA:166,1
DA:170,6
DA:174,2
DA:175,2
DA:176,2
DA:180,2
DA:182,2
DA:185,2
DA:188,16
DA:191,7
DA:194,7
DA:199,1
DA:200,1
DA:203,1
DA:204,1
DA:207,1
DA:208,1
DA:216,1
DA:217,1
DA:222,1
DA:223,1
DA:228,2
DA:229,2
DA:233,7
DA:237,2
DA:238,2
DA:239,2
DA:242,2
DA:244,2
DA:247,2
DA:250,38
DA:253,18
DA:256,18
DA:261,1
DA:262,1
DA:265,1
DA:266,1
DA:271,1
DA:272,1
DA:277,1
DA:278,1
DA:283,14
DA:284,14
DA:288,18
DA:292,2
DA:293,2
DA:294,2
DA:297,34
DA:300,34
DA:303,34
DA:304,34
DA:307,2
DA:309,2
DA:312,2
DA:315,36
DA:318,17
DA:322,2
DA:327,1
DA:330,1
DA:333,1
DA:336,1
DA:337,1
DA:340,1
DA:342,1
DA:345,1
DA:348,1
DA:349,1
DA:352,3187
DA:354,15930
DA:357,12744
DA:359,12744
DA:362,9558
DA:366,1
DA:370,1
DA:375,1
DA:378,1
DA:381,1
DA:382,1
DA:385,1
DA:390,1
DA:393,1
DA:394,1
DA:397,1
DA:404,1684
DA:407,1683
DA:410,1683
DA:413,1683
DA:415,1
DA:419,1
DA:421,1
DA:422,1
DA:427,1
DA:430,1
DA:433,1
DA:436,1
DA:439,1
DA:442,1
DA:444,1
DA:449,0
DA:453,1
DA:454,1
DA:463,6372
DA:467,6372
DA:468,6372
DA:469,6372
DA:471,6372
DA:475,9558
DA:479,9558
DA:480,9558
DA:481,9558
DA:483,9558
DA:487,1683
DA:491,1683
DA:492,1683
DA:493,1683
DA:495,1683
DA:499,3186
DA:503,3186
DA:505,3186
DA:507,3186
DA:509,3186
DA:513,4869
DA:517,4869
DA:519,4869
DA:520,4869
DA:521,4869
DA:523,4869
DA:527,1
DA:532,1
DA:533,0
DA:536,2
DA:539,1
DA:542,1
DA:543,1
DA:544,1
DA:547,3187
DA:549,3186
DA:550,3186
DA:551,3186
DA:555,3186
DA:556,3186
DA:558,3186
DA:559,3186
DA:560,3186
DA:562,3186
DA:566,1
DA:567,1
DA:568,1
DA:570,1684
DA:572,5363721
DA:574,10720890
DA:575,10714518
DA:576,5355666
DA:578,9558
DA:579,9558
DA:583,1683
DA:586,1683
DA:588,1683
DA:589,1683
DA:593,1
DA:594,1
LF:217
LH:211
end_of_record
TN:
SF:/usr/include/c++/5/bits/allocator.h
FN:113,_ZNSaI2M4EC2Ev
FN:113,_ZNSaI8triangleEC2Ev
FN:113,_ZNSaIhEC2Ev
FN:113,_ZNSaI9t3DObjectEC2Ev
FN:113,_ZNSaISt13_Rb_tree_nodeISt4pairIKi9GLTextureEEEC2Ev
FN:113,_ZNSaI13tMaterialInfoEC2Ev
FN:115,_ZNSaIhEC2ERKS_
FN:119,_ZNSaISt4pairIKi9GLTextureEEC2ISt13_Rb_tree_nodeIS2_EEERKSaIT_E
FN:121,_ZNSaI9t3DObjectED2Ev
FN:121,_ZNSaIhED2Ev
FN:121,_ZNSaISt13_Rb_tree_nodeISt4pairIKi9GLTextureEEED2Ev
FN:121,_ZNSaISt4pairIKi9GLTextureEED2Ev
FN:121,_ZNSaI2M4ED2Ev
FN:121,_ZNSaI8triangleED2Ev
FN:121,_ZNSaI13tMaterialInfoED2Ev
FNDA:1,_ZNSaI8triangleEC2Ev
FNDA:1,_ZNSaISt13_Rb_tree_nodeISt4pairIKi9GLTextureEEEC2Ev
FNDA:3,_ZNSaI2M4EC2Ev
FNDA:1,_ZNSaI9t3DObjectEC2Ev
FNDA:1,_ZNSaI13tMaterialInfoEC2Ev
FNDA:55,_ZNSaIhEC2Ev
FNDA:44,_ZNSaIhEC2ERKS_
FNDA:4,_ZNSaISt4pairIKi9GLTextureEEC2ISt13_Rb_tree_nodeIS2_EEERKSaIT_E
FNDA:4,_ZNSaISt4pairIKi9GLTextureEED2Ev
FNDA:1,_ZNSaI8triangleED2Ev
FNDA:3,_ZNSaI2M4ED2Ev
FNDA:1,_ZNSaI9t3DObjectED2Ev
FNDA:1,_ZNSaI13tMaterialInfoED2Ev
FNDA:99,_ZNSaIhED2Ev
FNDA:1,_ZNSaISt13_Rb_tree_nodeISt4pairIKi9GLTextureEEED2Ev
FNF:15
FNH:15
DA:113,62
DA:115,44
DA:116,44
DA:119,4
DA:121,110
LF:5
LH:5
end_of_record
SF:/usr/include/c++/5/bits/basic_string.h
FN:4783,_ZStplIcSt11char_traitsIcESaIcEENSt7__cxx1112basic_stringIT_T0_T1_EERKS8_SA_
FNDA:1,_ZStplIcSt11char_traitsIcESaIcEENSt7__cxx1112basic_stringIT_T0_T1_EERKS8_SA_
FNF:1
FNH:1
DA:4783,1
DA:4786,1
DA:4787,1
DA:4788,1
LF:4
LH:4
end_of_record
SF:/usr/include/c++/5/bits/ios_base.h
FN:129,_ZStorSt13_Ios_OpenmodeS_
FNDA:1,_ZStorSt13_Ios_OpenmodeS_
FNF:1
FNH:1
DA:129,1
DA:130,1
LF:2
LH:2
end_of_record
SF:/usr/include/c++/5/bits/move.h
FN:47,_ZSt11__addressofI2M4EPT_RS1_
FN:47,_ZSt11__addressofIKSt4pairIKi9GLTextureEEPT_RS5_
FN:47,_ZSt11__addressofISt4pairIKi9GLTextureEEPT_RS4_
FNDA:48,_ZSt11__addressofI2M4EPT_RS1_
FNDA:12,_ZSt11__addressofIKSt4pairIKi9GLTextureEEPT_RS5_
FNDA:12,_ZSt11__addressofISt4pairIKi9GLTextureEEPT_RS4_
FNF:3
FNH:3
DA:47,72
DA:50,72
LF:2
LH:2
end_of_record
SF:/usr/include/c++/5/bits/postypes.h
FN:133,_ZNSt4fposI11__mbstate_tEC2El
FNDA:1,_ZNSt4fposI11__mbstate_tEC2El
FNF:1
FNH:1
DA:133,1
DA:134,1
LF:2
LH:2
end_of_record
SF:/usr/include/c++/5/bits/stl_algobase.h
FN:219,_ZSt3maxImERKT_S2_S2_
FN:282,_ZSt12__niter_baseIPhENSt11_Niter_baseIT_E13iterator_typeES2_
FN:282,_ZSt12__niter_baseIP8triangleENSt11_Niter_baseIT_E13iterator_typeES3_
FN:282,_ZSt12__niter_baseIN9__gnu_cxx17__normal_iteratorIPhSt6vectorIhSaIhEEEEENSt11_Niter_baseIT_E13iterator_typeES8_
FN:282,_ZSt12__niter_baseIP2M4ENSt11_Niter_baseIT_E13iterator_typeES3_
FN:282,_ZSt12__niter_baseIN9__gnu_cxx17__normal_iteratorIPKhSt6vectorIhSaIhEEEEENSt11_Niter_baseIT_E13iterator_typeES9_
FN:293,_ZSt12__miter_baseIN9__gnu_cxx17__normal_iteratorIPKhSt6vectorIhSaIhEEEEENSt11_Miter_baseIT_E13iterator_typeES9_
FN:293,_ZSt12__miter_baseIP8triangleENSt11_Miter_baseIT_E13iterator_typeES3_
FN:293,_ZSt12__miter_baseIPhENSt11_Miter_baseIT_E13iterator_typeES2_
FN:293,_ZSt12__miter_baseIP2M4ENSt11_Miter_baseIT_E13iterator_typeES3_
FN:373,_ZNSt11__copy_moveILb0ELb1ESt26random_access_iterator_tagE8__copy_mIhEEPT_PKS3_S6_S4_
FN:373,_ZNSt11__copy_moveILb0ELb1ESt26random_access_iterator_tagE8__copy_mI8triangleEEPT_PKS4_S7_S5_
FN:391,_ZSt13__copy_move_aILb0EPhS0_ET1_T0_S2_S1_
FN:391,_ZSt13__copy_move_aILb0EPKhPhET1_T0_S4_S3_
FN:391,_ZSt13__copy_move_aILb0EP8triangleS1_ET1_T0_S3_S2_
FN:436,_ZSt14__copy_move_a2ILb0EPhS0_ET1_T0_S2_S1_
FN:436,_ZSt14__copy_move_a2ILb0EN9__gnu_cxx17__normal_iteratorIPKhSt6vectorIhSaIhEEEENS1_IPhS6_EEET1_T0_SB_SA_
FN:436,_ZSt14__copy_move_a2ILb0EP8triangleS1_ET1_T0_S3_S2_
FN:436,_ZSt14__copy_move_a2ILb0EN9__gnu_cxx17__normal_iteratorIPKhSt6vectorIhSaIhEEEEPhET1_T0_SA_S9_
FN:462,_ZSt4copyIN9__gnu_cxx17__normal_iteratorIPKhSt6vectorIhSaIhEEEEPhET0_T_SA_S9_
FN:462,_ZSt4copyIN9__gnu_cxx17__normal_iteratorIPKhSt6vectorIhSaIhEEEENS1_IPhS6_EEET0_T_SB_SA_
FN:462,_ZSt4copyIPhS0_ET0_T_S2_S1_
FN:462,_ZSt4copyIP8triangleS1_ET0_T_S3_S2_
FN:545,_ZNSt20__copy_move_backwardILb0ELb0ESt26random_access_iterator_tagE13__copy_move_bIP2M4S4_EET0_T_S6_S5_
FN:575,_ZNSt20__copy_move_backwardILb0ELb1ESt26random_access_iterator_tagE13__copy_move_bI8triangleEEPT_PKS4_S7_S5_
FN:575,_ZNSt20__copy_move_backwardILb0ELb1ESt26random_access_iterator_tagE13__copy_move_bIhEEPT_PKS3_S6_S4_
FN:593,_ZSt22__copy_move_backward_aILb0EP8triangleS1_ET1_T0_S3_S2_
FN:593,_ZSt22__copy_move_backward_aILb0EPhS0_ET1_T0_S2_S1_
FN:593,_ZSt22__copy_move_backward_aILb0EP2M4S1_ET1_T0_S3_S2_
FN:611,_ZSt23__copy_move_backward_a2ILb0EPhS0_ET1_T0_S2_S1_
FN:611,_ZSt23__copy_move_backward_a2ILb0EP2M4S1_ET1_T0_S3_S2_
FN:611,_ZSt23__copy_move_backward_a2ILb0EP8triangleS1_ET1_T0_S3_S2_
FN:638,_ZSt13copy_backwardIPhS0_ET0_T_S2_S1_
FN:638,_ZSt13copy_backwardIP2M4S1_ET0_T_S3_S2_
FN:638,_ZSt13copy_backwardIP8triangleS1_ET0_T_S3_S2_
FN:697,_ZSt8__fill_aIP2M4S0_EN9__gnu_cxx11__enable_ifIXntsrSt11__is_scalarIT0_E7__valueEvE6__typeET_S9_RKS5_
FN:719,_ZSt8__fill_aIhEN9__gnu_cxx11__enable_ifIXsrSt9__is_byteIT_E7__valueEvE6__typeEPS3_S7_RKS3_
FN:740,_ZSt4fillIP2M4S0_EvT_S2_RKT0_
FN:740,_ZSt4fillIPhhEvT_S1_RKT0_
FN:777,_ZSt10__fill_n_aImhEN9__gnu_cxx11__enable_ifIXsrSt9__is_byteIT0_E7__valueEPS3_E6__typeES5_T_RKS3_
FN:800,_ZSt6fill_nIPhmhET_S1_T0_RKT1_
FNDA:0,_ZSt3maxImERKT_S2_S2_
FNDA:108,_ZSt12__niter_baseIP8triangleENSt11_Niter_baseIT_E13iterator_typeES3_
FNDA:0,_ZSt12__niter_baseIP2M4ENSt11_Niter_baseIT_E13iterator_typeES3_
FNDA:51,_ZSt12__niter_baseIPhENSt11_Niter_baseIT_E13iterator_typeES2_
FNDA:22,_ZSt12__niter_baseIN9__gnu_cxx17__normal_iteratorIPhSt6vectorIhSaIhEEEEENSt11_Niter_baseIT_E13iterator_typeES8_
FNDA:132,_ZSt12__niter_baseIN9__gnu_cxx17__normal_iteratorIPKhSt6vectorIhSaIhEEEEENSt11_Niter_baseIT_E13iterator_typeES9_
FNDA:0,_ZSt12__miter_baseIP2M4ENSt11_Miter_baseIT_E13iterator_typeES3_
FNDA:72,_ZSt12__miter_baseIP8triangleENSt11_Miter_baseIT_E13iterator_typeES3_
FNDA:4,_ZSt12__miter_baseIPhENSt11_Miter_baseIT_E13iterator_typeES2_
FNDA:132,_ZSt12__miter_baseIN9__gnu_cxx17__normal_iteratorIPKhSt6vectorIhSaIhEEEEENSt11_Miter_baseIT_E13iterator_typeES9_
FNDA:36,_ZNSt11__copy_moveILb0ELb1ESt26random_access_iterator_tagE8__copy_mI8triangleEEPT_PKS4_S7_S5_
FNDA:68,_ZNSt11__copy_moveILb0ELb1ESt26random_access_iterator_tagE8__copy_mIhEEPT_PKS3_S6_S4_
FNDA:36,_ZSt13__copy_move_aILb0EP8triangleS1_ET1_T0_S3_S2_
FNDA:2,_ZSt13__copy_move_aILb0EPhS0_ET1_T0_S2_S1_
FNDA:66,_ZSt13__copy_move_aILb0EPKhPhET1_T0_S4_S3_
FNDA:36,_ZSt14__copy_move_a2ILb0EP8triangleS1_ET1_T0_S3_S2_
FNDA:44,_ZSt14__copy_move_a2ILb0EN9__gnu_cxx17__normal_iteratorIPKhSt6vectorIhSaIhEEEEPhET1_T0_SA_S9_
FNDA:2,_ZSt14__copy_move_a2ILb0EPhS0_ET1_T0_S2_S1_
FNDA:22,_ZSt14__copy_move_a2ILb0EN9__gnu_cxx17__normal_iteratorIPKhSt6vectorIhSaIhEEEENS1_IPhS6_EEET1_T0_SB_SA_
FNDA:36,_ZSt4copyIP8triangleS1_ET0_T_S3_S2_
FNDA:44,_ZSt4copyIN9__gnu_cxx17__normal_iteratorIPKhSt6vectorIhSaIhEEEEPhET0_T_SA_S9_
FNDA:2,_ZSt4copyIPhS0_ET0_T_S2_S1_
FNDA:22,_ZSt4copyIN9__gnu_cxx17__normal_iteratorIPKhSt6vectorIhSaIhEEEENS1_IPhS6_EEET0_T_SB_SA_
FNDA:0,_ZNSt20__copy_move_backwardILb0ELb0ESt26random_access_iterator_tagE13__copy_move_bIP2M4S4_EET0_T_S6_S5_
FNDA:0,_ZNSt20__copy_move_backwardILb0ELb1ESt26random_access_iterator_tagE13__copy_move_bIhEEPT_PKS3_S6_S4_
FNDA:0,_ZNSt20__copy_move_backwardILb0ELb1ESt26random_access_iterator_tagE13__copy_move_bI8triangleEEPT_PKS4_S7_S5_
FNDA:0,_ZSt22__copy_move_backward_aILb0EPhS0_ET1_T0_S2_S1_
FNDA:0,_ZSt22__copy_move_backward_aILb0EP2M4S1_ET1_T0_S3_S2_
FNDA:0,_ZSt22__copy_move_backward_aILb0EP8triangleS1_ET1_T0_S3_S2_
FNDA:0,_ZSt23__copy_move_backward_a2ILb0EPhS0_ET1_T0_S2_S1_
FNDA:0,_ZSt23__copy_move_backward_a2ILb0EP2M4S1_ET1_T0_S3_S2_
FNDA:0,_ZSt23__copy_move_backward_a2ILb0EP8triangleS1_ET1_T0_S3_S2_
FNDA:0,_ZSt13copy_backwardIPhS0_ET0_T_S2_S1_
FNDA:0,_ZSt13copy_backwardIP2M4S1_ET0_T_S3_S2_
FNDA:0,_ZSt13copy_backwardIP8triangleS1_ET0_T_S3_S2_
FNDA:0,_ZSt8__fill_aIP2M4S0_EN9__gnu_cxx11__enable_ifIXntsrSt11__is_scalarIT0_E7__valueEvE6__typeET_S9_RKS5_
FNDA:1,_ZSt8__fill_aIhEN9__gnu_cxx11__enable_ifIXsrSt9__is_byteIT_E7__valueEvE6__typeEPS3_S7_RKS3_
FNDA:0,_ZSt4fillIPhhEvT_S1_RKT0_
FNDA:0,_ZSt4fillIP2M4S0_EvT_S2_RKT0_
FNDA:1,_ZSt10__fill_n_aImhEN9__gnu_cxx11__enable_ifIXsrSt9__is_byteIT0_E7__valueEPS3_E6__typeES5_T_RKS3_
FNDA:1,_ZSt6fill_nIPhmhET_S1_T0_RKT1_
FNF:41
FNH:23
DA:219,0
DA:224,0
DA:225,0
DA:226,0
DA:282,313
DA:283,313
DA:293,208
DA:294,208
DA:373,104
DA:382,104
DA:383,104
DA:384,17
DA:385,104
DA:391,104
DA:399,104
DA:402,104
DA:436,104
DA:438,104
DA:440,104
DA:462,104
DA:471,104
DA:472,104
DA:545,0
DA:548,0
DA:549,0
DA:550,0
DA:575,0
DA:584,0
DA:585,0
DA:586,0
DA:587,0
DA:593,0
DA:601,0
DA:606,0
DA:611,0
DA:614,0
DA:615,0
DA:638,0
DA:649,0
DA:650,0
DA:697,0
DA:700,0
DA:701,0
DA:702,0
DA:719,1
DA:721,1
DA:722,1
DA:723,1
DA:724,1
DA:740,0
DA:747,0
DA:749,0
DA:777,1
DA:779,1
DA:780,1
DA:800,1
DA:805,1
LF:57
LH:28
end_of_record
SF:/usr/include/c++/5/bits/stl_construct.h
FN:79,_ZSt10_ConstructI2M4S0_EvPT_RKT0_
FN:112,_ZNSt12_Destroy_auxILb1EE9__destroyIP2M4EEvT_S4_
FN:112,_ZNSt12_Destroy_auxILb1EE9__destroyIN9__gnu_cxx17__normal_iteratorIPhSt6vectorIhSaIhEEEEEEvT_S9_
FN:112,_ZNSt12_Destroy_auxILb1EE9__destroyIPhEEvT_S3_
FN:112,_ZNSt12_Destroy_auxILb1EE9__destroyIP9t3DObjectEEvT_S4_
FN:112,_ZNSt12_Destroy_auxILb1EE9__destroyIP8triangleEEvT_S4_
FN:112,_ZNSt12_Destroy_auxILb1EE9__destroyIP13tMaterialInfoEEvT_S4_
FN:122,_ZSt8_DestroyIN9__gnu_cxx17__normal_iteratorIPhSt6vectorIhSaIhEEEEEvT_S7_
FN:122,_ZSt8_DestroyIP2M4EvT_S2_
FN:122,_ZSt8_DestroyIP13tMaterialInfoEvT_S2_
FN:122,_ZSt8_DestroyIPhEvT_S1_
FN:122,_ZSt8_DestroyIP9t3DObjectEvT_S2_
FN:122,_ZSt8_DestroyIP8triangleEvT_S2_
FN:148,_ZSt8_DestroyIP13tMaterialInfoS0_EvT_S2_RSaIT0_E
FN:148,_ZSt8_DestroyIP9t3DObjectS0_EvT_S2_RSaIT0_E
FN:148,_ZSt8_DestroyIPhhEvT_S1_RSaIT0_E
FN:148,_ZSt8_DestroyIP8triangleS0_EvT_S2_RSaIT0_E
FN:148,_ZSt8_DestroyIP2M4S0_EvT_S2_RSaIT0_E
FN:148,_ZSt8_DestroyIN9__gnu_cxx17__normal_iteratorIPhSt6vectorIhSaIhEEEEhEvT_S7_RSaIT0_E
FNDA:48,_ZSt10_ConstructI2M4S0_EvPT_RKT0_
FNDA:19,_ZNSt12_Destroy_auxILb1EE9__destroyIP8triangleEEvT_S4_
FNDA:6,_ZNSt12_Destroy_auxILb1EE9__destroyIP2M4EEvT_S4_
FNDA:0,_ZNSt12_Destroy_auxILb1EE9__destroyIP9t3DObjectEEvT_S4_
FNDA:0,_ZNSt12_Destroy_auxILb1EE9__destroyIP13tMaterialInfoEEvT_S4_
FNDA:22,_ZNSt12_Destroy_auxILb1EE9__destroyIN9__gnu_cxx17__normal_iteratorIPhSt6vectorIhSaIhEEEEEEvT_S9_
FNDA:100,_ZNSt12_Destroy_auxILb1EE9__destroyIPhEEvT_S3_
FNDA:19,_ZSt8_DestroyIP8triangleEvT_S2_
FNDA:6,_ZSt8_DestroyIP2M4EvT_S2_
FNDA:0,_ZSt8_DestroyIP9t3DObjectEvT_S2_
FNDA:0,_ZSt8_DestroyIP13tMaterialInfoEvT_S2_
FNDA:22,_ZSt8_DestroyIN9__gnu_cxx17__normal_iteratorIPhSt6vectorIhSaIhEEEEEvT_S7_
FNDA:100,_ZSt8_DestroyIPhEvT_S1_
FNDA:19,_ZSt8_DestroyIP8triangleS0_EvT_S2_RSaIT0_E
FNDA:6,_ZSt8_DestroyIP2M4S0_EvT_S2_RSaIT0_E
FNDA:0,_ZSt8_DestroyIP9t3DObjectS0_EvT_S2_RSaIT0_E
FNDA:0,_ZSt8_DestroyIP13tMaterialInfoS0_EvT_S2_RSaIT0_E
FNDA:22,_ZSt8_DestroyIN9__gnu_cxx17__normal_iteratorIPhSt6vectorIhSaIhEEEEhEvT_S7_RSaIT0_E
FNDA:100,_ZSt8_DestroyIPhhEvT_S1_RSaIT0_E
FNF:19
FNH:13
DA:79,48
DA:83,48
DA:84,48
DA:112,147
DA:122,147
DA:126,147
DA:128,147
DA:148,147
DA:151,147
DA:152,147
LF:10
LH:10
end_of_record
SF:/usr/include/c++/5/bits/stl_function.h
FN:386,_ZNKSt4lessIiEclERKiS2_
FN:891,_ZNKSt10_Select1stISt4pairIKi9GLTextureEEclERKS3_
FNDA:15,_ZNKSt4lessIiEclERKiS2_
FNDA:15,_ZNKSt10_Select1stISt4pairIKi9GLTextureEEclERKS3_
FNF:2
FNH:2
DA:386,15
DA:387,15
DA:891,15
DA:892,15
LF:4
LH:4
end_of_record
SF:/usr/include/c++/5/bits/stl_iterator.h
FN:740,_ZN9__gnu_cxx17__normal_iteratorIP8triangleSt6vectorIS1_SaIS1_EEEC2ERKS2_
FN:740,_ZN9__gnu_cxx17__normal_iteratorIP2M4St6vectorIS1_SaIS1_EEEC2ERKS2_
FN:740,_ZN9__gnu_cxx17__normal_iteratorIPKhSt6vectorIhSaIhEEEC2ERKS2_
FN:740,_ZN9__gnu_cxx17__normal_iteratorIPhSt6vectorIhSaIhEEEC2ERKS1_
FN:753,_ZNK9__gnu_cxx17__normal_iteratorIP8triangleSt6vectorIS1_SaIS1_EEEdeEv
FN:805,_ZNK9__gnu_cxx17__normal_iteratorIP2M4St6vectorIS1_SaIS1_EEE4baseEv
FN:805,_ZNK9__gnu_cxx17__normal_iteratorIPKhSt6vectorIhSaIhEEE4baseEv
FN:805,_ZNK9__gnu_cxx17__normal_iteratorIPhSt6vectorIhSaIhEEE4baseEv
FN:805,_ZNK9__gnu_cxx17__normal_iteratorIP8triangleSt6vectorIS1_SaIS1_EEE4baseEv
FN:923,_ZN9__gnu_cxxmiIP8triangleSt6vectorIS1_SaIS1_EEEENS_17__normal_iteratorIT_T0_E15difference_typeERKS9_SC_
FN:923,_ZN9__gnu_cxxmiIP2M4St6vectorIS1_SaIS1_EEEENS_17__normal_iteratorIT_T0_E15difference_typeERKS9_SC_
FN:923,_ZN9__gnu_cxxmiIPhSt6vectorIhSaIhEEEENS_17__normal_iteratorIT_T0_E15difference_typeERKS8_SB_
FNDA:36,_ZN9__gnu_cxx17__normal_iteratorIP8triangleSt6vectorIS1_SaIS1_EEEC2ERKS2_
FNDA:68,_ZN9__gnu_cxx17__normal_iteratorIPhSt6vectorIhSaIhEEEC2ERKS1_
FNDA:132,_ZN9__gnu_cxx17__normal_iteratorIPKhSt6vectorIhSaIhEEEC2ERKS2_
FNDA:6,_ZN9__gnu_cxx17__normal_iteratorIP2M4St6vectorIS1_SaIS1_EEEC2ERKS2_
FNDA:0,_ZNK9__gnu_cxx17__normal_iteratorIP8triangleSt6vectorIS1_SaIS1_EEEdeEv
FNDA:132,_ZNK9__gnu_cxx17__normal_iteratorIPKhSt6vectorIhSaIhEEE4baseEv
FNDA:26,_ZNK9__gnu_cxx17__normal_iteratorIPhSt6vectorIhSaIhEEE4baseEv
FNDA:12,_ZNK9__gnu_cxx17__normal_iteratorIP2M4St6vectorIS1_SaIS1_EEE4baseEv
FNDA:72,_ZNK9__gnu_cxx17__normal_iteratorIP8triangleSt6vectorIS1_SaIS1_EEE4baseEv
FNDA:1,_ZN9__gnu_cxxmiIPhSt6vectorIhSaIhEEEENS_17__normal_iteratorIT_T0_E15difference_typeERKS8_SB_
FNDA:3,_ZN9__gnu_cxxmiIP2M4St6vectorIS1_SaIS1_EEEENS_17__normal_iteratorIT_T0_E15difference_typeERKS9_SC_
FNDA:18,_ZN9__gnu_cxxmiIP8triangleSt6vectorIS1_SaIS1_EEEENS_17__normal_iteratorIT_T0_E15difference_typeERKS9_SC_
FNF:12
FNH:11
DA:740,242
DA:741,242
DA:753,0
DA:754,0
DA:805,242
DA:806,242
DA:923,22
DA:926,22
LF:8
LH:6
end_of_record
SF:/usr/include/c++/5/bits/stl_iterator_base_types.h
FN:215,_ZNSt10_Iter_baseIP8triangleLb0EE7_S_baseES1_
FN:215,_ZNSt10_Iter_baseIN9__gnu_cxx17__normal_iteratorIPKhSt6vectorIhSaIhEEEELb0EE7_S_baseES7_
FN:215,_ZNSt10_Iter_baseIPhLb0EE7_S_baseES0_
FN:215,_ZNSt10_Iter_baseIP2M4Lb0EE7_S_baseES1_
FN:223,_ZNSt10_Iter_baseIN9__gnu_cxx17__normal_iteratorIPhSt6vectorIhSaIhEEEELb1EE7_S_baseES6_
FN:223,_ZNSt10_Iter_baseIN9__gnu_cxx17__normal_iteratorIPKhSt6vectorIhSaIhEEEELb1EE7_S_baseES7_
FNDA:0,_ZNSt10_Iter_baseIP2M4Lb0EE7_S_baseES1_
FNDA:180,_ZNSt10_Iter_baseIP8triangleLb0EE7_S_baseES1_
FNDA:55,_ZNSt10_Iter_baseIPhLb0EE7_S_baseES0_
FNDA:132,_ZNSt10_Iter_baseIN9__gnu_cxx17__normal_iteratorIPKhSt6vectorIhSaIhEEEELb0EE7_S_baseES7_
FNDA:22,_ZNSt10_Iter_baseIN9__gnu_cxx17__normal_iteratorIPhSt6vectorIhSaIhEEEELb1EE7_S_baseES6_
FNDA:132,_ZNSt10_Iter_baseIN9__gnu_cxx17__normal_iteratorIPKhSt6vectorIhSaIhEEEELb1EE7_S_baseES7_
FNF:6
FNH:5
DA:215,367
DA:216,367
DA:223,154
DA:224,154
LF:4
LH:4
end_of_record
SF:/usr/include/c++/5/bits/stl_map.h
FN:96,_ZNSt3mapIi9GLTextureSt4lessIiESaISt4pairIKiS0_EEED2Ev
FN:162,_ZNSt3mapIi9GLTextureSt4lessIiESaISt4pairIKiS0_EEEC2Ev
FN:356,_ZNSt3mapIi9GLTextureSt4lessIiESaISt4pairIKiS0_EEE3endEv
FN:474,_ZNSt3mapIi9GLTextureSt4lessIiESaISt4pairIKiS0_EEEixERS4_
FN:664,_ZNSt3mapIi9GLTextureSt4lessIiESaISt4pairIKiS0_EEE6insertESt17_Rb_tree_iteratorIS5_ERKS5_
FN:818,_ZNKSt3mapIi9GLTextureSt4lessIiESaISt4pairIKiS0_EEE8key_compEv
FN:845,_ZNSt3mapIi9GLTextureSt4lessIiESaISt4pairIKiS0_EEE4findERS4_
FN:915,_ZNSt3mapIi9GLTextureSt4lessIiESaISt4pairIKiS0_EEE11lower_boundERS4_
FNDA:1,_ZNSt3mapIi9GLTextureSt4lessIiESaISt4pairIKiS0_EEED2Ev
FNDA:1,_ZNSt3mapIi9GLTextureSt4lessIiESaISt4pairIKiS0_EEEC2Ev
FNDA:8,_ZNSt3mapIi9GLTextureSt4lessIiESaISt4pairIKiS0_EEE3endEv
FNDA:5,_ZNSt3mapIi9GLTextureSt4lessIiESaISt4pairIKiS0_EEEixERS4_
FNDA:2,_ZNSt3mapIi9GLTextureSt4lessIiESaISt4pairIKiS0_EEE6insertESt17_Rb_tree_iteratorIS5_ERKS5_
FNDA:3,_ZNKSt3mapIi9GLTextureSt4lessIiESaISt4pairIKiS0_EEE8key_compEv
FNDA:3,_ZNSt3mapIi9GLTextureSt4lessIiESaISt4pairIKiS0_EEE4findERS4_
FNDA:5,_ZNSt3mapIi9GLTextureSt4lessIiESaISt4pairIKiS0_EEE11lower_boundERS4_
FNF:8
FNH:8
DA:96,1
DA:162,1
DA:166,1
DA:356,8
DA:357,8
DA:474,5
DA:479,5
DA:481,5
DA:487,2
DA:489,5
DA:664,2
DA:666,2
DA:818,3
DA:819,3
DA:845,3
DA:846,3
DA:915,5
DA:916,5
LF:18
LH:18
end_of_record
SF:/usr/include/c++/5/bits/stl_pair.h
FN:96,_ZNSt4pairIKi9GLTextureED2Ev
FN:96,_ZNSt4pairIKi9GLTextureEC2ERKS2_
FN:112,_ZNSt4pairIPSt18_Rb_tree_node_baseS1_EC2ERKS1_S4_
FN:112,_ZNSt4pairIKi9GLTextureEC2ERS0_RKS1_
FNDA:2,_ZNSt4pairIKi9GLTextureEC2ERKS2_
FNDA:4,_ZNSt4pairIKi9GLTextureED2Ev
FNDA:2,_ZNSt4pairIPSt18_Rb_tree_node_baseS1_EC2ERKS1_S4_
FNDA:2,_ZNSt4pairIKi9GLTextureEC2ERS0_RKS1_
FNF:4
FNH:4
DA:96,6
DA:112,4
DA:113,4
LF:3
LH:3
end_of_record
SF:/usr/include/c++/5/bits/stl_tree.h
FN:142,_ZNSt13_Rb_tree_nodeISt4pairIKi9GLTextureEE9_M_valptrEv
FN:146,_ZNKSt13_Rb_tree_nodeISt4pairIKi9GLTextureEE9_M_valptrEv
FN:191,_ZNSt17_Rb_tree_iteratorISt4pairIKi9GLTextureEEC2EPSt18_Rb_tree_node_base
FN:195,_ZNKSt17_Rb_tree_iteratorISt4pairIKi9GLTextureEEdeEv
FN:203,_ZNSt17_Rb_tree_iteratorISt4pairIKi9GLTextureEEppEv
FN:218,_ZNSt17_Rb_tree_iteratorISt4pairIKi9GLTextureEEmmEv
FN:233,_ZNKSt17_Rb_tree_iteratorISt4pairIKi9GLTextureEEeqERKS4_
FN:237,_ZNKSt17_Rb_tree_iteratorISt4pairIKi9GLTextureEEneERKS4_
FN:266,_ZNSt23_Rb_tree_const_iteratorISt4pairIKi9GLTextureEEC2ERKSt17_Rb_tree_iteratorIS3_E
FN:270,_ZNKSt23_Rb_tree_const_iteratorISt4pairIKi9GLTextureEE13_M_const_castEv
FN:449,_ZNSt8_Rb_treeIiSt4pairIKi9GLTextureESt10_Select1stIS3_ESt4lessIiESaIS3_EE11_Alloc_nodeC2ERS9_
FN:455,_ZNKSt8_Rb_treeIiSt4pairIKi9GLTextureESt10_Select1stIS3_ESt4lessIiESaIS3_EE11_Alloc_nodeclIS3_EEPSt13_Rb_tree_nodeIS3_ERKT_
FN:477,_ZNSt8_Rb_treeIiSt4pairIKi9GLTextureESt10_Select1stIS3_ESt4lessIiESaIS3_EE21_M_get_Node_allocatorEv
FN:481,_ZNKSt8_Rb_treeIiSt4pairIKi9GLTextureESt10_Select1stIS3_ESt4lessIiESaIS3_EE21_M_get_Node_allocatorEv
FN:485,_ZNKSt8_Rb_treeIiSt4pairIKi9GLTextureESt10_Select1stIS3_ESt4lessIiESaIS3_EE13get_allocatorEv
FN:490,_ZNSt8_Rb_treeIiSt4pairIKi9GLTextureESt10_Select1stIS3_ESt4lessIiESaIS3_EE11_M_get_nodeEv
FN:494,_ZNSt8_Rb_treeIiSt4pairIKi9GLTextureESt10_Select1stIS3_ESt4lessIiESaIS3_EE11_M_put_nodeEPSt13_Rb_tree_nodeIS3_E
FN:499,_ZNSt8_Rb_treeIiSt4pairIKi9GLTextureESt10_Select1stIS3_ESt4lessIiESaIS3_EE17_M_construct_nodeEPSt13_Rb_tree_nodeIS3_ERKS3_
FN:511,_ZNSt8_Rb_treeIiSt4pairIKi9GLTextureESt10_Select1stIS3_ESt4lessIiESaIS3_EE14_M_create_nodeERKS3_
FN:519,_ZNSt8_Rb_treeIiSt4pairIKi9GLTextureESt10_Select1stIS3_ESt4lessIiESaIS3_EE15_M_destroy_nodeEPSt13_Rb_tree_nodeIS3_E
FN:559,_ZNSt8_Rb_treeIiSt4pairIKi9GLTextureESt10_Select1stIS3_ESt4lessIiESaIS3_EE12_M_drop_nodeEPSt13_Rb_tree_nodeIS3_E
FN:580,_ZNSt8_Rb_treeIiSt4pairIKi9GLTextureESt10_Select1stIS3_ESt4lessIiESaIS3_EE13_Rb_tree_implIS7_Lb0EED2Ev
FN:586,_ZNSt8_Rb_treeIiSt4pairIKi9GLTextureESt10_Select1stIS3_ESt4lessIiESaIS3_EE13_Rb_tree_implIS7_Lb0EEC2Ev
FN:614,_ZNSt8_Rb_treeIiSt4pairIKi9GLTextureESt10_Select1stIS3_ESt4lessIiESaIS3_EE13_Rb_tree_implIS7_Lb0EE13_M_initializeEv
FN:635,_ZNSt8_Rb_treeIiSt4pairIKi9GLTextureESt10_Select1stIS3_ESt4lessIiESaIS3_EE11_M_leftmostEv
FN:643,_ZNSt8_Rb_treeIiSt4pairIKi9GLTextureESt10_Select1stIS3_ESt4lessIiESaIS3_EE12_M_rightmostEv
FN:651,_ZNSt8_Rb_treeIiSt4pairIKi9GLTextureESt10_Select1stIS3_ESt4lessIiESaIS3_EE8_M_beginEv
FN:662,_ZNSt8_Rb_treeIiSt4pairIKi9GLTextureESt10_Select1stIS3_ESt4lessIiESaIS3_EE6_M_endEv
FN:670,_ZNSt8_Rb_treeIiSt4pairIKi9GLTextureESt10_Select1stIS3_ESt4lessIiESaIS3_EE8_S_valueEPKSt13_Rb_tree_nodeIS3_E
FN:674,_ZNSt8_Rb_treeIiSt4pairIKi9GLTextureESt10_Select1stIS3_ESt4lessIiESaIS3_EE6_S_keyEPKSt13_Rb_tree_nodeIS3_E
FN:678,_ZNSt8_Rb_treeIiSt4pairIKi9GLTextureESt10_Select1stIS3_ESt4lessIiESaIS3_EE7_S_leftEPSt18_Rb_tree_node_base
FN:686,_ZNSt8_Rb_treeIiSt4pairIKi9GLTextureESt10_Select1stIS3_ESt4lessIiESaIS3_EE8_S_rightEPSt18_Rb_tree_node_base
FN:694,_ZNSt8_Rb_treeIiSt4pairIKi9GLTextureESt10_Select1stIS3_ESt4lessIiESaIS3_EE8_S_valueEPKSt18_Rb_tree_node_base
FN:698,_ZNSt8_Rb_treeIiSt4pairIKi9GLTextureESt10_Select1stIS3_ESt4lessIiESaIS3_EE6_S_keyEPKSt18_Rb_tree_node_base
FN:807,_ZNSt8_Rb_treeIiSt4pairIKi9GLTextureESt10_Select1stIS3_ESt4lessIiESaIS3_EEC2Ev
FN:857,_ZNSt8_Rb_treeIiSt4pairIKi9GLTextureESt10_Select1stIS3_ESt4lessIiESaIS3_EED2Ev
FN:865,_ZNKSt8_Rb_treeIiSt4pairIKi9GLTextureESt10_Select1stIS3_ESt4lessIiESaIS3_EE8key_compEv
FN:869,_ZNSt8_Rb_treeIiSt4pairIKi9GLTextureESt10_Select1stIS3_ESt4lessIiESaIS3_EE5beginEv
FN:877,_ZNSt8_Rb_treeIiSt4pairIKi9GLTextureESt10_Select1stIS3_ESt4lessIiESaIS3_EE3endEv
FN:905,_ZNKSt8_Rb_treeIiSt4pairIKi9GLTextureESt10_Select1stIS3_ESt4lessIiESaIS3_EE4sizeEv
FN:981,_ZNSt8_Rb_treeIiSt4pairIKi9GLTextureESt10_Select1stIS3_ESt4lessIiESaIS3_EE17_M_insert_unique_ESt23_Rb_tree_const_iteratorIS3_ERKS3_
FN:1090,_ZNSt8_Rb_treeIiSt4pairIKi9GLTextureESt10_Select1stIS3_ESt4lessIiESaIS3_EE11lower_boundERS1_
FN:1496,_ZNSt8_Rb_treeIiSt4pairIKi9GLTextureESt10_Select1stIS3_ESt4lessIiESaIS3_EE10_M_insert_INS9_11_Alloc_nodeEEESt17_Rb_tree_iteratorIS3_EPSt18_Rb_tree_node_baseSF_RKS3_RT_
FN:1606,_ZNSt8_Rb_treeIiSt4pairIKi9GLTextureESt10_Select1stIS3_ESt4lessIiESaIS3_EE8_M_eraseEPSt13_Rb_tree_nodeIS3_E
FN:1623,_ZNSt8_Rb_treeIiSt4pairIKi9GLTextureESt10_Select1stIS3_ESt4lessIiESaIS3_EE14_M_lower_boundEPSt13_Rb_tree_nodeIS3_ESC_RS1_
FN:1800,_ZNSt8_Rb_treeIiSt4pairIKi9GLTextureESt10_Select1stIS3_ESt4lessIiESaIS3_EE24_M_get_insert_unique_posERS1_
FN:1902,_ZNSt8_Rb_treeIiSt4pairIKi9GLTextureESt10_Select1stIS3_ESt4lessIiESaIS3_EE29_M_get_insert_hint_unique_posESt23_Rb_tree_const_iteratorIS3_ERS1_
FN:1963,_ZNSt8_Rb_treeIiSt4pairIKi9GLTextureESt10_Select1stIS3_ESt4lessIiESaIS3_EE17_M_insert_unique_INS9_11_Alloc_nodeEEESt17_Rb_tree_iteratorIS3_ESt23_Rb_tree_const_iteratorIS3_ERKS3_RT_
FN:2292,_ZNSt8_Rb_treeIiSt4pairIKi9GLTextureESt10_Select1stIS3_ESt4lessIiESaIS3_EE4findERS1_
FNDA:12,_ZNSt13_Rb_tree_nodeISt4pairIKi9GLTextureEE9_M_valptrEv
FNDA:12,_ZNKSt13_Rb_tree_nodeISt4pairIKi9GLTextureEE9_M_valptrEv
FNDA:27,_ZNSt17_Rb_tree_iteratorISt4pairIKi9GLTextureEEC2EPSt18_Rb_tree_node_base
FNDA:8,_ZNKSt17_Rb_tree_iteratorISt4pairIKi9GLTextureEEdeEv
FNDA:0,_ZNSt17_Rb_tree_iteratorISt4pairIKi9GLTextureEEppEv
FNDA:0,_ZNSt17_Rb_tree_iteratorISt4pairIKi9GLTextureEEmmEv
FNDA:9,_ZNKSt17_Rb_tree_iteratorISt4pairIKi9GLTextureEEeqERKS4_
FNDA:3,_ZNKSt17_Rb_tree_iteratorISt4pairIKi9GLTextureEEneERKS4_
FNDA:2,_ZNSt23_Rb_tree_const_iteratorISt4pairIKi9GLTextureEEC2ERKSt17_Rb_tree_iteratorIS3_E
FNDA:2,_ZNKSt23_Rb_tree_const_iteratorISt4pairIKi9GLTextureEE13_M_const_castEv
FNDA:2,_ZNSt8_Rb_treeIiSt4pairIKi9GLTextureESt10_Select1stIS3_ESt4lessIiESaIS3_EE11_Alloc_nodeC2ERS9_
FNDA:2,_ZNKSt8_Rb_treeIiSt4pairIKi9GLTextureESt10_Select1stIS3_ESt4lessIiESaIS3_EE11_Alloc_nodeclIS3_EEPSt13_Rb_tree_nodeIS3_ERKT_
FNDA:4,_ZNSt8_Rb_treeIiSt4pairIKi9GLTextureESt10_Select1stIS3_ESt4lessIiESaIS3_EE21_M_get_Node_allocatorEv
FNDA:4,_ZNKSt8_Rb_treeIiSt4pairIKi9GLTextureESt10_Select1stIS3_ESt4lessIiESaIS3_EE21_M_get_Node_allocatorEv
FNDA:4,_ZNKSt8_Rb_treeIiSt4pairIKi9GLTextureESt10_Select1stIS3_ESt4lessIiESaIS3_EE13get_allocatorEv
FNDA:2,_ZNSt8_Rb_treeIiSt4pairIKi9GLTextureESt10_Select1stIS3_ESt4lessIiESaIS3_EE11_M_get_nodeEv
FNDA:2,_ZNSt8_Rb_treeIiSt4pairIKi9GLTextureESt10_Select1stIS3_ESt4lessIiESaIS3_EE11_M_put_nodeEPSt13_Rb_tree_nodeIS3_E
FNDA:2,_ZNSt8_Rb_treeIiSt4pairIKi9GLTextureESt10_Select1stIS3_ESt4lessIiESaIS3_EE17_M_construct_nodeEPSt13_Rb_tree_nodeIS3_ERKS3_
FNDA:2,_ZNSt8_Rb_treeIiSt4pairIKi9GLTextureESt10_Select1stIS3_ESt4lessIiESaIS3_EE14_M_create_nodeERKS3_
FNDA:2,_ZNSt8_Rb_treeIiSt4pairIKi9GLTextureESt10_Select1stIS3_ESt4lessIiESaIS3_EE15_M_destroy_nodeEPSt13_Rb_tree_nodeIS3_E
FNDA:2,_ZNSt8_Rb_treeIiSt4pairIKi9GLTextureESt10_Select1stIS3_ESt4lessIiESaIS3_EE12_M_drop_nodeEPSt13_Rb_tree_nodeIS3_E
FNDA:1,_ZNSt8_Rb_treeIiSt4pairIKi9GLTextureESt10_Select1stIS3_ESt4lessIiESaIS3_EE13_Rb_tree_implIS7_Lb0EED2Ev
FNDA:1,_ZNSt8_Rb_treeIiSt4pairIKi9GLTextureESt10_Select1stIS3_ESt4lessIiESaIS3_EE13_Rb_tree_implIS7_Lb0EEC2Ev
FNDA:1,_ZNSt8_Rb_treeIiSt4pairIKi9GLTextureESt10_Select1stIS3_ESt4lessIiESaIS3_EE13_Rb_tree_implIS7_Lb0EE13_M_initializeEv
FNDA:0,_ZNSt8_Rb_treeIiSt4pairIKi9GLTextureESt10_Select1stIS3_ESt4lessIiESaIS3_EE11_M_leftmostEv
FNDA:2,_ZNSt8_Rb_treeIiSt4pairIKi9GLTextureESt10_Select1stIS3_ESt4lessIiESaIS3_EE12_M_rightmostEv
FNDA:10,_ZNSt8_Rb_treeIiSt4pairIKi9GLTextureESt10_Select1stIS3_ESt4lessIiESaIS3_EE8_M_beginEv
FNDA:13,_ZNSt8_Rb_treeIiSt4pairIKi9GLTextureESt10_Select1stIS3_ESt4lessIiESaIS3_EE6_M_endEv
FNDA:9,_ZNSt8_Rb_treeIiSt4pairIKi9GLTextureESt10_Select1stIS3_ESt4lessIiESaIS3_EE8_S_valueEPKSt13_Rb_tree_nodeIS3_E
FNDA:9,_ZNSt8_Rb_treeIiSt4pairIKi9GLTextureESt10_Select1stIS3_ESt4lessIiESaIS3_EE6_S_keyEPKSt13_Rb_tree_nodeIS3_E
FNDA:6,_ZNSt8_Rb_treeIiSt4pairIKi9GLTextureESt10_Select1stIS3_ESt4lessIiESaIS3_EE7_S_leftEPSt18_Rb_tree_node_base
FNDA:7,_ZNSt8_Rb_treeIiSt4pairIKi9GLTextureESt10_Select1stIS3_ESt4lessIiESaIS3_EE8_S_rightEPSt18_Rb_tree_node_base
FNDA:3,_ZNSt8_Rb_treeIiSt4pairIKi9GLTextureESt10_Select1stIS3_ESt4lessIiESaIS3_EE8_S_valueEPKSt18_Rb_tree_node_base
FNDA:3,_ZNSt8_Rb_treeIiSt4pairIKi9GLTextureESt10_Select1stIS3_ESt4lessIiESaIS3_EE6_S_keyEPKSt18_Rb_tree_node_base
FNDA:1,_ZNSt8_Rb_treeIiSt4pairIKi9GLTextureESt10_Select1stIS3_ESt4lessIiESaIS3_EEC2Ev
FNDA:1,_ZNSt8_Rb_treeIiSt4pairIKi9GLTextureESt10_Select1stIS3_ESt4lessIiESaIS3_EED2Ev
FNDA:3,_ZNKSt8_Rb_treeIiSt4pairIKi9GLTextureESt10_Select1stIS3_ESt4lessIiESaIS3_EE8key_compEv
FNDA:1,_ZNSt8_Rb_treeIiSt4pairIKi9GLTextureESt10_Select1stIS3_ESt4lessIiESaIS3_EE5beginEv
FNDA:13,_ZNSt8_Rb_treeIiSt4pairIKi9GLTextureESt10_Select1stIS3_ESt4lessIiESaIS3_EE3endEv
FNDA:2,_ZNKSt8_Rb_treeIiSt4pairIKi9GLTextureESt10_Select1stIS3_ESt4lessIiESaIS3_EE4sizeEv
FNDA:2,_ZNSt8_Rb_treeIiSt4pairIKi9GLTextureESt10_Select1stIS3_ESt4lessIiESaIS3_EE17_M_insert_unique_ESt23_Rb_tree_const_iteratorIS3_ERKS3_
FNDA:5,_ZNSt8_Rb_treeIiSt4pairIKi9GLTextureESt10_Select1stIS3_ESt4lessIiESaIS3_EE11lower_boundERS1_
FNDA:2,_ZNSt8_Rb_treeIiSt4pairIKi9GLTextureESt10_Select1stIS3_ESt4lessIiESaIS3_EE10_M_insert_INS9_11_Alloc_nodeEEESt17_Rb_tree_iteratorIS3_EPSt18_Rb_tree_node_baseSF_RKS3_RT_
FNDA:3,_ZNSt8_Rb_treeIiSt4pairIKi9GLTextureESt10_Select1stIS3_ESt4lessIiESaIS3_EE8_M_eraseEPSt13_Rb_tree_nodeIS3_E
FNDA:8,_ZNSt8_Rb_treeIiSt4pairIKi9GLTextureESt10_Select1stIS3_ESt4lessIiESaIS3_EE14_M_lower_boundEPSt13_Rb_tree_nodeIS3_ESC_RS1_
FNDA:1,_ZNSt8_Rb_treeIiSt4pairIKi9GLTextureESt10_Select1stIS3_ESt4lessIiESaIS3_EE24_M_get_insert_unique_posERS1_
FNDA:2,_ZNSt8_Rb_treeIiSt4pairIKi9GLTextureESt10_Select1stIS3_ESt4lessIiESaIS3_EE29_M_get_insert_hint_unique_posESt23_Rb_tree_const_iteratorIS3_ERS1_
FNDA:2,_ZNSt8_Rb_treeIiSt4pairIKi9GLTextureESt10_Select1stIS3_ESt4lessIiESaIS3_EE17_M_insert_unique_INS9_11_Alloc_nodeEEESt17_Rb_tree_iteratorIS3_ESt23_Rb_tree_const_iteratorIS3_ERKS3_RT_
FNDA:3,_ZNSt8_Rb_treeIiSt4pairIKi9GLTextureESt10_Select1stIS3_ESt4lessIiESaIS3_EE4findERS1_
FNF:49
FNH:46
DA:142,12
DA:143,12
DA:146,12
DA:147,12
DA:191,27
DA:192,27
DA:195,8
DA:196,8
DA:203,0
DA:205,0
DA:206,0
DA:218,0
DA:220,0
DA:221,0
DA:233,9
DA:234,9
DA:237,3
DA:238,3
DA:266,2
DA:267,2
DA:270,2
DA:271,2
DA:449,2
DA:450,2
DA:455,2
DA:459,2
DA:477,4
DA:478,4
DA:481,4
DA:482,4
DA:485,4
DA:486,4
DA:490,2
DA:491,2
DA:494,2
DA:495,2
DA:499,2
DA:502,2
DA:503,0
DA:505,0
DA:506,0
DA:508,2
DA:511,2
DA:513,2
DA:514,2
DA:515,2
DA:519,2
DA:520,2
DA:559,2
DA:561,2
DA:562,2
DA:563,2
DA:580,1
DA:586,1
DA:588,1
DA:589,1
DA:614,1
DA:616,1
DA:617,1
DA:618,1
DA:619,1
DA:620,1
DA:635,0
DA:636,0
DA:643,2
DA:644,2
DA:651,10
DA:652,10
DA:662,13
DA:663,13
DA:670,9
DA:671,9
DA:674,9
DA:675,9
DA:678,6
DA:679,6
DA:686,7
DA:687,7
DA:694,3
DA:695,3
DA:698,3
DA:699,3
DA:807,1
DA:857,1
DA:858,1
DA:865,3
DA:866,3
DA:869,1
DA:870,1
DA:877,13
DA:878,13
DA:905,2
DA:906,2
DA:981,2
DA:983,2
DA:984,2
DA:1090,5
DA:1091,5
DA:1496,2
DA:1505,2
DA:1506,4
DA:1507,6
DA:1509,2
DA:1511,2
DA:1513,2
DA:1514,2
DA:1606,5
DA:1610,7
DA:1612,2
DA:1613,2
DA:1614,2
DA:1615,2
DA:1617,3
DA:1623,17
DA:1627,26
DA:1628,9
DA:1629,4
DA:1631,5
DA:1632,8
DA:1800,1
DA:1804,1
DA:1805,1
DA:1806,1
DA:1807,1
DA:1809,0
DA:1810,0
DA:1811,0
DA:1813,1
DA:1814,1
DA:1816,1
DA:1817,1
DA:1819,0
DA:1821,0
DA:1822,0
DA:1823,0
DA:1902,2
DA:1906,2
DA:1910,2
DA:1912,3
DA:1913,1
DA:1914,1
DA:1916,1
DA:1918,0
DA:1921,0
DA:1922,0
DA:1923,0
DA:1924,0
DA:1926,0
DA:1927,0
DA:1929,0
DA:1932,0
DA:1934,0
DA:1937,0
DA:1938,0
DA:1939,0
DA:1940,0
DA:1942,0
DA:1943,0
DA:1945,0
DA:1948,0
DA:1952,0
DA:1963,2
DA:1973,2
DA:1975,2
DA:1976,2
DA:1978,2
DA:1979,0
DA:2292,3
DA:2295,3
DA:2296,12
DA:2297,1
DA:2298,13
LF:172
LH:134
end_of_record
SF:/usr/include/c++/5/bits/stl_uninitialized.h
FN:68,_ZNSt20__uninitialized_copyILb0EE13__uninit_copyIP2M4S3_EET0_T_S5_S4_
FN:91,_ZNSt20__uninitialized_copyILb1EE13__uninit_copyIN9__gnu_cxx17__normal_iteratorIPKhSt6vectorIhSaIhEEEEPhEET0_T_SC_SB_
FN:91,_ZNSt20__uninitialized_copyILb1EE13__uninit_copyIPhS2_EET0_T_S4_S3_
FN:91,_ZNSt20__uninitialized_copyILb1EE13__uninit_copyIP8triangleS3_EET0_T_S5_S4_
FN:107,_ZSt18uninitialized_copyIP8triangleS1_ET0_T_S3_S2_
FN:107,_ZSt18uninitialized_copyIN9__gnu_cxx17__normal_iteratorIPKhSt6vectorIhSaIhEEEEPhET0_T_SA_S9_
FN:107,_ZSt18uninitialized_copyIP2M4S1_ET0_T_S3_S2_
FN:107,_ZSt18uninitialized_copyIPhS0_ET0_T_S2_S1_
FN:195,_ZNSt22__uninitialized_fill_nILb0EE15__uninit_fill_nIP2M4mS2_EET_S4_T0_RKT1_
FN:218,_ZNSt22__uninitialized_fill_nILb1EE15__uninit_fill_nIPhmhEET_S3_T0_RKT1_
FN:236,_ZSt20uninitialized_fill_nIPhmhET_S1_T0_RKT1_
FN:236,_ZSt20uninitialized_fill_nIP2M4mS0_ET_S2_T0_RKT1_
FN:279,_ZSt22__uninitialized_copy_aIPhS0_hET0_T_S2_S1_RSaIT1_E
FN:279,_ZSt22__uninitialized_copy_aIP8triangleS1_S0_ET0_T_S3_S2_RSaIT1_E
FN:279,_ZSt22__uninitialized_copy_aIN9__gnu_cxx17__normal_iteratorIPKhSt6vectorIhSaIhEEEEPhhET0_T_SA_S9_RSaIT1_E
FN:279,_ZSt22__uninitialized_copy_aIP2M4S1_S0_ET0_T_S3_S2_RSaIT1_E
FN:286,_ZSt22__uninitialized_move_aIP2M4S1_SaIS0_EET0_T_S4_S3_RT1_
FN:286,_ZSt22__uninitialized_move_aIPhS0_SaIhEET0_T_S3_S2_RT1_
FN:297,_ZSt34__uninitialized_move_if_noexcept_aIP8triangleS1_SaIS0_EET0_T_S4_S3_RT1_
FN:297,_ZSt34__uninitialized_move_if_noexcept_aIPhS0_SaIhEET0_T_S3_S2_RT1_
FN:297,_ZSt34__uninitialized_move_if_noexcept_aIP2M4S1_SaIS0_EET0_T_S4_S3_RT1_
FN:356,_ZSt24__uninitialized_fill_n_aIP2M4mS0_S0_ET_S2_T0_RKT1_RSaIT2_E
FN:356,_ZSt24__uninitialized_fill_n_aIPhmhhET_S1_T0_RKT1_RSaIT2_E
FNDA:6,_ZNSt20__uninitialized_copyILb0EE13__uninit_copyIP2M4S3_EET0_T_S5_S4_
FNDA:36,_ZNSt20__uninitialized_copyILb1EE13__uninit_copyIP8triangleS3_EET0_T_S5_S4_
FNDA:44,_ZNSt20__uninitialized_copyILb1EE13__uninit_copyIN9__gnu_cxx17__normal_iteratorIPKhSt6vectorIhSaIhEEEEPhEET0_T_SC_SB_
FNDA:2,_ZNSt20__uninitialized_copyILb1EE13__uninit_copyIPhS2_EET0_T_S4_S3_
FNDA:6,_ZSt18uninitialized_copyIP2M4S1_ET0_T_S3_S2_
FNDA:36,_ZSt18uninitialized_copyIP8triangleS1_ET0_T_S3_S2_
FNDA:44,_ZSt18uninitialized_copyIN9__gnu_cxx17__normal_iteratorIPKhSt6vectorIhSaIhEEEEPhET0_T_SA_S9_
FNDA:2,_ZSt18uninitialized_copyIPhS0_ET0_T_S2_S1_
FNDA:3,_ZNSt22__uninitialized_fill_nILb0EE15__uninit_fill_nIP2M4mS2_EET_S4_T0_RKT1_
FNDA:1,_ZNSt22__uninitialized_fill_nILb1EE15__uninit_fill_nIPhmhEET_S3_T0_RKT1_
FNDA:1,_ZSt20uninitialized_fill_nIPhmhET_S1_T0_RKT1_
FNDA:3,_ZSt20uninitialized_fill_nIP2M4mS0_ET_S2_T0_RKT1_
FNDA:6,_ZSt22__uninitialized_copy_aIP2M4S1_S0_ET0_T_S3_S2_RSaIT1_E
FNDA:36,_ZSt22__uninitialized_copy_aIP8triangleS1_S0_ET0_T_S3_S2_RSaIT1_E
FNDA:44,_ZSt22__uninitialized_copy_aIN9__gnu_cxx17__normal_iteratorIPKhSt6vectorIhSaIhEEEEPhhET0_T_SA_S9_RSaIT1_E
FNDA:2,_ZSt22__uninitialized_copy_aIPhS0_hET0_T_S2_S1_RSaIT1_E
FNDA:0,_ZSt22__uninitialized_move_aIPhS0_SaIhEET0_T_S3_S2_RT1_
FNDA:0,_ZSt22__uninitialized_move_aIP2M4S1_SaIS0_EET0_T_S4_S3_RT1_
FNDA:2,_ZSt34__uninitialized_move_if_noexcept_aIPhS0_SaIhEET0_T_S3_S2_RT1_
FNDA:6,_ZSt34__uninitialized_move_if_noexcept_aIP2M4S1_SaIS0_EET0_T_S4_S3_RT1_
FNDA:36,_ZSt34__uninitialized_move_if_noexcept_aIP8triangleS1_SaIS0_EET0_T_S4_S3_RT1_
FNDA:1,_ZSt24__uninitialized_fill_n_aIPhmhhET_S1_T0_RKT1_RSaIT2_E
FNDA:3,_ZSt24__uninitialized_fill_n_aIP2M4mS0_S0_ET_S2_T0_RKT1_RSaIT2_E
FNF:23
FNH:21
DA:68,6
DA:71,6
DA:74,6
DA:75,0
DA:76,6
DA:91,82
DA:93,82
DA:107,88
DA:115,88
DA:126,88
DA:195,3
DA:198,3
DA:201,99
DA:202,48
DA:203,3
DA:218,1
DA:220,1
DA:236,4
DA:241,4
DA:247,4
DA:279,88
DA:281,88
DA:286,0
DA:291,0
DA:297,44
DA:304,44
DA:356,4
DA:358,4
LF:28
LH:25
end_of_record
SF:/usr/include/c++/5/bits/stl_vector.h
FN:79,_ZNSt12_Vector_baseI8triangleSaIS0_EE12_Vector_implD2Ev
FN:79,_ZNSt12_Vector_baseI2M4SaIS0_EE12_Vector_implD2Ev
FN:79,_ZNSt12_Vector_baseI9t3DObjectSaIS0_EE12_Vector_implD2Ev
FN:79,_ZNSt12_Vector_baseI13tMaterialInfoSaIS0_EE12_Vector_implD2Ev
FN:79,_ZNSt12_Vector_baseIhSaIhEE12_Vector_implD2Ev
FN:86,_ZNSt12_Vector_baseIhSaIhEE12_Vector_implC2Ev
FN:86,_ZNSt12_Vector_baseI2M4SaIS0_EE12_Vector_implC2Ev
FN:86,_ZNSt12_Vector_baseI8triangleSaIS0_EE12_Vector_implC2Ev
FN:86,_ZNSt12_Vector_baseI13tMaterialInfoSaIS0_EE12_Vector_implC2Ev
FN:86,_ZNSt12_Vector_baseI9t3DObjectSaIS0_EE12_Vector_implC2Ev
FN:90,_ZNSt12_Vector_baseIhSaIhEE12_Vector_implC2ERKS0_
FN:113,_ZNSt12_Vector_baseI9t3DObjectSaIS0_EE19_M_get_Tp_allocatorEv
FN:113,_ZNSt12_Vector_baseI2M4SaIS0_EE19_M_get_Tp_allocatorEv
FN:113,_ZNSt12_Vector_baseI13tMaterialInfoSaIS0_EE19_M_get_Tp_allocatorEv
FN:113,_ZNSt12_Vector_baseI8triangleSaIS0_EE19_M_get_Tp_allocatorEv
FN:113,_ZNSt12_Vector_baseIhSaIhEE19_M_get_Tp_allocatorEv
FN:117,_ZNKSt12_Vector_baseI2M4SaIS0_EE19_M_get_Tp_allocatorEv
FN:117,_ZNKSt12_Vector_baseIhSaIhEE19_M_get_Tp_allocatorEv
FN:117,_ZNKSt12_Vector_baseI8triangleSaIS0_EE19_M_get_Tp_allocatorEv
FN:124,_ZNSt12_Vector_baseI9t3DObjectSaIS0_EEC2Ev
FN:124,_ZNSt12_Vector_baseIhSaIhEEC2Ev
FN:124,_ZNSt12_Vector_baseI2M4SaIS0_EEC2Ev
FN:124,_ZNSt12_Vector_baseI13tMaterialInfoSaIS0_EEC2Ev
FN:124,_ZNSt12_Vector_baseI8triangleSaIS0_EEC2Ev
FN:134,_ZNSt12_Vector_baseIhSaIhEEC2EmRKS0_
FN:159,_ZNSt12_Vector_baseI2M4SaIS0_EED2Ev
FN:159,_ZNSt12_Vector_baseIhSaIhEED2Ev
FN:159,_ZNSt12_Vector_baseI8triangleSaIS0_EED2Ev
FN:159,_ZNSt12_Vector_baseI9t3DObjectSaIS0_EED2Ev
FN:159,_ZNSt12_Vector_baseI13tMaterialInfoSaIS0_EED2Ev
FN:167,_ZNSt12_Vector_baseI2M4SaIS0_EE11_M_allocateEm
FN:167,_ZNSt12_Vector_baseI8triangleSaIS0_EE11_M_allocateEm
FN:167,_ZNSt12_Vector_baseIhSaIhEE11_M_allocateEm
FN:174,_ZNSt12_Vector_baseI2M4SaIS0_EE13_M_deallocateEPS0_m
FN:174,_ZNSt12_Vector_baseI13tMaterialInfoSaIS0_EE13_M_deallocateEPS0_m
FN:174,_ZNSt12_Vector_baseI9t3DObjectSaIS0_EE13_M_deallocateEPS0_m
FN:174,_ZNSt12_Vector_baseIhSaIhEE13_M_deallocateEPhm
FN:174,_ZNSt12_Vector_baseI8triangleSaIS0_EE13_M_deallocateEPS0_m
FN:183,_ZNSt12_Vector_baseIhSaIhEE17_M_create_storageEm
FN:253,_ZNSt6vectorI8triangleSaIS0_EEC2Ev
FN:253,_ZNSt6vectorIhSaIhEEC2Ev
FN:253,_ZNSt6vectorI9t3DObjectSaIS0_EEC2Ev
FN:253,_ZNSt6vectorI2M4SaIS0_EEC2Ev
FN:253,_ZNSt6vectorI13tMaterialInfoSaIS0_EEC2Ev
FN:318,_ZNSt6vectorIhSaIhEEC2ERKS1_
FN:423,_ZNSt6vectorI8triangleSaIS0_EED2Ev
FN:423,_ZNSt6vectorI2M4SaIS0_EED2Ev
FN:423,_ZNSt6vectorI9t3DObjectSaIS0_EED2Ev
FN:423,_ZNSt6vectorI13tMaterialInfoSaIS0_EED2Ev
FN:423,_ZNSt6vectorIhSaIhEED2Ev
FN:547,_ZNSt6vectorIhSaIhEE5beginEv
FN:547,_ZNSt6vectorI2M4SaIS0_EE5beginEv
FN:547,_ZNSt6vectorI8triangleSaIS0_EE5beginEv
FN:556,_ZNKSt6vectorIhSaIhEE5beginEv
FN:565,_ZNSt6vectorIhSaIhEE3endEv
FN:565,_ZNSt6vectorI8triangleSaIS0_EE3endEv
FN:565,_ZNSt6vectorI2M4SaIS0_EE3endEv
FN:574,_ZNKSt6vectorIhSaIhEE3endEv
FN:654,_ZNKSt6vectorI8triangleSaIS0_EE4sizeEv
FN:654,_ZNKSt6vectorI2M4SaIS0_EE4sizeEv
FN:654,_ZNKSt6vectorI13tMaterialInfoSaIS0_EE4sizeEv
FN:654,_ZNKSt6vectorI9t3DObjectSaIS0_EE4sizeEv
FN:654,_ZNKSt6vectorIhSaIhEE4sizeEv
FN:659,_ZNKSt6vectorI2M4SaIS0_EE8max_sizeEv
FN:659,_ZNKSt6vectorI8triangleSaIS0_EE8max_sizeEv
FN:659,_ZNKSt6vectorIhSaIhEE8max_sizeEv
FN:713,_ZNSt6vectorIhSaIhEE6resizeEmh
FN:713,_ZNSt6vectorI2M4SaIS0_EE6resizeEmS0_
FN:734,_ZNKSt6vectorIhSaIhEE8capacityEv
FN:779,_ZNSt6vectorI13tMaterialInfoSaIS0_EEixEm
FN:779,_ZNSt6vectorI9t3DObjectSaIS0_EEixEm
FN:779,_ZNSt6vectorI8triangleSaIS0_EEixEm
FN:779,_ZNSt6vectorI2M4SaIS0_EEixEm
FN:779,_ZNSt6vectorIhSaIhEEixEm
FN:913,_ZNSt6vectorI8triangleSaIS0_EE9push_backERKS0_
FN:1072,_ZNSt6vectorI2M4SaIS0_EE6insertEN9__gnu_cxx17__normal_iteratorIPS0_S2_EEmRKS0_
FN:1072,_ZNSt6vectorIhSaIhEE6insertEN9__gnu_cxx17__normal_iteratorIPhS1_EEmRKh
FN:1221,_ZNSt6vectorIhSaIhEE20_M_allocate_and_copyIN9__gnu_cxx17__normal_iteratorIPKhS1_EEEEPhmT_S9_
FN:1422,_ZNKSt6vectorIhSaIhEE12_M_check_lenEmPKc
FN:1422,_ZNKSt6vectorI8triangleSaIS0_EE12_M_check_lenEmPKc
FN:1422,_ZNKSt6vectorI2M4SaIS0_EE12_M_check_lenEmPKc
FN:1436,_ZNSt6vectorI2M4SaIS0_EE15_M_erase_at_endEPS0_
FN:1436,_ZNSt6vectorIhSaIhEE15_M_erase_at_endEPh
FNDA:1,_ZNSt12_Vector_baseI8triangleSaIS0_EE12_Vector_implD2Ev
FNDA:3,_ZNSt12_Vector_baseI2M4SaIS0_EE12_Vector_implD2Ev
FNDA:1,_ZNSt12_Vector_baseI9t3DObjectSaIS0_EE12_Vector_implD2Ev
FNDA:1,_ZNSt12_Vector_baseI13tMaterialInfoSaIS0_EE12_Vector_implD2Ev
FNDA:99,_ZNSt12_Vector_baseIhSaIhEE12_Vector_implD2Ev
FNDA:1,_ZNSt12_Vector_baseI8triangleSaIS0_EE12_Vector_implC2Ev
FNDA:3,_ZNSt12_Vector_baseI2M4SaIS0_EE12_Vector_implC2Ev
FNDA:1,_ZNSt12_Vector_baseI9t3DObjectSaIS0_EE12_Vector_implC2Ev
FNDA:1,_ZNSt12_Vector_baseI13tMaterialInfoSaIS0_EE12_Vector_implC2Ev
FNDA:55,_ZNSt12_Vector_baseIhSaIhEE12_Vector_implC2Ev
FNDA:44,_ZNSt12_Vector_baseIhSaIhEE12_Vector_implC2ERKS0_
FNDA:55,_ZNSt12_Vector_baseI8triangleSaIS0_EE19_M_get_Tp_allocatorEv
FNDA:15,_ZNSt12_Vector_baseI2M4SaIS0_EE19_M_get_Tp_allocatorEv
FNDA:0,_ZNSt12_Vector_baseI9t3DObjectSaIS0_EE19_M_get_Tp_allocatorEv
FNDA:0,_ZNSt12_Vector_baseI13tMaterialInfoSaIS0_EE19_M_get_Tp_allocatorEv
FNDA:169,_ZNSt12_Vector_baseIhSaIhEE19_M_get_Tp_allocatorEv
FNDA:6,_ZNKSt12_Vector_baseI2M4SaIS0_EE19_M_get_Tp_allocatorEv
FNDA:36,_ZNKSt12_Vector_baseI8triangleSaIS0_EE19_M_get_Tp_allocatorEv
FNDA:46,_ZNKSt12_Vector_baseIhSaIhEE19_M_get_Tp_allocatorEv
FNDA:1,_ZNSt12_Vector_baseI8triangleSaIS0_EEC2Ev
FNDA:3,_ZNSt12_Vector_baseI2M4SaIS0_EEC2Ev
FNDA:1,_ZNSt12_Vector_baseI9t3DObjectSaIS0_EEC2Ev
FNDA:1,_ZNSt12_Vector_baseI13tMaterialInfoSaIS0_EEC2Ev
FNDA:55,_ZNSt12_Vector_baseIhSaIhEEC2Ev
FNDA:44,_ZNSt12_Vector_baseIhSaIhEEC2EmRKS0_
FNDA:1,_ZNSt12_Vector_baseI8triangleSaIS0_EED2Ev
FNDA:3,_ZNSt12_Vector_baseI2M4SaIS0_EED2Ev
FNDA:1,_ZNSt12_Vector_baseI9t3DObjectSaIS0_EED2Ev
FNDA:1,_ZNSt12_Vector_baseI13tMaterialInfoSaIS0_EED2Ev
FNDA:99,_ZNSt12_Vector_baseIhSaIhEED2Ev
FNDA:3,_ZNSt12_Vector_baseI2M4SaIS0_EE11_M_allocateEm
FNDA:18,_ZNSt12_Vector_baseI8triangleSaIS0_EE11_M_allocateEm
FNDA:45,_ZNSt12_Vector_baseIhSaIhEE11_M_allocateEm
FNDA:6,_ZNSt12_Vector_baseI2M4SaIS0_EE13_M_deallocateEPS0_m
FNDA:0,_ZNSt12_Vector_baseI9t3DObjectSaIS0_EE13_M_deallocateEPS0_m
FNDA:0,_ZNSt12_Vector_baseI13tMaterialInfoSaIS0_EE13_M_deallocateEPS0_m
FNDA:19,_ZNSt12_Vector_baseI8triangleSaIS0_EE13_M_deallocateEPS0_m
FNDA:100,_ZNSt12_Vector_baseIhSaIhEE13_M_deallocateEPhm
FNDA:44,_ZNSt12_Vector_baseIhSaIhEE17_M_create_storageEm
FNDA:1,_ZNSt6vectorI8triangleSaIS0_EEC2Ev
FNDA:3,_ZNSt6vectorI2M4SaIS0_EEC2Ev
FNDA:1,_ZNSt6vectorI9t3DObjectSaIS0_EEC2Ev
FNDA:1,_ZNSt6vectorI13tMaterialInfoSaIS0_EEC2Ev
FNDA:55,_ZNSt6vectorIhSaIhEEC2Ev
FNDA:44,_ZNSt6vectorIhSaIhEEC2ERKS1_
FNDA:1,_ZNSt6vectorI8triangleSaIS0_EED2Ev
FNDA:3,_ZNSt6vectorI2M4SaIS0_EED2Ev
FNDA:1,_ZNSt6vectorI9t3DObjectSaIS0_EED2Ev
FNDA:1,_ZNSt6vectorI13tMaterialInfoSaIS0_EED2Ev
FNDA:99,_ZNSt6vectorIhSaIhEED2Ev
FNDA:3,_ZNSt6vectorI2M4SaIS0_EE5beginEv
FNDA:18,_ZNSt6vectorI8triangleSaIS0_EE5beginEv
FNDA:23,_ZNSt6vectorIhSaIhEE5beginEv
FNDA:66,_ZNKSt6vectorIhSaIhEE5beginEv
FNDA:18,_ZNSt6vectorI8triangleSaIS0_EE3endEv
FNDA:23,_ZNSt6vectorIhSaIhEE3endEv
FNDA:3,_ZNSt6vectorI2M4SaIS0_EE3endEv
FNDA:66,_ZNKSt6vectorIhSaIhEE3endEv
FNDA:94,_ZNKSt6vectorIhSaIhEE4sizeEv
FNDA:18,_ZNKSt6vectorI2M4SaIS0_EE4sizeEv
FNDA:0,_ZNKSt6vectorI13tMaterialInfoSaIS0_EE4sizeEv
FNDA:0,_ZNKSt6vectorI9t3DObjectSaIS0_EE4sizeEv
FNDA:69524,_ZNKSt6vectorI8triangleSaIS0_EE4sizeEv
FNDA:2,_ZNKSt6vectorIhSaIhEE8max_sizeEv
FNDA:6,_ZNKSt6vectorI2M4SaIS0_EE8max_sizeEv
FNDA:36,_ZNKSt6vectorI8triangleSaIS0_EE8max_sizeEv
FNDA:1,_ZNSt6vectorIhSaIhEE6resizeEmh
FNDA:3,_ZNSt6vectorI2M4SaIS0_EE6resizeEmS0_
FNDA:22,_ZNKSt6vectorIhSaIhEE8capacityEv
FNDA:1250118,_ZNSt6vectorI8triangleSaIS0_EEixEm
FNDA:0,_ZNSt6vectorI13tMaterialInfoSaIS0_EEixEm
FNDA:0,_ZNSt6vectorI9t3DObjectSaIS0_EEixEm
FNDA:3180,_ZNSt6vectorIhSaIhEEixEm
FNDA:436113,_ZNSt6vectorI2M4SaIS0_EEixEm
FNDA:69451,_ZNSt6vectorI8triangleSaIS0_EE9push_backERKS0_
FNDA:1,_ZNSt6vectorIhSaIhEE6insertEN9__gnu_cxx17__normal_iteratorIPhS1_EEmRKh
FNDA:3,_ZNSt6vectorI2M4SaIS0_EE6insertEN9__gnu_cxx17__normal_iteratorIPS0_S2_EEmRKS0_
FNDA:0,_ZNSt6vectorIhSaIhEE20_M_allocate_and_copyIN9__gnu_cxx17__normal_iteratorIPKhS1_EEEEPhmT_S9_
FNDA:1,_ZNKSt6vectorIhSaIhEE12_M_check_lenEmPKc
FNDA:3,_ZNKSt6vectorI2M4SaIS0_EE12_M_check_lenEmPKc
FNDA:18,_ZNKSt6vectorI8triangleSaIS0_EE12_M_check_lenEmPKc
FNDA:0,_ZNSt6vectorIhSaIhEE15_M_erase_at_endEPh
FNDA:0,_ZNSt6vectorI2M4SaIS0_EE15_M_erase_at_endEPS0_
FNF:83
FNH:72
DA:79,105
DA:86,61
DA:87,61
DA:88,61
DA:90,44
DA:91,44
DA:92,44
DA:113,239
DA:114,239
DA:117,88
DA:118,88
DA:124,61
DA:125,61
DA:134,44
DA:135,44
DA:136,44
DA:159,105
DA:160,210
DA:161,315
DA:167,66
DA:170,66
DA:174,125
DA:177,125
DA:178,22
DA:179,125
DA:183,44
DA:185,44
DA:186,44
DA:187,44
DA:188,44
DA:253,61
DA:257,61
DA:318,44
DA:320,44
DA:321,44
DA:322,44
DA:324,44
DA:325,44
DA:423,105
DA:424,105
DA:425,210
DA:547,44
DA:548,44
DA:556,66
DA:557,66
DA:565,44
DA:566,44
DA:574,66
DA:575,66
DA:654,69636
DA:655,69636
DA:659,44
DA:660,44
DA:713,4
DA:715,4
DA:716,4
DA:717,0
DA:718,0
DA:719,4
DA:734,22
DA:736,22
DA:779,1689411
DA:780,1689411
DA:913,69451
DA:915,69451
DA:917,69433
DA:919,69433
DA:925,18
DA:927,69451
DA:1072,4
DA:1073,4
DA:1221,0
DA:1224,0
DA:1227,0
DA:1228,0
DA:1229,0
DA:1231,0
DA:1233,0
DA:1234,0
DA:1422,22
DA:1424,22
DA:1425,0
DA:1427,22
DA:1428,22
DA:1436,0
DA:1438,0
DA:1439,0
DA:1440,0
LF:88
LH:73
end_of_record
SF:/usr/include/c++/5/bits/vector.tcc
FN:167,_ZNSt6vectorIhSaIhEEaSERKS1_
FN:326,_ZNSt6vectorI8triangleSaIS0_EE13_M_insert_auxEN9__gnu_cxx17__normal_iteratorIPS0_S2_EERKS0_
FN:449,_ZNSt6vectorIhSaIhEE14_M_fill_insertEN9__gnu_cxx17__normal_iteratorIPhS1_EEmRKh
FN:449,_ZNSt6vectorI2M4SaIS0_EE14_M_fill_insertEN9__gnu_cxx17__normal_iteratorIPS0_S2_EEmRKS0_
FNDA:22,_ZNSt6vectorIhSaIhEEaSERKS1_
FNDA:18,_ZNSt6vectorI8triangleSaIS0_EE13_M_insert_auxEN9__gnu_cxx17__normal_iteratorIPS0_S2_EERKS0_
FNDA:1,_ZNSt6vectorIhSaIhEE14_M_fill_insertEN9__gnu_cxx17__normal_iteratorIPhS1_EEmRKh
FNDA:3,_ZNSt6vectorI2M4SaIS0_EE14_M_fill_insertEN9__gnu_cxx17__normal_iteratorIPS0_S2_EEmRKS0_
FNF:4
FNH:4
DA:167,22
DA:170,22
DA:191,22
DA:192,22
DA:194,0
DA:195,0
DA:196,0
DA:197,0
DA:198,0
DA:200,0
DA:201,0
DA:202,0
DA:204,22
DA:206,22
DA:207,22
DA:211,0
DA:213,0
DA:216,0
DA:218,22
DA:220,22
DA:326,18
DA:330,18
DA:332,0
DA:333,0
DA:335,0
DA:337,0
DA:339,0
DA:343,0
DA:351,18
DA:352,18
DA:353,18
DA:354,18
DA:361,18
DA:368,18
DA:370,18
DA:372,18
DA:373,18
DA:375,18
DA:377,18
DA:379,18
DA:380,18
DA:382,0
DA:384,0
DA:385,0
DA:388,0
DA:389,0
DA:390,0
DA:392,18
DA:393,18
DA:394,36
DA:396,36
DA:397,18
DA:398,18
DA:399,18
DA:401,18
DA:449,4
DA:452,4
DA:454,8
DA:455,8
DA:457,0
DA:458,0
DA:459,0
DA:460,0
DA:462,0
DA:465,0
DA:466,0
DA:467,0
DA:469,0
DA:474,0
DA:475,0
DA:478,0
DA:479,0
DA:481,0
DA:482,0
DA:483,0
DA:489,4
DA:490,4
DA:491,4
DA:492,4
DA:496,4
DA:498,4
DA:499,4
DA:501,4
DA:503,4
DA:504,4
DA:506,4
DA:508,4
DA:510,4
DA:511,4
DA:513,0
DA:515,0
DA:516,0
DA:517,0
DA:518,0
DA:520,0
DA:521,0
DA:522,0
DA:523,0
DA:525,4
DA:526,4
DA:527,8
DA:529,8
DA:530,4
DA:531,4
DA:532,4
DA:535,4
LF:106
LH:58
end_of_record
SF:/usr/include/c++/5/ext/alloc_traits.h
FN:181,_ZN9__gnu_cxx14__alloc_traitsISaISt13_Rb_tree_nodeISt4pairIKi9GLTextureEEEE8allocateERS7_m
FN:181,_ZN9__gnu_cxx14__alloc_traitsISaI2M4EE8allocateERS2_m
FN:181,_ZN9__gnu_cxx14__alloc_traitsISaI8triangleEE8allocateERS2_m
FN:181,_ZN9__gnu_cxx14__alloc_traitsISaIhEE8allocateERS1_m
FN:184,_ZN9__gnu_cxx14__alloc_traitsISaI9t3DObjectEE10deallocateERS2_PS1_m
FN:184,_ZN9__gnu_cxx14__alloc_traitsISaI2M4EE10deallocateERS2_PS1_m
FN:184,_ZN9__gnu_cxx14__alloc_traitsISaIhEE10deallocateERS1_Phm
FN:184,_ZN9__gnu_cxx14__alloc_traitsISaISt13_Rb_tree_nodeISt4pairIKi9GLTextureEEEE10deallocateERS7_PS6_m
FN:184,_ZN9__gnu_cxx14__alloc_traitsISaI8triangleEE10deallocateERS2_PS1_m
FN:184,_ZN9__gnu_cxx14__alloc_traitsISaI13tMaterialInfoEE10deallocateERS2_PS1_m
FN:188,_ZN9__gnu_cxx14__alloc_traitsISaI8triangleEE9constructIS1_EEvRS2_PS1_RKT_
FN:191,_ZN9__gnu_cxx14__alloc_traitsISaI8triangleEE7destroyERS2_PS1_
FN:194,_ZN9__gnu_cxx14__alloc_traitsISaIhEE8max_sizeERKS1_
FN:194,_ZN9__gnu_cxx14__alloc_traitsISaI2M4EE8max_sizeERKS2_
FN:194,_ZN9__gnu_cxx14__alloc_traitsISaI8triangleEE8max_sizeERKS2_
FN:197,_ZN9__gnu_cxx14__alloc_traitsISaIhEE17_S_select_on_copyERKS1_
FNDA:2,_ZN9__gnu_cxx14__alloc_traitsISaISt13_Rb_tree_nodeISt4pairIKi9GLTextureEEEE8allocateERS7_m
FNDA:3,_ZN9__gnu_cxx14__alloc_traitsISaI2M4EE8allocateERS2_m
FNDA:18,_ZN9__gnu_cxx14__alloc_traitsISaI8triangleEE8allocateERS2_m
FNDA:1,_ZN9__gnu_cxx14__alloc_traitsISaIhEE8allocateERS1_m
FNDA:2,_ZN9__gnu_cxx14__alloc_traitsISaISt13_Rb_tree_nodeISt4pairIKi9GLTextureEEEE10deallocateERS7_PS6_m
FNDA:3,_ZN9__gnu_cxx14__alloc_traitsISaI2M4EE10deallocateERS2_PS1_m
FNDA:0,_ZN9__gnu_cxx14__alloc_traitsISaI9t3DObjectEE10deallocateERS2_PS1_m
FNDA:0,_ZN9__gnu_cxx14__alloc_traitsISaI13tMaterialInfoEE10deallocateERS2_PS1_m
FNDA:18,_ZN9__gnu_cxx14__alloc_traitsISaI8triangleEE10deallocateERS2_PS1_m
FNDA:1,_ZN9__gnu_cxx14__alloc_traitsISaIhEE10deallocateERS1_Phm
FNDA:69451,_ZN9__gnu_cxx14__alloc_traitsISaI8triangleEE9constructIS1_EEvRS2_PS1_RKT_
FNDA:0,_ZN9__gnu_cxx14__alloc_traitsISaI8triangleEE7destroyERS2_PS1_
FNDA:2,_ZN9__gnu_cxx14__alloc_traitsISaIhEE8max_sizeERKS1_
FNDA:6,_ZN9__gnu_cxx14__alloc_traitsISaI2M4EE8max_sizeERKS2_
FNDA:36,_ZN9__gnu_cxx14__alloc_traitsISaI8triangleEE8max_sizeERKS2_
FNDA:44,_ZN9__gnu_cxx14__alloc_traitsISaIhEE17_S_select_on_copyERKS1_
FNF:16
FNH:13
DA:181,24
DA:182,24
DA:184,24
DA:185,24
DA:188,69451
DA:189,69451
DA:191,0
DA:192,0
DA:194,44
DA:195,44
DA:197,44
LF:11
LH:9
end_of_record
SF:/usr/include/c++/5/ext/new_allocator.h
FN:79,_ZN9__gnu_cxx13new_allocatorISt4pairIKi9GLTextureEEC2Ev
FN:79,_ZN9__gnu_cxx13new_allocatorI13tMaterialInfoEC2Ev
FN:79,_ZN9__gnu_cxx13new_allocatorIhEC2Ev
FN:79,_ZN9__gnu_cxx13new_allocatorI8triangleEC2Ev
FN:79,_ZN9__gnu_cxx13new_allocatorISt13_Rb_tree_nodeISt4pairIKi9GLTextureEEEC2Ev
FN:79,_ZN9__gnu_cxx13new_allocatorI2M4EC2Ev
FN:79,_ZN9__gnu_cxx13new_allocatorI9t3DObjectEC2Ev
FN:81,_ZN9__gnu_cxx13new_allocatorIhEC2ERKS1_
FN:86,_ZN9__gnu_cxx13new_allocatorI8triangleED2Ev
FN:86,_ZN9__gnu_cxx13new_allocatorI13tMaterialInfoED2Ev
FN:86,_ZN9__gnu_cxx13new_allocatorISt13_Rb_tree_nodeISt4pairIKi9GLTextureEEED2Ev
FN:86,_ZN9__gnu_cxx13new_allocatorISt4pairIKi9GLTextureEED2Ev
FN:86,_ZN9__gnu_cxx13new_allocatorIhED2Ev
FN:86,_ZN9__gnu_cxx13new_allocatorI2M4ED2Ev
FN:86,_ZN9__gnu_cxx13new_allocatorI9t3DObjectED2Ev
FN:99,_ZN9__gnu_cxx13new_allocatorISt13_Rb_tree_nodeISt4pairIKi9GLTextureEEE8allocateEmPKv
FN:99,_ZN9__gnu_cxx13new_allocatorIhE8allocateEmPKv
FN:99,_ZN9__gnu_cxx13new_allocatorI8triangleE8allocateEmPKv
FN:99,_ZN9__gnu_cxx13new_allocatorI2M4E8allocateEmPKv
FN:109,_ZN9__gnu_cxx13new_allocatorIhE10deallocateEPhm
FN:109,_ZN9__gnu_cxx13new_allocatorISt13_Rb_tree_nodeISt4pairIKi9GLTextureEEE10deallocateEPS6_m
FN:109,_ZN9__gnu_cxx13new_allocatorI2M4E10deallocateEPS1_m
FN:109,_ZN9__gnu_cxx13new_allocatorI9t3DObjectE10deallocateEPS1_m
FN:109,_ZN9__gnu_cxx13new_allocatorI8triangleE10deallocateEPS1_m
FN:109,_ZN9__gnu_cxx13new_allocatorI13tMaterialInfoE10deallocateEPS1_m
FN:113,_ZNK9__gnu_cxx13new_allocatorI8triangleE8max_sizeEv
FN:113,_ZNK9__gnu_cxx13new_allocatorI2M4E8max_sizeEv
FN:113,_ZNK9__gnu_cxx13new_allocatorIhE8max_sizeEv
FN:113,_ZNK9__gnu_cxx13new_allocatorISt13_Rb_tree_nodeISt4pairIKi9GLTextureEEE8max_sizeEv
FN:129,_ZN9__gnu_cxx13new_allocatorISt4pairIKi9GLTextureEE9constructEPS4_RKS4_
FN:129,_ZN9__gnu_cxx13new_allocatorI8triangleE9constructEPS1_RKS1_
FN:133,_ZN9__gnu_cxx13new_allocatorISt4pairIKi9GLTextureEE7destroyEPS4_
FN:133,_ZN9__gnu_cxx13new_allocatorI8triangleE7destroyEPS1_
FNDA:4,_ZN9__gnu_cxx13new_allocatorISt4pairIKi9GLTextureEEC2Ev
FNDA:1,_ZN9__gnu_cxx13new_allocatorI8triangleEC2Ev
FNDA:1,_ZN9__gnu_cxx13new_allocatorISt13_Rb_tree_nodeISt4pairIKi9GLTextureEEEC2Ev
FNDA:3,_ZN9__gnu_cxx13new_allocatorI2M4EC2Ev
FNDA:1,_ZN9__gnu_cxx13new_allocatorI9t3DObjectEC2Ev
FNDA:1,_ZN9__gnu_cxx13new_allocatorI13tMaterialInfoEC2Ev
FNDA:55,_ZN9__gnu_cxx13new_allocatorIhEC2Ev
FNDA:44,_ZN9__gnu_cxx13new_allocatorIhEC2ERKS1_
FNDA:4,_ZN9__gnu_cxx13new_allocatorISt4pairIKi9GLTextureEED2Ev
FNDA:1,_ZN9__gnu_cxx13new_allocatorI8triangleED2Ev
FNDA:3,_ZN9__gnu_cxx13new_allocatorI2M4ED2Ev
FNDA:1,_ZN9__gnu_cxx13new_allocatorI9t3DObjectED2Ev
FNDA:1,_ZN9__gnu_cxx13new_allocatorI13tMaterialInfoED2Ev
FNDA:99,_ZN9__gnu_cxx13new_allocatorIhED2Ev
FNDA:1,_ZN9__gnu_cxx13new_allocatorISt13_Rb_tree_nodeISt4pairIKi9GLTextureEEED2Ev
FNDA:2,_ZN9__gnu_cxx13new_allocatorISt13_Rb_tree_nodeISt4pairIKi9GLTextureEEE8allocateEmPKv
FNDA:3,_ZN9__gnu_cxx13new_allocatorI2M4E8allocateEmPKv
FNDA:18,_ZN9__gnu_cxx13new_allocatorI8triangleE8allocateEmPKv
FNDA:1,_ZN9__gnu_cxx13new_allocatorIhE8allocateEmPKv
FNDA:2,_ZN9__gnu_cxx13new_allocatorISt13_Rb_tree_nodeISt4pairIKi9GLTextureEEE10deallocateEPS6_m
FNDA:3,_ZN9__gnu_cxx13new_allocatorI2M4E10deallocateEPS1_m
FNDA:0,_ZN9__gnu_cxx13new_allocatorI9t3DObjectE10deallocateEPS1_m
FNDA:0,_ZN9__gnu_cxx13new_allocatorI13tMaterialInfoE10deallocateEPS1_m
FNDA:18,_ZN9__gnu_cxx13new_allocatorI8triangleE10deallocateEPS1_m
FNDA:1,_ZN9__gnu_cxx13new_allocatorIhE10deallocateEPhm
FNDA:2,_ZNK9__gnu_cxx13new_allocatorISt13_Rb_tree_nodeISt4pairIKi9GLTextureEEE8max_sizeEv
FNDA:9,_ZNK9__gnu_cxx13new_allocatorI2M4E8max_sizeEv
FNDA:54,_ZNK9__gnu_cxx13new_allocatorI8triangleE8max_sizeEv
FNDA:3,_ZNK9__gnu_cxx13new_allocatorIhE8max_sizeEv
FNDA:2,_ZN9__gnu_cxx13new_allocatorISt4pairIKi9GLTextureEE9constructEPS4_RKS4_
FNDA:69451,_ZN9__gnu_cxx13new_allocatorI8triangleE9constructEPS1_RKS1_
FNDA:2,_ZN9__gnu_cxx13new_allocatorISt4pairIKi9GLTextureEE7destroyEPS4_
FNDA:0,_ZN9__gnu_cxx13new_allocatorI8triangleE7destroyEPS1_
FNF:33
FNH:30
DA:79,66
DA:81,44
DA:86,110
DA:99,24
DA:101,24
DA:102,0
DA:104,24
DA:109,24
DA:110,24
DA:113,68
DA:114,68
DA:129,69453
DA:130,69453
DA:133,2
LF:14
LH:13
end_of_record
SF:/usr/include/c++/5/iostream
DA:74,1
LF:1
LH:1
end_of_record
SF:/usr/include/c++/5/new
FN:129,_ZnwmPv
FN:135,_ZdlPvS_
FNDA:0,_ZnwmPv
FNDA:0,_ZdlPvS_
FNF:2
FNH:0
DA:129,0
DA:130,0
DA:135,0
LF:3
LH:0
end_of_record
SF:/data/tzwang/graphics/ReduceGL/DevR3/3DS.h
FN:66,_ZN8t3DModelC2Ev
FN:66,_ZN8t3DModelD2Ev
FNDA:1,_ZN8t3DModelD2Ev
FNDA:1,_ZN8t3DModelC2Ev
FNF:2
FNH:2
DA:66,2
LF:1
LH:1
end_of_record
SF:/data/tzwang/graphics/ReduceGL/DevR3/c24bitmap.h
FN:475,_ZN9C24BitMapC2Ev
FN:485,_ZN9C24BitMapD2Ev
FN:490,_ZN9C24BitMap7FormatFEii
FN:507,_ZN9C24BitMap4SaveEPc
FN:516,_ZN9C24BitMap4LoadEPc
FN:543,_Z13get_pix_colorR9C24BitMapii
FNDA:2,_ZN9C24BitMapC2Ev
FNDA:2,_ZN9C24BitMapD2Ev
FNDA:1,_ZN9C24BitMap7FormatFEii
FNDA:1,_ZN9C24BitMap4SaveEPc
FNDA:1,_ZN9C24BitMap4LoadEPc
FNDA:2560000,_Z13get_pix_colorR9C24BitMapii
FNF:6
FNH:6
DA:475,2
DA:477,2
DA:478,2
DA:479,2
DA:480,2
DA:481,2
DA:482,2
DA:483,2
DA:485,4
DA:487,2
DA:488,2
DA:490,1
DA:496,1
DA:498,1
DA:499,1
DA:500,1
DA:501,1
DA:502,1
DA:503,1
DA:504,1
DA:505,1
DA:507,1
DA:509,1
DA:510,1
DA:511,1
DA:512,1
DA:513,1
DA:514,1
DA:516,1
DA:518,1
DA:521,1
DA:523,1
DA:524,1
DA:528,1
DA:529,1
DA:531,1
DA:533,0
DA:534,0
DA:536,1
DA:537,1
DA:538,1
DA:539,1
DA:540,1
DA:543,2560000
DA:544,2560000
DA:546,2560000
DA:547,2560000
DA:554,2560000
LF:48
LH:46
end_of_record
SF:/data/tzwang/graphics/ReduceGL/DevR3/gl.h
FN:218,_ZN9GLSpecBuf8calc_bufEf
FN:292,_ZN7GLImageD2Ev
FN:292,_ZN7GLImageaSERKS_
FN:292,_ZN7GLImageC2Ev
FN:292,_ZN7GLImageC2ERKS_
FN:301,_ZN9GLTextureaSERKS_
FN:301,_ZN9GLTextureD2Ev
FN:301,_ZN9GLTextureC2ERKS_
FN:303,_ZN9GLTextureC2Ev
FN:314,_Z14gl_get_contextv
FN:320,_Z7gl_freePv
FN:325,_Z9gl_malloci
FN:350,_ZN11MatrixStackD2Ev
FN:350,_ZN11MatrixStackC2Ev
FN:375,_ZN11MatrixStack18get_current_matrixEv
FN:380,_ZN11MatrixStack14set_stack_sizeEi
FN:387,_ZN9GLContextC2Ev
FN:387,_ZN9GLContextD2Ev
FN:494,_ZN9GLContext14glLoadIdentityEv
FN:501,_ZN9GLContext14glInitTexturesEPS_
FN:509,_ZN9GLContext12glMatrixModeEi
FN:515,_ZN9GLContext6glInitEii
FN:655,_ZN9GLContext12find_textureEPS_i
FN:672,_ZN9GLContext10glViewportEiiii
FN:715,_ZN9GLContext16glXSaveRenderImgEPc
FN:747,_ZN9GLContext18specbuf_get_bufferEPS_if
FN:852,_Z21gl_draw_triangle_fillP9GLContextP8GLVertexS2_S2_
FN:866,_ZN12GraphDrawLib11InitDrawLibEii
FN:891,_Z18__gluMakeIdentityfPf
FN:906,_Z9normalizePf
FN:918,_Z5crossPfS_S_
FN:925,_ZN12GraphDrawLib9gluLookAtEddddddddd
FN:972,_ZN12GraphDrawLib7glCloseEv
FN:998,_ZN12GraphDrawLib16gl_matrix_updateEP9GLContext
FN:1003,_ZN12GraphDrawLib16gl_eval_viewportEP9GLContext
FN:1020,_ZN12GraphDrawLib10glVertex4fEffff
FN:1110,_ZN12GraphDrawLib10glVertex3fEfff
FN:1115,_ZN12GraphDrawLib11glVertex3fvEPf
FN:1122,_ZN12GraphDrawLib10glNormal3fEfff
FN:1135,_ZN12GraphDrawLib9glColor4fEffff
FN:1165,_ZN12GraphDrawLib9glColor3fEfff
FN:1173,_ZN12GraphDrawLib12glTexCoord4fEffff
FN:1182,_ZN12GraphDrawLib12glTexCoord2fEff
FN:1189,_ZN12GraphDrawLib16GL_EnableDisableEP9GLContextP7GLParam
FN:1225,_ZN12GraphDrawLib8glEnableEi
FN:1236,_ZN12GraphDrawLib9glDisableEi
FN:1248,_ZN12GraphDrawLib7glBeginEi
FN:1283,_ZN12GraphDrawLib5glEndEv
FN:1300,_ZN12GraphDrawLib12glMatrixModeEi
FN:1306,_ZN12GraphDrawLib14glLoadIdentityEv
FN:1313,_ZN12GraphDrawLib13glMultMatrixfEPKf
FN:1420,_ZN12GraphDrawLib12glTranslatefEfff
FN:1438,_ZN12GraphDrawLib8glScalefEfff
FN:1454,_ZN12GraphDrawLib10glViewportEiiii
FN:1499,_ZN12GraphDrawLib9glFrustumEdddddd
FN:1526,_ZN12GraphDrawLib14gluPerspectiveEdddd
FN:1542,_ZN12GraphDrawLib12glMaterialfvEiiPf
FN:1594,_ZN12GraphDrawLib11glMaterialfEiif
FN:1665,_ZN12GraphDrawLib9glLightfvEiiPf
FN:1748,_ZN12GraphDrawLib12glTexImage2DEiiiiiiiiPv
FN:1794,_ZN12GraphDrawLib13glBindTextureEii
FN:1822,_ZL11gl_clipcodeffff
FN:1835,_Z24gl_transform_to_viewportP9GLContextP8GLVertex
FN:1874,_Z19gl_vertex_transformP9GLContextP8GLVertex
FN:1930,_Z9clip_xminP2V4S0_S0_
FN:1948,_Z9clip_xmaxP2V4S0_S0_
FN:1965,_Z9clip_yminP2V4S0_S0_
FN:1982,_Z9clip_ymaxP2V4S0_S0_
FN:1997,_Z9clip_zminP2V4S0_S0_
FN:2011,_Z9clip_zmaxP2V4S0_S0_
FN:2035,_Z9updateTmpP9GLContextP8GLVertexS2_S2_f
FN:2061,_ZN12GraphDrawLib21gl_draw_triangle_clipEP9GLContextP8GLVertexS3_S3_i
FN:2144,_ZN12GraphDrawLib16gl_draw_triangleEP9GLContextP8GLVertexS3_S3_
FN:2198,_Z12glopMaterialP9GLContextP7GLParam
FN:2254,_ZL6clampffff
FN:2261,_ZN12GraphDrawLib23gl_enable_disable_lightEP9GLContextii
FN:2278,_ZN12GraphDrawLib15gl_shade_vertexEP9GLContextP8GLVertex
FN:2402,_ZN12GraphDrawLib27gl_resizeImageNoInterpolateEPhiiS0_ii
FN:2438,_ZN12GraphDrawLib13glGenTexturesEiPj
FNDA:1,_ZN9GLSpecBuf8calc_bufEf
FNDA:44,_ZN7GLImageC2ERKS_
FNDA:22,_ZN7GLImageaSERKS_
FNDA:99,_ZN7GLImageD2Ev
FNDA:55,_ZN7GLImageC2Ev
FNDA:4,_ZN9GLTextureC2ERKS_
FNDA:2,_ZN9GLTextureaSERKS_
FNDA:9,_ZN9GLTextureD2Ev
FNDA:5,_ZN9GLTextureC2Ev
FNDA:445658,_Z14gl_get_contextv
FNDA:1,_Z7gl_freePv
FNDA:5,_Z9gl_malloci
FNDA:3,_ZN11MatrixStackD2Ev
FNDA:3,_ZN11MatrixStackC2Ev
FNDA:436113,_ZN11MatrixStack18get_current_matrixEv
FNDA:3,_ZN11MatrixStack14set_stack_sizeEi
FNDA:1,_ZN9GLContextD2Ev
FNDA:1,_ZN9GLContextC2Ev
FNDA:3,_ZN9GLContext14glLoadIdentityEv
FNDA:1,_ZN9GLContext14glInitTexturesEPS_
FNDA:3,_ZN9GLContext12glMatrixModeEi
FNDA:1,_ZN9GLContext6glInitEii
FNDA:3,_ZN9GLContext12find_textureEPS_i
FNDA:1,_ZN9GLContext10glViewportEiiii
FNDA:1,_ZN9GLContext16glXSaveRenderImgEPc
FNDA:387060,_ZN9GLContext18specbuf_get_bufferEPS_if
FNDA:67559,_Z21gl_draw_triangle_fillP9GLContextP8GLVertexS2_S2_
FNDA:1,_ZN12GraphDrawLib11InitDrawLibEii
FNDA:1,_Z18__gluMakeIdentityfPf
FNDA:2,_Z9normalizePf
FNDA:2,_Z5crossPfS_S_
FNDA:1,_ZN12GraphDrawLib9gluLookAtEddddddddd
FNDA:1,_ZN12GraphDrawLib7glCloseEv
FNDA:11,_ZN12GraphDrawLib16gl_matrix_updateEP9GLContext
FNDA:1,_ZN12GraphDrawLib16gl_eval_viewportEP9GLContext
FNDA:218046,_ZN12GraphDrawLib10glVertex4fEffff
FNDA:217914,_ZN12GraphDrawLib10glVertex3fEfff
FNDA:132,_ZN12GraphDrawLib11glVertex3fvEPf
FNDA:217911,_ZN12GraphDrawLib10glNormal3fEfff
FNDA:1,_ZN12GraphDrawLib9glColor4fEffff
FNDA:1,_ZN12GraphDrawLib9glColor3fEfff
FNDA:9558,_ZN12GraphDrawLib12glTexCoord4fEffff
FNDA:9558,_ZN12GraphDrawLib12glTexCoord2fEff
FNDA:13,_ZN12GraphDrawLib16GL_EnableDisableEP9GLContextP7GLParam
FNDA:12,_ZN12GraphDrawLib8glEnableEi
FNDA:1,_ZN12GraphDrawLib9glDisableEi
FNDA:36,_ZN12GraphDrawLib7glBeginEi
FNDA:36,_ZN12GraphDrawLib5glEndEv
FNDA:5,_ZN12GraphDrawLib12glMatrixModeEi
FNDA:5,_ZN12GraphDrawLib14glLoadIdentityEv
FNDA:1,_ZN12GraphDrawLib13glMultMatrixfEPKf
FNDA:1,_ZN12GraphDrawLib12glTranslatefEfff
FNDA:1,_ZN12GraphDrawLib8glScalefEfff
FNDA:2,_ZN12GraphDrawLib10glViewportEiiii
FNDA:3,_ZN12GraphDrawLib9glFrustumEdddddd
FNDA:3,_ZN12GraphDrawLib14gluPerspectiveEdddd
FNDA:12,_ZN12GraphDrawLib12glMaterialfvEiiPf
FNDA:4,_ZN12GraphDrawLib11glMaterialfEiif
FNDA:6,_ZN12GraphDrawLib9glLightfvEiiPf
FNDA:1,_ZN12GraphDrawLib12glTexImage2DEiiiiiiiiPv
FNDA:2,_ZN12GraphDrawLib13glBindTextureEii
FNDA:218360,_ZL11gl_clipcodeffff
FNDA:218138,_Z24gl_transform_to_viewportP9GLContextP8GLVertex
FNDA:218046,_Z19gl_vertex_transformP9GLContextP8GLVertex
FNDA:72,_Z9clip_xminP2V4S0_S0_
FNDA:138,_Z9clip_xmaxP2V4S0_S0_
FNDA:40,_Z9clip_yminP2V4S0_S0_
FNDA:64,_Z9clip_ymaxP2V4S0_S0_
FNDA:0,_Z9clip_zminP2V4S0_S0_
FNDA:0,_Z9clip_zmaxP2V4S0_S0_
FNDA:314,_Z9updateTmpP9GLContextP8GLVertexS2_S2_f
FNDA:270,_ZN12GraphDrawLib21gl_draw_triangle_clipEP9GLContextP8GLVertexS3_S3_i
FNDA:72816,_ZN12GraphDrawLib16gl_draw_triangleEP9GLContextP8GLVertexS3_S3_
FNDA:18,_Z12glopMaterialP9GLContextP7GLParam
FNDA:872184,_ZL6clampffff
FNDA:5,_ZN12GraphDrawLib23gl_enable_disable_lightEP9GLContextii
FNDA:218046,_ZN12GraphDrawLib15gl_shade_vertexEP9GLContextP8GLVertex
FNDA:1,_ZN12GraphDrawLib27gl_resizeImageNoInterpolateEPhiiS0_ii
FNDA:1,_ZN12GraphDrawLib13glGenTexturesEiPj
FNF:79
FNH:77
DA:218,1
DA:220,1
DA:223,1
DA:224,1
DA:225,1026
DA:226,1025
DA:227,1025
DA:229,1
DA:292,220
DA:301,15
DA:303,5
DA:314,445658
DA:316,445658
DA:320,1
DA:322,1
DA:323,1
DA:325,5
DA:327,5
DA:328,5
DA:329,5
DA:350,6
DA:375,436113
DA:377,436113
DA:380,3
DA:382,3
DA:383,3
DA:384,3
DA:387,2
DA:494,3
DA:496,3
DA:497,3
DA:498,3
DA:500,3
DA:501,1
DA:505,1
DA:506,1
DA:507,1
DA:509,3
DA:511,3
DA:512,3
DA:513,3
DA:515,1
DA:523,1
DA:525,1
DA:529,1
DA:530,1
DA:533,1
DA:534,1
DA:535,1
DA:536,1
DA:537,1
DA:538,1
DA:543,17
DA:544,16
DA:545,16
DA:546,16
DA:547,16
DA:548,16
DA:549,16
DA:550,16
DA:551,16
DA:552,16
DA:553,16
DA:554,16
DA:555,16
DA:556,16
DA:557,16
DA:559,1
DA:560,1
DA:561,1
DA:562,1
DA:563,1
DA:566,3
DA:567,2
DA:568,2
DA:569,2
DA:570,2
DA:571,2
DA:572,2
DA:574,1
DA:575,1
DA:576,1
DA:579,1
DA:582,1
DA:583,1
DA:584,1
DA:585,1
DA:586,1
DA:587,1
DA:588,1
DA:590,1
DA:591,1
DA:592,1
DA:593,1
DA:595,1
DA:597,1
DA:598,1
DA:599,1
DA:600,1
DA:602,1
DA:603,1
DA:605,1
DA:606,1
DA:607,1
DA:608,1
DA:611,1
DA:612,1
DA:613,1
DA:614,1
DA:615,1
DA:620,1
DA:622,1
DA:623,1
DA:624,1
DA:628,1
DA:629,1
DA:630,1
DA:632,1
DA:633,1
DA:634,1
DA:635,1
DA:636,1
DA:637,1
DA:639,1
DA:644,1
DA:647,1
DA:648,1
DA:649,1
DA:652,1
DA:653,1
DA:655,3
DA:657,3
DA:658,6
DA:661,3
DA:662,1
DA:665,2
DA:666,2
DA:668,6
DA:672,1
DA:674,1
DA:680,1
DA:681,1
DA:682,1
DA:686,2
DA:687,2
DA:688,1
DA:689,0
DA:691,1
DA:692,1
DA:694,1
DA:695,0
DA:696,0
DA:699,1
DA:700,1
DA:701,1
DA:702,0
DA:707,1
DA:708,1
DA:709,1
DA:710,1
DA:712,1
DA:714,1
DA:715,1
DA:719,1
DA:722,2
DA:723,1
DA:724,1
DA:725,1601
DA:727,1600
DA:728,1600
DA:729,2561600
DA:731,2560000
DA:733,2560000
DA:734,2560000
DA:735,2560000
DA:738,1
DA:742,1
DA:747,387060
DA:751,387060
DA:752,387060
DA:753,0
DA:754,0
DA:756,0
DA:758,387060
DA:759,387059
DA:760,387059
DA:762,1
DA:764,1
DA:765,1
DA:766,0
DA:768,1
DA:769,1
DA:770,1
DA:771,1
DA:772,1
DA:773,1
DA:774,1
DA:778,0
DA:779,0
DA:780,0
DA:781,0
DA:852,67559
DA:857,67559
DA:859,3179
DA:860,3179
DA:861,64380
DA:862,64380
DA:864,67559
DA:866,1
DA:870,1
DA:873,1
DA:874,1
DA:877,1
DA:878,1
DA:879,1
DA:880,1
DA:881,1
DA:882,1
DA:884,1
DA:886,1
DA:887,1
DA:889,1
DA:891,1
DA:893,1
DA:894,1
DA:895,1
DA:896,1
DA:897,1
DA:906,2
DA:910,2
DA:911,2
DA:913,2
DA:914,2
DA:915,2
DA:918,2
DA:920,2
DA:921,2
DA:922,2
DA:923,2
DA:925,1
DA:933,1
DA:934,1
DA:935,1
DA:937,1
DA:938,1
DA:939,1
DA:941,1
DA:944,1
DA:945,1
DA:948,1
DA:950,1
DA:951,1
DA:952,1
DA:953,1
DA:955,1
DA:956,1
DA:957,1
DA:959,1
DA:960,1
DA:961,1
DA:963,1
DA:964,1
DA:965,1
DA:972,1
DA:974,1
DA:976,1
DA:998,11
DA:1000,11
DA:1001,11
DA:1003,1
DA:1006,1
DA:1007,1
DA:1009,1
DA:1011,1
DA:1012,1
DA:1013,1
DA:1015,1
DA:1016,1
DA:1017,1
DA:1018,1
DA:1020,218046
DA:1022,218046
DA:1027,218046
DA:1029,218046
DA:1030,218046
DA:1031,218046
DA:1032,218046
DA:1035,218046
DA:1037,0
DA:1038,0
DA:1039,0
DA:1040,0
DA:1042,0
DA:1043,0
DA:1044,0
DA:1047,218046
DA:1048,218046
DA:1050,218046
DA:1051,218046
DA:1052,218046
DA:1053,218046
DA:1055,218046
DA:1059,218046
DA:1060,218046
DA:1062,0
DA:1067,218046
DA:1068,9558
DA:1069,0
DA:1071,9558
DA:1075,218046
DA:1076,217968
DA:1080,218046
DA:1082,218046
DA:1086,217914
DA:1087,72638
DA:1088,72638
DA:1090,217914
DA:1093,0
DA:1094,0
DA:1095,0
DA:1096,0
DA:1097,0
DA:1098,0
DA:1099,0
DA:1101,0
DA:1105,218046
DA:1107,218046
DA:1110,217914
DA:1112,217914
DA:1113,217914
DA:1115,132
DA:1117,132
DA:1118,132
DA:1122,217911
DA:1124,217911
DA:1125,217911
DA:1126,217911
DA:1127,217911
DA:1128,217911
DA:1129,217911
DA:1135,1
DA:1137,1
DA:1139,1
DA:1140,1
DA:1141,1
DA:1142,1
DA:1143,1
DA:1144,1
DA:1145,1
DA:1146,1
DA:1147,1
DA:1148,1
DA:1150,1
DA:1153,1
DA:1154,1
DA:1155,1
DA:1156,1
DA:1157,1
DA:1158,1
DA:1159,1
DA:1161,1
DA:1165,1
DA:1167,1
DA:1168,1
DA:1173,9558
DA:1175,9558
DA:1176,9558
DA:1177,9558
DA:1178,9558
DA:1179,9558
DA:1180,9558
DA:1182,9558
DA:1184,9558
DA:1185,9558
DA:1189,13
DA:1191,13
DA:1192,13
DA:1194,13
DA:1196,0
DA:1197,0
DA:1199,2
DA:1200,2
DA:1202,2
DA:1203,2
DA:1205,3
DA:1206,3
DA:1208,0
DA:1209,0
DA:1211,1
DA:1212,1
DA:1215,5
DA:1216,5
DA:1218,5
DA:1220,13
DA:1225,12
DA:1229,12
DA:1231,12
DA:1232,12
DA:1234,12
DA:1236,1
DA:1240,1
DA:1242,1
DA:1243,1
DA:1244,1
DA:1248,36
DA:1250,36
DA:1252,36
DA:1254,36
DA:1256,36
DA:1257,36
DA:1258,36
DA:1259,36
DA:1260,36
DA:1262,36
DA:1264,2
DA:1266,2
DA:1267,2
DA:1271,2
DA:1273,2
DA:1276,36
DA:1277,1
DA:1278,1
DA:1281,36
DA:1283,36
DA:1285,36
DA:1286,36
DA:1288,36
DA:1289,33
DA:1290,165
DA:1291,66
DA:1292,66
DA:1295,36
DA:1296,36
DA:1300,5
DA:1302,5
DA:1303,5
DA:1304,5
DA:1306,5
DA:1308,5
DA:1309,5
DA:1310,5
DA:1311,5
DA:1313,1
DA:1315,1
DA:1316,1
DA:1317,1
DA:1318,1
DA:1328,1
DA:1330,1
DA:1331,1
DA:1420,1
DA:1422,1
DA:1425,1
DA:1427,1
DA:1428,1
DA:1429,1
DA:1430,1
DA:1432,1
DA:1435,1
DA:1436,1
DA:1438,1
DA:1440,1
DA:1442,1
DA:1444,1
DA:1445,1
DA:1446,1
DA:1447,1
DA:1448,1
DA:1450,1
DA:1451,1
DA:1454,2
DA:1456,2
DA:1462,2
DA:1463,2
DA:1464,2
DA:1468,4
DA:1469,4
DA:1470,4
DA:1471,2
DA:1473,0
DA:1474,0
DA:1476,0
DA:1477,0
DA:1478,0
DA:1481,0
DA:1482,0
DA:1483,0
DA:1484,0
DA:1489,0
DA:1490,0
DA:1491,0
DA:1492,0
DA:1494,0
DA:1496,2
DA:1499,3
DA:1502,3
DA:1504,3
DA:1508,3
DA:1509,3
DA:1510,3
DA:1511,3
DA:1512,3
DA:1513,3
DA:1515,3
DA:1516,3
DA:1517,3
DA:1518,3
DA:1519,3
DA:1521,3
DA:1523,3
DA:1524,3
DA:1526,3
DA:1531,3
DA:1532,3
DA:1534,3
DA:1535,3
DA:1537,3
DA:1538,3
DA:1542,12
DA:1544,12
DA:1546,12
DA:1547,12
DA:1548,12
DA:1549,12
DA:1552,12
DA:1554,12
DA:1558,12
DA:1559,12
DA:1560,12
DA:1561,12
DA:1563,12
DA:1564,0
DA:1566,12
DA:1568,12
DA:1570,0
DA:1571,0
DA:1573,4
DA:1574,4
DA:1576,4
DA:1577,4
DA:1579,4
DA:1580,4
DA:1582,0
DA:1583,0
DA:1584,0
DA:1586,0
DA:1587,0
DA:1588,0
DA:1590,0
DA:1592,12
DA:1594,4
DA:1596,4
DA:1601,4
DA:1602,4
DA:1603,4
DA:1604,4
DA:1608,4
DA:1609,4
DA:1610,4
DA:1611,4
DA:1617,4
DA:1618,4
DA:1619,4
DA:1620,4
DA:1622,4
DA:1623,4
DA:1625,4
DA:1627,0
DA:1628,0
DA:1629,0
DA:1631,0
DA:1632,0
DA:1633,0
DA:1635,0
DA:1636,0
DA:1637,0
DA:1639,0
DA:1640,0
DA:1641,0
DA:1643,4
DA:1644,4
DA:1645,4
DA:1647,0
DA:1648,0
DA:1649,0
DA:1650,0
DA:1651,0
DA:1653,0
DA:1655,4
DA:1665,6
DA:1666,6
DA:1671,6
DA:1672,6
DA:1674,6
DA:1681,6
DA:1683,6
DA:1685,6
DA:1687,6
DA:1689,0
DA:1690,0
DA:1692,0
DA:1693,0
DA:1695,0
DA:1696,0
DA:1700,3
DA:1702,3
DA:1704,3
DA:1705,0
DA:1706,0
DA:1707,0
DA:1709,0
DA:1712,3
DA:1714,12
DA:1715,9
DA:1716,9
DA:1718,3
DA:1719,3
DA:1721,0
DA:1722,0
DA:1725,0
DA:1726,0
DA:1727,0
DA:1728,0
DA:1730,0
DA:1732,0
DA:1733,0
DA:1735,0
DA:1736,0
DA:1738,0
DA:1739,0
DA:1741,0
DA:1743,6
DA:1748,1
DA:1752,1
DA:1759,1
DA:1760,1
DA:1761,1
DA:1762,0
DA:1765,1
DA:1766,1
DA:1767,1
DA:1769,1
DA:1770,1
DA:1771,1
DA:1772,1
DA:1774,0
DA:1777,1
DA:1778,1
DA:1779,1
DA:1783,1
DA:1785,1
DA:1787,1
DA:1788,1
DA:1794,2
DA:1796,2
DA:1800,2
DA:1802,2
DA:1803,2
DA:1804,2
DA:1822,218360
DA:1826,218360
DA:1827,436720
DA:1828,436720
DA:1829,436720
DA:1830,436720
DA:1831,218360
DA:1832,218360
DA:1835,218138
DA:1840,218138
DA:1841,218138
DA:1842,218138
DA:1843,218138
DA:1844,218138
DA:1845,218138
DA:1846,218138
DA:1848,218138
DA:1849,218138
DA:1850,218138
DA:1851,218138
DA:1852,218138
DA:1853,218138
DA:1854,218138
DA:1857,0
DA:1858,0
DA:1859,0
DA:1864,218138
DA:1865,9558
DA:1866,9558
DA:1867,9558
DA:1868,9558
DA:1870,218138
DA:1874,218046
DA:1882,218046
DA:1883,436092
DA:1884,436092
DA:1885,436092
DA:1886,436092
DA:1887,436092
DA:1888,436092
DA:1889,436092
DA:1890,436092
DA:1894,218046
DA:1895,436092
DA:1896,436092
DA:1897,436092
DA:1898,436092
DA:1899,436092
DA:1900,436092
DA:1901,436092
DA:1902,436092
DA:1904,218046
DA:1905,218046
DA:1907,218046
DA:1908,218046
DA:1909,218046
DA:1911,218046
DA:1912,0
DA:1916,218046
DA:1917,218046
DA:1930,72
DA:1932,72
DA:1933,72
DA:1934,72
DA:1935,72
DA:1936,72
DA:1937,72
DA:1938,0
DA:1940,72
DA:1941,72
DA:1942,72
DA:1943,72
DA:1944,72
DA:1945,72
DA:1948,138
DA:1949,138
DA:1950,138
DA:1951,138
DA:1952,138
DA:1953,138
DA:1954,138
DA:1955,0
DA:1957,138
DA:1958,138
DA:1959,138
DA:1960,138
DA:1961,138
DA:1962,138
DA:1965,40
DA:1966,40
DA:1967,40
DA:1968,40
DA:1969,40
DA:1970,40
DA:1971,40
DA:1972,0
DA:1974,40
DA:1975,40
DA:1976,40
DA:1977,40
DA:1978,40
DA:1979,40
DA:1982,64
DA:1983,64
DA:1984,64
DA:1985,64
DA:1986,64
DA:1987,64
DA:1988,64
DA:1989,64
DA:1990,64
DA:1991,64
DA:1992,64
DA:1993,64
DA:1994,64
DA:1997,0
DA:1998,0
DA:1999,0
DA:2000,0
DA:2001,0
DA:2002,0
DA:2003,0
DA:2004,0
DA:2005,0
DA:2006,0
DA:2007,0
DA:2008,0
DA:2009,0
DA:2011,0
DA:2012,0
DA:2013,0
DA:2014,0
DA:2015,0
DA:2016,0
DA:2017,0
DA:2018,0
DA:2019,0
DA:2020,0
DA:2021,0
DA:2022,0
DA:2023,0
DA:2035,314
DA:2038,314
DA:2039,314
DA:2040,314
DA:2041,314
DA:2043,0
DA:2044,0
DA:2045,0
DA:2048,314
DA:2049,0
DA:2050,0
DA:2053,314
DA:2054,314
DA:2055,170
DA:2056,314
DA:2061,270
DA:2068,270
DA:2069,270
DA:2070,270
DA:2072,270
DA:2073,270
DA:2074,112
DA:2076,158
DA:2078,159
DA:2081,263
DA:2082,53
DA:2086,157
DA:2093,0
DA:2096,157
DA:2097,157
DA:2099,157
DA:2102,59
DA:2103,19
DA:2104,18
DA:2106,59
DA:2107,59
DA:2109,59
DA:2110,59
DA:2112,59
DA:2113,59
DA:2114,59
DA:2115,59
DA:2117,59
DA:2118,59
DA:2119,59
DA:2120,59
DA:2124,98
DA:2125,58
DA:2126,30
DA:2128,98
DA:2129,98
DA:2131,98
DA:2132,98
DA:2134,98
DA:2135,98
DA:2136,98
DA:2144,72816
DA:2150,72816
DA:2151,72816
DA:2152,72816
DA:2154,72816
DA:2157,72816
DA:2159,72750
DA:2160,72750
DA:2162,77941
DA:2164,67559
DA:2165,67559
DA:2168,67559
DA:2170,0
DA:2171,0
DA:2172,0
DA:2173,0
DA:2174,0
DA:2175,0
DA:2177,0
DA:2181,67559
DA:2182,34303
DA:2184,33256
DA:2188,66
DA:2189,66
DA:2190,54
DA:2198,18
DA:2200,18
DA:2201,18
DA:2204,18
DA:2205,18
DA:2206,18
DA:2207,18
DA:2208,18
DA:2213,18
DA:2214,1
DA:2215,1
DA:2216,1
DA:2218,18
DA:2219,1
DA:2221,18
DA:2223,0
DA:2224,0
DA:2225,0
DA:2227,20
DA:2228,16
DA:2229,4
DA:2231,20
DA:2232,16
DA:2233,4
DA:2235,20
DA:2236,16
DA:2237,4
DA:2239,4
DA:2240,4
DA:2241,4
DA:2243,10
DA:2244,8
DA:2245,10
DA:2246,8
DA:2247,2
DA:2249,0
DA:2251,18
DA:2254,872184
DA:2256,872184
DA:2257,872184
DA:2258,861693
DA:2261,5
DA:2263,5
DA:2264,5
DA:2265,4
DA:2266,4
DA:2267,4
DA:2268,4
DA:2269,1
DA:2270,0
DA:2271,0
DA:2272,0
DA:2273,0
DA:2275,5
DA:2278,218046
DA:2285,218046
DA:2287,218046
DA:2289,218046
DA:2290,218046
DA:2291,218046
DA:2293,218046
DA:2294,218046
DA:2295,218046
DA:2296,218046
DA:2298,1061556
DA:2302,843510
DA:2303,843510
DA:2304,843510
DA:2306,843510
DA:2308,218046
DA:2309,218046
DA:2310,218046
DA:2311,218046
DA:2314,625464
DA:2315,625464
DA:2316,625464
DA:2317,625464
DA:2318,625464
DA:2319,625464
DA:2320,625464
DA:2321,625464
DA:2322,625464
DA:2324,1250928
DA:2325,1250928
DA:2327,843510
DA:2328,843510
DA:2329,843510
DA:2331,418596
DA:2332,418596
DA:2333,418596
DA:2336,418596
DA:2337,0
DA:2338,0
DA:2339,0
DA:2340,0
DA:2341,0
DA:2343,0
DA:2346,0
DA:2347,0
DA:2354,418596
DA:2356,0
DA:2357,0
DA:2358,0
DA:2359,0
DA:2360,0
DA:2361,0
DA:2362,0
DA:2364,418596
DA:2365,418596
DA:2366,418596
DA:2368,418596
DA:2369,418596
DA:2370,418596
DA:2373,387060
DA:2374,387060
DA:2375,387060
DA:2381,387060
DA:2382,387060
DA:2383,387060
DA:2384,387060
DA:2385,387060
DA:2386,387060
DA:2387,387060
DA:2391,843510
DA:2392,843510
DA:2393,843510
DA:2396,218046
DA:2397,218046
DA:2398,218046
DA:2399,218046
DA:2400,218046
DA:2402,1
DA:2411,1
DA:2412,1
DA:2414,1
DA:2415,1
DA:2417,1
DA:2418,257
DA:2419,256
DA:2420,65792
DA:2421,65536
DA:2422,65536
DA:2423,65536
DA:2425,65536
DA:2426,65536
DA:2427,65536
DA:2429,65536
DA:2430,65536
DA:2432,256
DA:2434,1
DA:2438,1
DA:2440,1
DA:2442,1
DA:2443,2
DA:2444,1
DA:2446,1
LF:1037
LH:867
end_of_record
SF:/data/tzwang/graphics/ReduceGL/DevR3/main.cpp
FN:30,_Z13CreateTexturePjPci
FN:50,_Z11RenderScenev
FN:124,_Z7reshapeii
FN:147,_Z4initv
FN:184,_Z11drawPolygonPA3_f
FN:197,_Z12SurfSetColorfff
FN:220,_Z15StlShape_RenderRSt6vectorI8triangleSaIS0_EE
FN:252,_Z14Test_TRIANGLESv
FN:286,_Z9SetCamerav
FN:301,main
FN:425,_Z41__static_initialization_and_destruction_0ii
FN:425,_GLOBAL__sub_I__Z13glXMakeDrawOkii
FNDA:1,_Z13CreateTexturePjPci
FNDA:1,_Z11RenderScenev
FNDA:2,_Z7reshapeii
FNDA:1,_Z4initv
FNDA:33,_Z11drawPolygonPA3_f
FNDA:4,_Z12SurfSetColorfff
FNDA:1,_Z15StlShape_RenderRSt6vectorI8triangleSaIS0_EE
FNDA:1,_Z14Test_TRIANGLESv
FNDA:1,_Z9SetCamerav
FNDA:1,main
FNDA:1,_GLOBAL__sub_I__Z13glXMakeDrawOkii
FNDA:1,_Z41__static_initialization_and_destruction_0ii
FNF:12
FNH:12
DA:17,1
DA:18,1
DA:25,1
DA:27,1
DA:30,1
DA:33,1
DA:34,0
DA:36,1
DA:39,1
DA:41,1
DA:44,1
DA:46,2
DA:50,1
DA:62,2
DA:65,1
DA:68,1
DA:71,1
DA:74,1
DA:75,1
DA:76,1
DA:77,1
DA:81,0
DA:82,0
DA:85,1
DA:87,3187
DA:90,12744
DA:93,9558
DA:96,9558
DA:99,9558
DA:102,9558
DA:103,9558
DA:107,0
DA:109,0
DA:110,0
DA:113,9558
DA:117,1
DA:121,1
DA:124,2
DA:126,2
DA:128,0
DA:131,2
DA:133,2
DA:134,2
DA:135,2
DA:137,2
DA:138,2
DA:139,2
DA:147,1
DA:150,1
DA:153,2
DA:156,1
DA:159,1
DA:163,1
DA:166,1
DA:167,1
DA:168,1
DA:170,1
DA:184,33
DA:187,33
DA:188,33
DA:190,165
DA:191,132
DA:192,33
DA:194,33
DA:197,4
DA:206,4
DA:208,4
DA:210,4
DA:211,4
DA:212,4
DA:213,4
DA:214,4
DA:216,4
DA:218,4
DA:220,1
DA:227,1
DA:228,69452
DA:231,277804
DA:234,208353
DA:236,416706
DA:237,208353
DA:238,416706
DA:247,1
DA:250,1
DA:252,1
DA:258,1
DA:268,1
DA:270,1
DA:272,1
DA:282,1
DA:285,1
DA:286,1
DA:288,1
DA:289,1
DA:291,1
DA:293,1
DA:294,1
DA:295,1
DA:296,1
DA:298,1
DA:301,1
DA:303,1
DA:304,1
DA:312,1
DA:313,1
DA:316,1
DA:325,1
DA:326,1
DA:328,1
DA:330,1
DA:331,1
DA:332,1
DA:333,1
DA:334,1
DA:335,1
DA:336,1
DA:337,1
DA:338,1
DA:339,1
DA:344,1
DA:346,1
DA:347,1
DA:348,1
DA:349,1
DA:350,1
DA:351,1
DA:352,1
DA:354,1
DA:355,1
DA:358,1
DA:361,1
DA:362,1
DA:363,1
DA:364,1
DA:365,1
DA:366,1
DA:367,1
DA:369,1
DA:370,1
DA:373,1
DA:378,2
DA:380,2
DA:381,1
DA:383,1
DA:384,1
DA:385,1
DA:386,1
DA:387,11
DA:389,10
DA:393,10
DA:395,1
DA:396,1
DA:397,11
DA:399,10
DA:403,10
DA:405,1
DA:406,1
DA:408,11
DA:410,10
DA:414,10
DA:416,1
DA:417,1
DA:419,1
DA:422,1
DA:423,1
DA:424,1
DA:425,3
LF:167
LH:160
end_of_record
SF:/data/tzwang/graphics/ReduceGL/DevR3/readstl.h
FN:28,_Z7Add3DPt5vec3dS_
FN:37,_ZplRK5vec3dS1_
FN:55,_Z20read_binary_STL_fileNSt7__cxx1112basic_stringIcSt11char_traitsIcESaIcEEERSt6vectorI8triangleSaIS6_EERdSA_SA_SA_SA_SA_
FNDA:0,_Z7Add3DPt5vec3dS_
FNDA:0,_ZplRK5vec3dS1_
FNDA:1,_Z20read_binary_STL_fileNSt7__cxx1112basic_stringIcSt11char_traitsIcESaIcEEERSt6vectorI8triangleSaIS6_EERdSA_SA_SA_SA_SA_
FNF:3
FNH:1
DA:28,0
DA:31,0
DA:32,0
DA:33,0
DA:34,0
DA:37,0
DA:39,0
DA:55,1
DA:59,2
DA:62,2
DA:67,1
DA:71,1
DA:73,0
DA:74,0
DA:78,1
DA:82,1
DA:92,1
DA:93,1
DA:94,1
DA:99,69452
DA:102,69451
DA:103,69451
DA:104,69451
DA:107,69451
DA:108,69451
DA:109,69451
DA:112,69451
DA:113,69451
DA:114,69451
DA:117,69451
DA:118,69451
DA:119,69451
DA:122,69451
DA:125,69451
DA:126,69451
DA:127,69451
DA:128,69451
DA:129,69451
DA:130,69451
DA:133,69451
DA:134,69451
DA:135,69451
DA:136,69451
DA:137,69451
DA:138,69451
DA:141,69451
DA:142,69451
DA:143,69451
DA:144,69451
DA:145,69451
DA:146,69451
DA:149,69451
DA:153,1
DA:155,1
LF:54
LH:45
end_of_record
SF:/data/tzwang/graphics/ReduceGL/DevR3/x11imp.h
FN:25,_Z13glXMakeDrawOkii
FN:36,_Z7ui_loopiPPcPKc
FNDA:1,_Z13glXMakeDrawOkii
FNDA:1,_Z7ui_loopiPPcPKc
FNF:2
FNH:2
DA:25,1
DA:29,1
DA:36,1
DA:40,1
DA:42,1
DA:44,1
DA:45,1
DA:47,1
LF:8
LH:8
end_of_record
SF:/data/tzwang/graphics/ReduceGL/DevR3/zbuffer.h
FN:76,_ZN7ZBuffer7ZB_openEiiiiPhPiPv
FN:135,_ZN7ZBuffer13ZB_setTextureEPh
FN:153,_Z10PUT_PIXELKiRdS_PhPdRjS2_S2_RiS3_S3_S3_
FN:171,_Z21ZB_fillTriangleSmoothP7ZBufferP12ZBufferPointS2_S2_
FN:424,_Z13PUT_PIXEL_TEXiPhRdS0_S_PdRjS2_RiS3_S3_
FN:444,_Z33ZB_fillTriangleMappingPerspectiveP7ZBufferP12ZBufferPointS2_S2_
FNDA:1,_ZN7ZBuffer7ZB_openEiiiiPhPiPv
FNDA:3179,_ZN7ZBuffer13ZB_setTextureEPh
FNDA:906484,_Z10PUT_PIXELKiRdS_PhPdRjS2_S2_RiS3_S3_S3_
FNDA:64380,_Z21ZB_fillTriangleSmoothP7ZBufferP12ZBufferPointS2_S2_
FNDA:149778,_Z13PUT_PIXEL_TEXiPhRdS0_S_PdRjS2_RiS3_S3_
FNDA:3179,_Z33ZB_fillTriangleMappingPerspectiveP7ZBufferP12ZBufferPointS2_S2_
FNF:6
FNH:6
DA:76,1
DA:82,1
DA:87,1
DA:88,0
DA:90,1
DA:91,1
DA:92,1
DA:93,1
DA:96,1
DA:99,1
DA:101,1
DA:102,1
DA:103,0
DA:105,1
DA:106,1
DA:107,1
DA:108,0
DA:109,0
DA:111,1
DA:113,0
DA:114,0
DA:117,1
DA:119,1
DA:121,0
DA:122,0
DA:135,3179
DA:137,3179
DA:138,3179
DA:153,906484
DA:158,906484
DA:159,906484
DA:160,655975
DA:161,655975
DA:162,655975
DA:163,655975
DA:165,906484
DA:166,906484
DA:167,906484
DA:168,906484
DA:169,906484
DA:171,64380
DA:200,64380
DA:201,28349
DA:202,28349
DA:203,28349
DA:205,64380
DA:206,18436
DA:207,18436
DA:208,18436
DA:209,18436
DA:210,45944
DA:211,17785
DA:212,17785
DA:213,17785
DA:218,64380
DA:219,64380
DA:221,64380
DA:222,64380
DA:224,64380
DA:225,64380
DA:226,0
DA:227,64380
DA:229,64380
DA:230,64380
DA:231,64380
DA:232,64380
DA:235,64380
DA:236,64380
DA:237,64380
DA:238,64380
DA:240,64380
DA:241,64380
DA:242,64380
DA:243,64380
DA:245,64380
DA:246,64380
DA:247,64380
DA:248,64380
DA:250,64380
DA:251,64380
DA:252,64380
DA:253,64380
DA:258,64380
DA:259,64380
DA:263,193140
DA:264,128760
DA:265,64380
DA:266,31598
DA:267,31598
DA:268,31598
DA:269,31598
DA:270,31598
DA:271,31598
DA:273,32782
DA:274,32782
DA:275,32782
DA:276,32782
DA:277,32782
DA:278,32782
DA:280,64380
DA:283,64380
DA:284,31598
DA:285,31598
DA:286,31598
DA:287,31598
DA:289,32782
DA:290,32782
DA:291,32782
DA:292,32782
DA:294,64380
DA:299,128760
DA:300,97162
DA:301,97162
DA:302,97162
DA:303,76390
DA:305,20772
DA:306,97162
DA:307,97162
DA:308,97162
DA:309,97162
DA:310,97162
DA:312,97162
DA:313,97162
DA:314,97162
DA:316,97162
DA:317,97162
DA:318,97162
DA:320,97162
DA:321,97162
DA:322,97162
DA:324,97162
DA:325,97162
DA:326,97162
DA:333,128760
DA:334,95978
DA:335,95978
DA:336,95978
DA:337,76426
DA:339,19552
DA:340,95978
DA:345,744032
DA:346,307636
DA:356,307636
DA:357,307636
DA:359,307636
DA:360,307636
DA:362,307636
DA:363,307636
DA:364,307636
DA:367,2120604
DA:368,906484
DA:370,906484
DA:372,906484
DA:373,906484
DA:377,307636
DA:378,307636
DA:379,107707
DA:380,107707
DA:382,107707
DA:384,107707
DA:385,107707
DA:386,107707
DA:390,199929
DA:392,199929
DA:394,199929
DA:395,199929
DA:396,199929
DA:402,307636
DA:405,307636
DA:406,307636
DA:424,149778
DA:430,149778
DA:431,149778
DA:432,145398
DA:433,145398
DA:434,145398
DA:435,145398
DA:436,145398
DA:438,149778
DA:439,149778
DA:440,149778
DA:441,149778
DA:444,3179
DA:489,3179
DA:490,1349
DA:491,1349
DA:492,1349
DA:494,3179
DA:495,1533
DA:496,1533
DA:497,1533
DA:498,1533
DA:499,1646
DA:500,86
DA:501,86
DA:502,86
DA:507,3179
DA:508,3179
DA:510,3179
DA:511,3179
DA:513,3179
DA:514,3179
DA:515,0
DA:516,3179
DA:518,3179
DA:519,3179
DA:520,3179
DA:521,3179
DA:524,3179
DA:525,3179
DA:526,3179
DA:527,3179
DA:535,3179
DA:536,3179
DA:537,3179
DA:538,3179
DA:539,3179
DA:540,3179
DA:541,3179
DA:542,3179
DA:543,3179
DA:545,3179
DA:546,3179
DA:547,3179
DA:548,3179
DA:550,3179
DA:551,3179
DA:552,3179
DA:553,3179
DA:558,3179
DA:559,3179
DA:564,3179
DA:565,3179
DA:566,3179
DA:567,3179
DA:568,3179
DA:573,9537
DA:574,6358
DA:575,3179
DA:576,1377
DA:577,1377
DA:578,1377
DA:579,1377
DA:580,1377
DA:581,1377
DA:583,1802
DA:584,1802
DA:585,1802
DA:586,1802
DA:587,1802
DA:588,1802
DA:590,3179
DA:593,3179
DA:594,1377
DA:595,1377
DA:596,1377
DA:597,1377
DA:599,1802
DA:600,1802
DA:601,1802
DA:602,1802
DA:604,3179
DA:609,6358
DA:610,4981
DA:611,4981
DA:612,4981
DA:613,4499
DA:615,482
DA:616,4981
DA:617,4981
DA:618,4981
DA:619,4981
DA:620,4981
DA:623,4981
DA:624,4981
DA:625,4981
DA:629,4981
DA:630,4981
DA:631,4981
DA:633,4981
DA:634,4981
DA:635,4981
DA:641,6358
DA:642,4556
DA:643,4556
DA:644,4556
DA:645,4518
DA:647,38
DA:648,4556
DA:653,73468
DA:654,33555
DA:663,33555
DA:664,33555
DA:665,33555
DA:666,33555
DA:667,33555
DA:668,33555
DA:669,33555
DA:670,33555
DA:671,48037
DA:674,7241
DA:675,7241
DA:676,7241
DA:677,7241
DA:678,7241
DA:679,7241
DA:680,7241
DA:681,7241
DA:683,7241
DA:684,7241
DA:685,7241
DA:686,7241
DA:687,7241
DA:688,7241
DA:689,7241
DA:690,7241
DA:691,7241
DA:692,7241
DA:693,7241
DA:694,7241
DA:695,7241
DA:699,33555
DA:700,33555
DA:701,33555
DA:702,33555
DA:703,33555
DA:704,33555
DA:706,217255
DA:707,91850
DA:708,91850
DA:709,91850
DA:710,91850
DA:715,33555
DA:716,33555
DA:717,16799
DA:718,16799
DA:720,16799
DA:724,16799
DA:725,16799
DA:728,16756
DA:730,16756
DA:734,16756
DA:735,16756
DA:740,33555
DA:743,33555
DA:744,33555
LF:346
LH:336
end_of_record
SF:/data/tzwang/graphics/ReduceGL/DevR3/zmath.h
FN:33,_ZN2M4C2Ev
FN:56,_Z10gl_V3_NormP2V3
FN:67,_Z9gl_V3_Newfff
FN:76,_Z9gl_V4_Newffff
FN:91,_ZN2M48gl_M4_IdEPS_
FN:99,_ZN2M410gl_M4_IsIdEPS_
FN:124,_ZN2M413gl_M4_MulLeftEPS_S0_
FN:157,_ZN2M411gl_M4_MulV4EP2V4PS_S1_
FN:166,_ZN2M415gl_M4_TransposeEPS_S0_
FN:207,_Z10Matrix_InvPfS_i
FN:267,_ZN2M49gl_M4_InvEPS_S0_
FNDA:55,_ZN2M4C2Ev
FNDA:3,_Z10gl_V3_NormP2V3
FNDA:48,_Z9gl_V3_Newfff
FNDA:73,_Z9gl_V4_Newffff
FNDA:8,_ZN2M48gl_M4_IdEPS_
FNDA:2,_ZN2M410gl_M4_IsIdEPS_
FNDA:6,_ZN2M413gl_M4_MulLeftEPS_S0_
FNDA:3,_ZN2M411gl_M4_MulV4EP2V4PS_S1_
FNDA:3,_ZN2M415gl_M4_TransposeEPS_S0_
FNDA:2,_Z10Matrix_InvPfS_i
FNDA:2,_ZN2M49gl_M4_InvEPS_S0_
FNF:11
FNH:11
DA:33,55
DA:56,3
DA:59,3
DA:60,3
DA:61,3
DA:62,3
DA:63,3
DA:64,3
DA:67,48
DA:70,48
DA:71,48
DA:72,48
DA:73,48
DA:76,73
DA:79,73
DA:80,73
DA:81,73
DA:82,73
DA:83,73
DA:91,8
DA:94,40
DA:95,160
DA:96,128
DA:97,8
DA:99,2
DA:102,10
DA:103,40
DA:104,32
DA:105,8
DA:106,24
DA:108,2
DA:124,6
DA:128,6
DA:132,6
DA:134,30
DA:135,120
DA:136,96
DA:137,96
DA:138,96
DA:140,6
DA:157,3
DA:159,3
DA:160,3
DA:161,3
DA:162,3
DA:163,3
DA:166,3
DA:168,3
DA:169,3
DA:170,3
DA:171,3
DA:173,3
DA:174,3
DA:175,3
DA:176,3
DA:178,3
DA:179,3
DA:180,3
DA:181,3
DA:183,3
DA:184,3
DA:185,3
DA:186,3
DA:187,3
DA:207,2
DA:213,2
DA:214,2
DA:216,10
DA:219,8
DA:220,8
DA:221,20
DA:222,12
DA:223,0
DA:224,0
DA:228,8
DA:232,8
DA:233,0
DA:234,0
DA:235,0
DA:236,0
DA:238,0
DA:239,0
DA:240,0
DA:245,8
DA:246,40
DA:247,32
DA:248,32
DA:252,40
DA:253,24
DA:254,120
DA:255,96
DA:256,96
DA:261,2
DA:267,2
DA:269,2
DA:270,2
DA:272,2
DA:273,2
LF:98
LH:89
end_of_record
